Using pre-set license
Built from '2021.3/staging' branch; Version is '2021.3.21f1 (1b156197d683) revision 1774945'; Using compiler version '192829333'; Build Type 'Release'
OS: 'Windows 11  (10.0.22621) 64bit Core' Language: 'es' Physical Memory: 32528 MB
BatchMode: 1, IsHumanControllingUs: 0, StartBugReporterOnCrash: 0, Is64bit: 1, IsPro: 1

COMMAND LINE ARGUMENTS:
C:\Program Files\Unity\Hub\Editor\2021.3.21f1\Editor\Unity.exe
-adb2
-batchMode
-noUpm
-name
AssetImportWorker16
-projectPath
C:/Users/joelm/OneDrive/Documentos/GitHub/inverted_pacman/Client_Unity
-logFile
Logs/AssetImportWorker16.log
-srvPort
50074
Successfully changed project path to: C:/Users/joelm/OneDrive/Documentos/GitHub/inverted_pacman/Client_Unity
C:/Users/joelm/OneDrive/Documentos/GitHub/inverted_pacman/Client_Unity
[UnityMemory] Configuration Parameters - Can be set up in boot.config
    "memorysetup-bucket-allocator-granularity=16"
    "memorysetup-bucket-allocator-bucket-count=8"
    "memorysetup-bucket-allocator-block-size=33554432"
    "memorysetup-bucket-allocator-block-count=8"
    "memorysetup-main-allocator-block-size=16777216"
    "memorysetup-thread-allocator-block-size=16777216"
    "memorysetup-gfx-main-allocator-block-size=16777216"
    "memorysetup-gfx-thread-allocator-block-size=16777216"
    "memorysetup-cache-allocator-block-size=4194304"
    "memorysetup-typetree-allocator-block-size=2097152"
    "memorysetup-profiler-bucket-allocator-granularity=16"
    "memorysetup-profiler-bucket-allocator-bucket-count=8"
    "memorysetup-profiler-bucket-allocator-block-size=33554432"
    "memorysetup-profiler-bucket-allocator-block-count=8"
    "memorysetup-profiler-allocator-block-size=16777216"
    "memorysetup-profiler-editor-allocator-block-size=1048576"
    "memorysetup-temp-allocator-size-main=16777216"
    "memorysetup-job-temp-allocator-block-size=2097152"
    "memorysetup-job-temp-allocator-block-size-background=1048576"
    "memorysetup-job-temp-allocator-reduction-small-platforms=262144"
    "memorysetup-temp-allocator-size-background-worker=32768"
    "memorysetup-temp-allocator-size-job-worker=262144"
    "memorysetup-temp-allocator-size-preload-manager=33554432"
    "memorysetup-temp-allocator-size-nav-mesh-worker=65536"
    "memorysetup-temp-allocator-size-audio-worker=65536"
    "memorysetup-temp-allocator-size-cloud-worker=32768"
    "memorysetup-temp-allocator-size-gi-baking-worker=262144"
    "memorysetup-temp-allocator-size-gfx=262144"
Player connection [6940] Host "[IP] 192.168.56.1 [Port] 0 [Flags] 2 [Guid] 4068044750 [EditorId] 4068044750 [Version] 1048832 [Id] WindowsEditor(7,MSI) [Debug] 1 [PackageName] WindowsEditor [ProjectName] Editor" joined multi-casting on [225.0.0.222:54997]...

Player connection [6940] Host "[IP] 192.168.56.1 [Port] 0 [Flags] 2 [Guid] 4068044750 [EditorId] 4068044750 [Version] 1048832 [Id] WindowsEditor(7,MSI) [Debug] 1 [PackageName] WindowsEditor [ProjectName] Editor" joined alternative multi-casting on [225.0.0.222:34997]...

Refreshing native plugins compatible for Editor in 171.98 ms, found 4 plugins.
Preloading 0 native plugins for Editor in 0.00 ms.
Initialize engine version: 2021.3.21f1 (1b156197d683)
[Subsystems] Discovering subsystems at path C:/Program Files/Unity/Hub/Editor/2021.3.21f1/Editor/Data/Resources/UnitySubsystems
[Subsystems] Discovering subsystems at path C:/Users/joelm/OneDrive/Documentos/GitHub/inverted_pacman/Client_Unity/Assets
GfxDevice: creating device client; threaded=0; jobified=0
Direct3D:
    Version:  Direct3D 11.0 [level 11.1]
    Renderer: NVIDIA GeForce RTX 3070 Laptop GPU (ID=0x249d)
    Vendor:   NVIDIA
    VRAM:     8044 MB
    Driver:   30.0.14.9717
Initialize mono
Mono path[0] = 'C:/Program Files/Unity/Hub/Editor/2021.3.21f1/Editor/Data/Managed'
Mono path[1] = 'C:/Program Files/Unity/Hub/Editor/2021.3.21f1/Editor/Data/MonoBleedingEdge/lib/mono/unityjit-win32'
Mono config path = 'C:/Program Files/Unity/Hub/Editor/2021.3.21f1/Editor/Data/MonoBleedingEdge/etc'
Using monoOptions --debugger-agent=transport=dt_socket,embedding=1,server=y,suspend=n,address=127.0.0.1:56508
Begin MonoManager ReloadAssembly
Registering precompiled unity dll's ...
Register platform support module: C:/Program Files/Unity/Hub/Editor/2021.3.21f1/Editor/Data/PlaybackEngines/WindowsStandaloneSupport/UnityEditor.WindowsStandalone.Extensions.dll
Register platform support module: C:/Program Files/Unity/Hub/Editor/2021.3.21f1/Editor/Data/PlaybackEngines/LinuxStandaloneSupport/UnityEditor.LinuxStandalone.Extensions.dll
Registered in 0.006390 seconds.
Native extension for LinuxStandalone target not found
Native extension for WindowsStandalone target not found
Refreshing native plugins compatible for Editor in 124.10 ms, found 4 plugins.
Preloading 0 native plugins for Editor in 0.00 ms.
Mono: successfully reloaded assembly
- Completed reload, in  0.755 seconds
Domain Reload Profiling:
	ReloadAssembly (755ms)
		BeginReloadAssembly (89ms)
			ExecutionOrderSort (0ms)
			DisableScriptedObjects (0ms)
			BackupInstance (0ms)
			ReleaseScriptingObjects (0ms)
			CreateAndSetChildDomain (1ms)
		EndReloadAssembly (553ms)
			LoadAssemblies (87ms)
			RebuildTransferFunctionScriptingTraits (0ms)
			SetupTypeCache (118ms)
			ReleaseScriptCaches (0ms)
			RebuildScriptCaches (31ms)
			SetupLoadedEditorAssemblies (346ms)
				LogAssemblyErrors (0ms)
				InitializePlatformSupportModulesInManaged (11ms)
				SetLoadedEditorAssemblies (0ms)
				RefreshPlugins (124ms)
				BeforeProcessingInitializeOnLoad (1ms)
				ProcessInitializeOnLoadAttributes (158ms)
				ProcessInitializeOnLoadMethodAttributes (52ms)
				AfterProcessingInitializeOnLoad (0ms)
				EditorAssembliesLoaded (0ms)
			ExecutionOrderSort2 (0ms)
			AwakeInstancesAfterBackupRestoration (0ms)
Platform modules already initialized, skipping
Registering precompiled user dll's ...
Registered in 0.009003 seconds.
Begin MonoManager ReloadAssembly
Symbol file LoadedFromMemory doesn't match image C:\Users\joelm\OneDrive\Documentos\GitHub\inverted_pacman\Client_Unity\Library\PackageCache\com.unity.visualscripting@1.8.0\Editor\VisualScripting.Core\Dependencies\YamlDotNet\Unity.VisualScripting.YamlDotNet.dll
Symbol file LoadedFromMemory doesn't match image C:\Users\joelm\OneDrive\Documentos\GitHub\inverted_pacman\Client_Unity\Library\PackageCache\com.unity.visualscripting@1.8.0\Editor\VisualScripting.Core\Dependencies\DotNetZip\Unity.VisualScripting.IonicZip.dll
Native extension for LinuxStandalone target not found
Native extension for WindowsStandalone target not found
Refreshing native plugins compatible for Editor in 131.91 ms, found 4 plugins.
Preloading 0 native plugins for Editor in 0.00 ms.
Mono: successfully reloaded assembly
- Completed reload, in  1.465 seconds
Domain Reload Profiling:
	ReloadAssembly (1466ms)
		BeginReloadAssembly (137ms)
			ExecutionOrderSort (0ms)
			DisableScriptedObjects (7ms)
			BackupInstance (0ms)
			ReleaseScriptingObjects (0ms)
			CreateAndSetChildDomain (20ms)
		EndReloadAssembly (1198ms)
			LoadAssemblies (110ms)
			RebuildTransferFunctionScriptingTraits (0ms)
			SetupTypeCache (298ms)
			ReleaseScriptCaches (1ms)
			RebuildScriptCaches (66ms)
			SetupLoadedEditorAssemblies (683ms)
				LogAssemblyErrors (0ms)
				InitializePlatformSupportModulesInManaged (8ms)
				SetLoadedEditorAssemblies (0ms)
				RefreshPlugins (132ms)
				BeforeProcessingInitializeOnLoad (121ms)
				ProcessInitializeOnLoadAttributes (374ms)
				ProcessInitializeOnLoadMethodAttributes (40ms)
				AfterProcessingInitializeOnLoad (7ms)
				EditorAssembliesLoaded (0ms)
			ExecutionOrderSort2 (0ms)
			AwakeInstancesAfterBackupRestoration (8ms)
Platform modules already initialized, skipping
========================================================================
Worker process is ready to serve import requests
Launched and connected shader compiler UnityShaderCompiler.exe after 0.05 seconds
Refreshing native plugins compatible for Editor in 0.89 ms, found 4 plugins.
Preloading 0 native plugins for Editor in 0.00 ms.
Unloading 4143 Unused Serialized files (Serialized files now loaded: 0)
Unloading 44 unused Assets / (228.9 KB). Loaded Objects now: 4600.
Memory consumption went from 160.4 MB to 160.1 MB.
Total: 3.895700 ms (FindLiveObjects: 0.339100 ms CreateObjectMapping: 0.348000 ms MarkObjects: 3.047600 ms  DeleteObjects: 0.160300 ms)

AssetImportParameters requested are different than current active one (requested -> active):
  custom:video-decoder-ogg-theora: a1e56fd34408186e4bbccfd4996cb3dc -> 
  custom:container-muxer-webm: aa71ff27fc2769a1b78a27578f13a17b -> 
  custom:container-demuxer-webm: 4f35f7cbe854078d1ac9338744f61a02 -> 
  custom:video-encoder-webm-vp8: eb34c28f22e8b96e1ab97ce403110664 -> 
  custom:audio-encoder-webm-vorbis: bf7c407c2cedff20999df2af8eb42d56 -> 
  custom:framework-win-MediaFoundation: 216162199b28c13a410421893ffa2e32 -> 
  custom:container-demuxer-ogg: 62fdf1f143b41e24485cea50d1cbac27 -> 
  custom:video-decoder-webm-vp8: 9c59270c3fd7afecdb556c50c9e8de78 -> 
  custom:audio-decoder-ogg-vorbis: bf7c407c2cedff20999df2af8eb42d56 -> 
========================================================================
Received Import Request.
  Time since last request: 7588.038043 seconds.
  path: Assets/Tiles/Ground/jawbreaker_tiles_1.asset
  artifactKey: Guid(38c515ef7b2db694b9f4bd4495c95468) Importer(815301076,1909f56bfc062723c751e8b465ee728b)
Start importing Assets/Tiles/Ground/jawbreaker_tiles_1.asset using Guid(38c515ef7b2db694b9f4bd4495c95468) Importer(815301076,1909f56bfc062723c751e8b465ee728b)  -> (artifact id: '503bbd1bd8801aeea1f30a6e5a21b2a5') in 0.158927 seconds 
========================================================================
Received Import Request.
  Time since last request: 0.000056 seconds.
  path: Assets/Tiles/Ground/jawbreaker_tiles_2.asset
  artifactKey: Guid(33cab6373b35156459e8c68af33e4ce9) Importer(815301076,1909f56bfc062723c751e8b465ee728b)
Start importing Assets/Tiles/Ground/jawbreaker_tiles_2.asset using Guid(33cab6373b35156459e8c68af33e4ce9) Importer(815301076,1909f56bfc062723c751e8b465ee728b)  -> (artifact id: 'c043adbe5f203153daeb2cb83b19c06d') in 0.024745 seconds 
========================================================================
Received Import Request.
  Time since last request: 0.000040 seconds.
  path: Assets/Tiles/Ground/jawbreaker_tiles_14.asset
  artifactKey: Guid(e83b6d9b6b398c3489bdbde66c282853) Importer(815301076,1909f56bfc062723c751e8b465ee728b)
Start importing Assets/Tiles/Ground/jawbreaker_tiles_14.asset using Guid(e83b6d9b6b398c3489bdbde66c282853) Importer(815301076,1909f56bfc062723c751e8b465ee728b)  -> (artifact id: '75f005fbd9a87cb3123634858c0af65d') in 0.018213 seconds 
========================================================================
Received Import Request.
  Time since last request: 0.000032 seconds.
  path: Assets/Tiles/Ground/jawbreaker_tiles_13.asset
  artifactKey: Guid(ae8def2c30b1c82469236f249aa5ed30) Importer(815301076,1909f56bfc062723c751e8b465ee728b)
Start importing Assets/Tiles/Ground/jawbreaker_tiles_13.asset using Guid(ae8def2c30b1c82469236f249aa5ed30) Importer(815301076,1909f56bfc062723c751e8b465ee728b)  -> (artifact id: 'dc497bc05e95c69854c571008a973bea') in 0.018900 seconds 
========================================================================
Received Import Request.
  Time since last request: 0.000024 seconds.
  path: Assets/Tiles/Ground/jawbreaker_tiles_6.asset
  artifactKey: Guid(c1ba4c0d78b25f34c85937b54197e347) Importer(815301076,1909f56bfc062723c751e8b465ee728b)
Start importing Assets/Tiles/Ground/jawbreaker_tiles_6.asset using Guid(c1ba4c0d78b25f34c85937b54197e347) Importer(815301076,1909f56bfc062723c751e8b465ee728b)  -> (artifact id: '8c20bd9316fe44cc3e48b8532fe80867') in 0.020587 seconds 
========================================================================
Received Import Request.
  Time since last request: 0.000031 seconds.
  path: Assets/Tiles/Ground/jawbreaker_tiles_23.asset
  artifactKey: Guid(6d8a53e59f5debb419401561254f954c) Importer(815301076,1909f56bfc062723c751e8b465ee728b)
Start importing Assets/Tiles/Ground/jawbreaker_tiles_23.asset using Guid(6d8a53e59f5debb419401561254f954c) Importer(815301076,1909f56bfc062723c751e8b465ee728b)  -> (artifact id: '07260f25bc2c07d7583e842ea431f50e') in 0.021997 seconds 
========================================================================
Received Import Request.
  Time since last request: 0.000043 seconds.
  path: Assets/Tiles/Ground/jawbreaker_tiles_12.asset
  artifactKey: Guid(e837c1f2ad37a784092a98f40b36dfbc) Importer(815301076,1909f56bfc062723c751e8b465ee728b)
Start importing Assets/Tiles/Ground/jawbreaker_tiles_12.asset using Guid(e837c1f2ad37a784092a98f40b36dfbc) Importer(815301076,1909f56bfc062723c751e8b465ee728b)  -> (artifact id: '9c3021a0d9d7aa8a82f77f4301db53a4') in 0.022309 seconds 
========================================================================
Received Import Request.
  Time since last request: 0.000034 seconds.
  path: Assets/Tiles/Ground/jawbreaker_tiles_29.asset
  artifactKey: Guid(3f7d0472b4e44b14babf4cdc5a4b88bc) Importer(815301076,1909f56bfc062723c751e8b465ee728b)
Start importing Assets/Tiles/Ground/jawbreaker_tiles_29.asset using Guid(3f7d0472b4e44b14babf4cdc5a4b88bc) Importer(815301076,1909f56bfc062723c751e8b465ee728b)  -> (artifact id: '5e2c94a682f4d86a9103f7eb40f213ad') in 0.018157 seconds 
========================================================================
Received Import Request.
  Time since last request: 0.000029 seconds.
  path: Assets/Tiles/Ground/jawbreaker_tiles_7.asset
  artifactKey: Guid(291519fd53d7d7e41b85ac73fe916217) Importer(815301076,1909f56bfc062723c751e8b465ee728b)
Start importing Assets/Tiles/Ground/jawbreaker_tiles_7.asset using Guid(291519fd53d7d7e41b85ac73fe916217) Importer(815301076,1909f56bfc062723c751e8b465ee728b)  -> (artifact id: '6214d373742debe28becf1dcb9a4704a') in 0.020390 seconds 
========================================================================
Received Import Request.
  Time since last request: 0.000024 seconds.
  path: Assets/Tiles/Ground/jawbreaker_tiles_17.asset
  artifactKey: Guid(cf75bf65ea20bac40ab48960067ce3a6) Importer(815301076,1909f56bfc062723c751e8b465ee728b)
Start importing Assets/Tiles/Ground/jawbreaker_tiles_17.asset using Guid(cf75bf65ea20bac40ab48960067ce3a6) Importer(815301076,1909f56bfc062723c751e8b465ee728b)  -> (artifact id: '560555be1273feea291c64b93c035d32') in 0.020217 seconds 
========================================================================
Received Import Request.
  Time since last request: 0.000041 seconds.
  path: Assets/Tiles/Ground/jawbreaker_tiles_30.asset
  artifactKey: Guid(8beaf7e9cb16900448d6141db75c5be3) Importer(815301076,1909f56bfc062723c751e8b465ee728b)
Start importing Assets/Tiles/Ground/jawbreaker_tiles_30.asset using Guid(8beaf7e9cb16900448d6141db75c5be3) Importer(815301076,1909f56bfc062723c751e8b465ee728b)  -> (artifact id: 'ba57f1765f27a72c231a325b6d8376b5') in 0.021236 seconds 
========================================================================
Received Import Request.
  Time since last request: 0.000042 seconds.
  path: Assets/Tiles/Ground/jawbreaker_tiles_24.asset
  artifactKey: Guid(be6bc07222f8ea54998ebe9ee149ce10) Importer(815301076,1909f56bfc062723c751e8b465ee728b)
Start importing Assets/Tiles/Ground/jawbreaker_tiles_24.asset using Guid(be6bc07222f8ea54998ebe9ee149ce10) Importer(815301076,1909f56bfc062723c751e8b465ee728b)  -> (artifact id: '542cbf510f591956ff4e24d66076e4aa') in 0.021617 seconds 
========================================================================
Received Import Request.
  Time since last request: 0.000034 seconds.
  path: Assets/Tiles/Ground/jawbreaker_tiles_31.asset
  artifactKey: Guid(cdd80d7937d97d04b99236e6d22f1a17) Importer(815301076,1909f56bfc062723c751e8b465ee728b)
Start importing Assets/Tiles/Ground/jawbreaker_tiles_31.asset using Guid(cdd80d7937d97d04b99236e6d22f1a17) Importer(815301076,1909f56bfc062723c751e8b465ee728b)  -> (artifact id: 'ee8d4f1d60d022116e3f4ff61703c6f4') in 0.018708 seconds 
========================================================================
Received Import Request.
  Time since last request: 0.000032 seconds.
  path: Assets/Tiles/Ground/jawbreaker_tiles_16.asset
  artifactKey: Guid(f919442f495325b498478bfac2460cf3) Importer(815301076,1909f56bfc062723c751e8b465ee728b)
Start importing Assets/Tiles/Ground/jawbreaker_tiles_16.asset using Guid(f919442f495325b498478bfac2460cf3) Importer(815301076,1909f56bfc062723c751e8b465ee728b)  -> (artifact id: 'f576b870167f5e4f64aa4352645db916') in 0.023871 seconds 
========================================================================
Received Import Request.
  Time since last request: 0.000025 seconds.
  path: Assets/Tiles/Ground/jawbreaker_tiles_21.asset
  artifactKey: Guid(c41d7369986bdb746a7465a2e48a508f) Importer(815301076,1909f56bfc062723c751e8b465ee728b)
Start importing Assets/Tiles/Ground/jawbreaker_tiles_21.asset using Guid(c41d7369986bdb746a7465a2e48a508f) Importer(815301076,1909f56bfc062723c751e8b465ee728b)  -> (artifact id: 'f7f59a08d70d0793da9e6b9d841c3c2f') in 0.020338 seconds 
========================================================================
Received Import Request.
  Time since last request: 0.000024 seconds.
  path: Assets/Tiles/Ground/jawbreaker_tiles_32.asset
  artifactKey: Guid(6cf84de87c293a64db5381397666d0d4) Importer(815301076,1909f56bfc062723c751e8b465ee728b)
Start importing Assets/Tiles/Ground/jawbreaker_tiles_32.asset using Guid(6cf84de87c293a64db5381397666d0d4) Importer(815301076,1909f56bfc062723c751e8b465ee728b)  -> (artifact id: 'e44b96dc87941b37763e254fabc6e101') in 0.021204 seconds 
========================================================================
Received Import Request.
  Time since last request: 0.000021 seconds.
  path: Assets/Tiles/Ground/jawbreaker_tiles_22.asset
  artifactKey: Guid(5b4f02fbcc7e8064c87cb2aca5b2acf4) Importer(815301076,1909f56bfc062723c751e8b465ee728b)
Start importing Assets/Tiles/Ground/jawbreaker_tiles_22.asset using Guid(5b4f02fbcc7e8064c87cb2aca5b2acf4) Importer(815301076,1909f56bfc062723c751e8b465ee728b)  -> (artifact id: '8b06775aa5cb33ae00baa9b6f8743741') in 0.022019 seconds 
========================================================================
Received Import Request.
  Time since last request: 1.888048 seconds.
  path: Assets/Tiles/Ground/jawbreaker_tiles_34.asset
  artifactKey: Guid(18790d91f324c12428ddb1e93aa37f0d) Importer(815301076,1909f56bfc062723c751e8b465ee728b)
Start importing Assets/Tiles/Ground/jawbreaker_tiles_34.asset using Guid(18790d91f324c12428ddb1e93aa37f0d) Importer(815301076,1909f56bfc062723c751e8b465ee728b)  -> (artifact id: 'd559440c9fc37458ee8b01450fe5d5b2') in 0.019032 seconds 
========================================================================
Received Import Request.
  Time since last request: 0.000030 seconds.
  path: Assets/Tiles/Ground/jawbreaker_tiles_36.asset
  artifactKey: Guid(551a71d104a391248a50e8630fbf33b8) Importer(815301076,1909f56bfc062723c751e8b465ee728b)
Start importing Assets/Tiles/Ground/jawbreaker_tiles_36.asset using Guid(551a71d104a391248a50e8630fbf33b8) Importer(815301076,1909f56bfc062723c751e8b465ee728b)  -> (artifact id: 'aa43ffe89d55cf4bc3530695bf57f166') in 0.019788 seconds 
========================================================================
Received Import Request.
  Time since last request: 0.000022 seconds.
  path: Assets/Tiles/Ground/jawbreaker_tiles_35.asset
  artifactKey: Guid(dff459d902a68744f9af20a825a531cf) Importer(815301076,1909f56bfc062723c751e8b465ee728b)
Start importing Assets/Tiles/Ground/jawbreaker_tiles_35.asset using Guid(dff459d902a68744f9af20a825a531cf) Importer(815301076,1909f56bfc062723c751e8b465ee728b)  -> (artifact id: 'e9019d3c558dd4705919cddbf30518be') in 0.021016 seconds 
========================================================================
Received Import Request.
  Time since last request: 0.000029 seconds.
  path: Assets/Tiles/Ground/jawbreaker_tiles_39.asset
  artifactKey: Guid(0726d368c1f851548a730489444e39cf) Importer(815301076,1909f56bfc062723c751e8b465ee728b)
Start importing Assets/Tiles/Ground/jawbreaker_tiles_39.asset using Guid(0726d368c1f851548a730489444e39cf) Importer(815301076,1909f56bfc062723c751e8b465ee728b)  -> (artifact id: 'bcc422f15527a0fe5d05641b6f3f140d') in 0.019570 seconds 
========================================================================
Received Import Request.
  Time since last request: 0.012934 seconds.
  path: Assets/Tiles/Ground/jawbreaker_tiles_42.asset
  artifactKey: Guid(909f6d5da4c0bb44780263fbdd53723e) Importer(815301076,1909f56bfc062723c751e8b465ee728b)
Start importing Assets/Tiles/Ground/jawbreaker_tiles_42.asset using Guid(909f6d5da4c0bb44780263fbdd53723e) Importer(815301076,1909f56bfc062723c751e8b465ee728b)  -> (artifact id: '33978968202d2ca1770447c776c030f7') in 0.019574 seconds 
========================================================================
Received Import Request.
  Time since last request: 0.000023 seconds.
  path: Assets/Tiles/Ground/jawbreaker_tiles_45.asset
  artifactKey: Guid(ab03bf66d11209a4caa82256a88bc1ee) Importer(815301076,1909f56bfc062723c751e8b465ee728b)
Start importing Assets/Tiles/Ground/jawbreaker_tiles_45.asset using Guid(ab03bf66d11209a4caa82256a88bc1ee) Importer(815301076,1909f56bfc062723c751e8b465ee728b)  -> (artifact id: '7d20a928858036a984af9743b7d695d1') in 0.018266 seconds 
========================================================================
Received Import Request.
  Time since last request: 0.000031 seconds.
  path: Assets/Tiles/Ground/jawbreaker_tiles_48.asset
  artifactKey: Guid(b0c837fea1bf30c4eb9bdb584608e967) Importer(815301076,1909f56bfc062723c751e8b465ee728b)
Start importing Assets/Tiles/Ground/jawbreaker_tiles_48.asset using Guid(b0c837fea1bf30c4eb9bdb584608e967) Importer(815301076,1909f56bfc062723c751e8b465ee728b)  -> (artifact id: '18b5a727c106ecb8f56c0bce5cdd708a') in 0.020052 seconds 
========================================================================
Received Import Request.
  Time since last request: 0.000023 seconds.
  path: Assets/Tiles/Ground/jawbreaker_tiles_43.asset
  artifactKey: Guid(90740e4714962bc48950a7942c7cfaec) Importer(815301076,1909f56bfc062723c751e8b465ee728b)
Start importing Assets/Tiles/Ground/jawbreaker_tiles_43.asset using Guid(90740e4714962bc48950a7942c7cfaec) Importer(815301076,1909f56bfc062723c751e8b465ee728b)  -> (artifact id: 'a082eab3cc349ab2b26e84c78f177eab') in 0.019903 seconds 
========================================================================
Received Import Request.
  Time since last request: 0.063562 seconds.
  path: Assets/Tiles/Ground/jawbreaker_tiles_50.asset
  artifactKey: Guid(78444b1a2d691d24dbde6fd9d7a5d6ac) Importer(815301076,1909f56bfc062723c751e8b465ee728b)
Start importing Assets/Tiles/Ground/jawbreaker_tiles_50.asset using Guid(78444b1a2d691d24dbde6fd9d7a5d6ac) Importer(815301076,1909f56bfc062723c751e8b465ee728b)  -> (artifact id: 'e642218bb6681a9c97044e76d531cb4c') in 0.018501 seconds 
========================================================================
Received Import Request.
  Time since last request: 0.000033 seconds.
  path: Assets/Tiles/Ground/jawbreaker_tiles_56.asset
  artifactKey: Guid(a1245701e3668b14d948265847aa483d) Importer(815301076,1909f56bfc062723c751e8b465ee728b)
Start importing Assets/Tiles/Ground/jawbreaker_tiles_56.asset using Guid(a1245701e3668b14d948265847aa483d) Importer(815301076,1909f56bfc062723c751e8b465ee728b)  -> (artifact id: 'af58b42e9ad9ea535d43f827959d4385') in 0.019887 seconds 
========================================================================
Received Import Request.
  Time since last request: 0.000027 seconds.
  path: Assets/Tiles/Ground/jawbreaker_tiles_55.asset
  artifactKey: Guid(02d97e8e79966714ebaa40a777d51aac) Importer(815301076,1909f56bfc062723c751e8b465ee728b)
Start importing Assets/Tiles/Ground/jawbreaker_tiles_55.asset using Guid(02d97e8e79966714ebaa40a777d51aac) Importer(815301076,1909f56bfc062723c751e8b465ee728b)  -> (artifact id: '2539cb82e3e52ad910de760958aa2b49') in 0.019701 seconds 
========================================================================
Received Import Request.
  Time since last request: 0.000027 seconds.
  path: Assets/Tiles/Ground/jawbreaker_tiles_51.asset
  artifactKey: Guid(9e052abeb29051b4abdb8f16f65fc612) Importer(815301076,1909f56bfc062723c751e8b465ee728b)
Start importing Assets/Tiles/Ground/jawbreaker_tiles_51.asset using Guid(9e052abeb29051b4abdb8f16f65fc612) Importer(815301076,1909f56bfc062723c751e8b465ee728b)  -> (artifact id: '9ec1eb9c28316b0ac382ba67c66af8c7') in 0.019157 seconds 
========================================================================
Received Import Request.
  Time since last request: 0.000019 seconds.
  path: Assets/Tiles/Ground/jawbreaker_tiles_61.asset
  artifactKey: Guid(f5a5bcca7fea8594cad44d2639266cf3) Importer(815301076,1909f56bfc062723c751e8b465ee728b)
Start importing Assets/Tiles/Ground/jawbreaker_tiles_61.asset using Guid(f5a5bcca7fea8594cad44d2639266cf3) Importer(815301076,1909f56bfc062723c751e8b465ee728b)  -> (artifact id: '29c41f57e09e613ea94c6c0ac1907373') in 0.018890 seconds 
========================================================================
Received Import Request.
  Time since last request: 0.000028 seconds.
  path: Assets/Tiles/Ground/jawbreaker_tiles_62.asset
  artifactKey: Guid(28f8ff0aa717f1642a90bd8f05ed7613) Importer(815301076,1909f56bfc062723c751e8b465ee728b)
Start importing Assets/Tiles/Ground/jawbreaker_tiles_62.asset using Guid(28f8ff0aa717f1642a90bd8f05ed7613) Importer(815301076,1909f56bfc062723c751e8b465ee728b)  -> (artifact id: '3184e3c60b68111b0e60e057507499d5') in 0.018408 seconds 
========================================================================
Received Import Request.
  Time since last request: 0.000041 seconds.
  path: Assets/Tiles/Ground/jawbreaker_tiles_59.asset
  artifactKey: Guid(387f03a8e0c0ef944a21cfad5133e73d) Importer(815301076,1909f56bfc062723c751e8b465ee728b)
Start importing Assets/Tiles/Ground/jawbreaker_tiles_59.asset using Guid(387f03a8e0c0ef944a21cfad5133e73d) Importer(815301076,1909f56bfc062723c751e8b465ee728b)  -> (artifact id: '27e2ce2675c9418e5a952c8db6e0bd1c') in 0.018396 seconds 
========================================================================
Received Import Request.
  Time since last request: 0.000053 seconds.
  path: Assets/Tiles/Ground/jawbreaker_tiles_67.asset
  artifactKey: Guid(fe3b3e3b0674a0a4299a16e60d3f6e1c) Importer(815301076,1909f56bfc062723c751e8b465ee728b)
Start importing Assets/Tiles/Ground/jawbreaker_tiles_67.asset using Guid(fe3b3e3b0674a0a4299a16e60d3f6e1c) Importer(815301076,1909f56bfc062723c751e8b465ee728b)  -> (artifact id: '153f0c4ed2f147209d61d17cabb39cf6') in 0.018755 seconds 
========================================================================
Received Import Request.
  Time since last request: 0.000021 seconds.
  path: Assets/Tiles/Ground/jawbreaker_tiles_64.asset
  artifactKey: Guid(0c40128e7979112459790cfad3f3e264) Importer(815301076,1909f56bfc062723c751e8b465ee728b)
Start importing Assets/Tiles/Ground/jawbreaker_tiles_64.asset using Guid(0c40128e7979112459790cfad3f3e264) Importer(815301076,1909f56bfc062723c751e8b465ee728b)  -> (artifact id: '26e144cfc1f3e5b4439d5b281984d898') in 0.016722 seconds 
========================================================================
Received Import Request.
  Time since last request: 0.000038 seconds.
  path: Assets/Tiles/Ground/jawbreaker_tiles_66.asset
  artifactKey: Guid(d73d829c03625c646a2199be0598698e) Importer(815301076,1909f56bfc062723c751e8b465ee728b)
Start importing Assets/Tiles/Ground/jawbreaker_tiles_66.asset using Guid(d73d829c03625c646a2199be0598698e) Importer(815301076,1909f56bfc062723c751e8b465ee728b)  -> (artifact id: '2469b9a9891baa0685d6be46ae022801') in 0.017225 seconds 
========================================================================
Received Import Request.
  Time since last request: 89.296034 seconds.
  path: Assets/SpritesPacmanIndividual/Wall_05 1.asset
  artifactKey: Guid(5e5e99d82c188be45825244e79500b92) Importer(815301076,1909f56bfc062723c751e8b465ee728b)
Start importing Assets/SpritesPacmanIndividual/Wall_05 1.asset using Guid(5e5e99d82c188be45825244e79500b92) Importer(815301076,1909f56bfc062723c751e8b465ee728b)  -> (artifact id: '6ba0bfcfd6a1def58e54784331c26a4a') in 0.014940 seconds 
========================================================================
Received Import Request.
  Time since last request: 0.005294 seconds.
  path: Assets/SpritesPacmanIndividual/Wall_10 1.asset
  artifactKey: Guid(fe47d21f1e301fb459c0fb01c6df44b4) Importer(815301076,1909f56bfc062723c751e8b465ee728b)
Start importing Assets/SpritesPacmanIndividual/Wall_10 1.asset using Guid(fe47d21f1e301fb459c0fb01c6df44b4) Importer(815301076,1909f56bfc062723c751e8b465ee728b)  -> (artifact id: '28e3d3e6cfc3b556a43ae3cb367d064e') in 0.016997 seconds 
========================================================================
Received Import Request.
  Time since last request: 0.000029 seconds.
  path: Assets/SpritesPacmanIndividual/Wall_12 1.asset
  artifactKey: Guid(6fa0efe9b4e5ae548a9896670537cdbc) Importer(815301076,1909f56bfc062723c751e8b465ee728b)
Start importing Assets/SpritesPacmanIndividual/Wall_12 1.asset using Guid(6fa0efe9b4e5ae548a9896670537cdbc) Importer(815301076,1909f56bfc062723c751e8b465ee728b)  -> (artifact id: '3098d5ac747461c46c4139d0c541f4d3') in 0.014667 seconds 
========================================================================
Received Import Request.
  Time since last request: 0.000024 seconds.
  path: Assets/SpritesPacmanIndividual/Wall_14 1.asset
  artifactKey: Guid(936168353435a574ea5a4cea030053b9) Importer(815301076,1909f56bfc062723c751e8b465ee728b)
Start importing Assets/SpritesPacmanIndividual/Wall_14 1.asset using Guid(936168353435a574ea5a4cea030053b9) Importer(815301076,1909f56bfc062723c751e8b465ee728b)  -> (artifact id: 'd90fa3be7a01a1029f78a4d2c717c995') in 0.014426 seconds 
========================================================================
Received Import Request.
  Time since last request: 0.000037 seconds.
  path: Assets/SpritesPacmanIndividual/Wall_17 1.asset
  artifactKey: Guid(8d39a132728318f4b85a0939cfade139) Importer(815301076,1909f56bfc062723c751e8b465ee728b)
Start importing Assets/SpritesPacmanIndividual/Wall_17 1.asset using Guid(8d39a132728318f4b85a0939cfade139) Importer(815301076,1909f56bfc062723c751e8b465ee728b)  -> (artifact id: '2eb754deceedd1b41d3b21b4a64a255c') in 0.013755 seconds 
========================================================================
Received Import Request.
  Time since last request: 0.000026 seconds.
  path: Assets/SpritesPacmanIndividual/Wall_19 1.asset
  artifactKey: Guid(184dcb3b3de5c1642af283f4968f2e47) Importer(815301076,1909f56bfc062723c751e8b465ee728b)
Start importing Assets/SpritesPacmanIndividual/Wall_19 1.asset using Guid(184dcb3b3de5c1642af283f4968f2e47) Importer(815301076,1909f56bfc062723c751e8b465ee728b)  -> (artifact id: '7ff1d1233b0d7d04fd3a7b9767e09798') in 0.013694 seconds 
========================================================================
Received Import Request.
  Time since last request: 0.000023 seconds.
  path: Assets/SpritesPacmanIndividual/Wall_15 1.asset
  artifactKey: Guid(fbb056e74007c55498c1af4b13185313) Importer(815301076,1909f56bfc062723c751e8b465ee728b)
Start importing Assets/SpritesPacmanIndividual/Wall_15 1.asset using Guid(fbb056e74007c55498c1af4b13185313) Importer(815301076,1909f56bfc062723c751e8b465ee728b)  -> (artifact id: '6779f34ead9958525364dd700b5f897c') in 0.012893 seconds 
========================================================================
Received Import Request.
  Time since last request: 0.000023 seconds.
  path: Assets/SpritesPacmanIndividual/Wall_06 1.asset
  artifactKey: Guid(29e19bb4da42b4a45bd53a6a800071be) Importer(815301076,1909f56bfc062723c751e8b465ee728b)
Start importing Assets/SpritesPacmanIndividual/Wall_06 1.asset using Guid(29e19bb4da42b4a45bd53a6a800071be) Importer(815301076,1909f56bfc062723c751e8b465ee728b)  -> (artifact id: '3c01c8ee5c373876fc2780b4420306ae') in 0.016112 seconds 
========================================================================
Received Import Request.
  Time since last request: 0.922556 seconds.
  path: Assets/SpritesPacmanIndividual/Wall_21 1.asset
  artifactKey: Guid(fc4d29865bf591f40a1ee596dd219d0c) Importer(815301076,1909f56bfc062723c751e8b465ee728b)
Start importing Assets/SpritesPacmanIndividual/Wall_21 1.asset using Guid(fc4d29865bf591f40a1ee596dd219d0c) Importer(815301076,1909f56bfc062723c751e8b465ee728b)  -> (artifact id: '842c3eb3543b99e358c84b94d7a8ea03') in 0.014608 seconds 
========================================================================
Received Import Request.
  Time since last request: 0.000058 seconds.
  path: Assets/SpritesPacmanIndividual/Wall_22 1.asset
  artifactKey: Guid(596338cca21771644820dc5c609171a2) Importer(815301076,1909f56bfc062723c751e8b465ee728b)
Start importing Assets/SpritesPacmanIndividual/Wall_22 1.asset using Guid(596338cca21771644820dc5c609171a2) Importer(815301076,1909f56bfc062723c751e8b465ee728b)  -> (artifact id: '725f2d5fe151fb6f88da69544216fb72') in 0.012962 seconds 
========================================================================
Received Import Request.
  Time since last request: 0.072021 seconds.
  path: Assets/SpritesPacmanIndividual/Wall_25 1.asset
  artifactKey: Guid(b2b0786b09d86bb468280ebe96424cf0) Importer(815301076,1909f56bfc062723c751e8b465ee728b)
Start importing Assets/SpritesPacmanIndividual/Wall_25 1.asset using Guid(b2b0786b09d86bb468280ebe96424cf0) Importer(815301076,1909f56bfc062723c751e8b465ee728b)  -> (artifact id: 'ca9ac027c98d4154d4fd85eb378c71b3') in 0.012536 seconds 
========================================================================
Received Import Request.
  Time since last request: 0.000031 seconds.
  path: Assets/SpritesPacmanIndividual/Wall_27 1.asset
  artifactKey: Guid(cfd2e14284a153d49a9e40e4b6fdadb5) Importer(815301076,1909f56bfc062723c751e8b465ee728b)
Start importing Assets/SpritesPacmanIndividual/Wall_27 1.asset using Guid(cfd2e14284a153d49a9e40e4b6fdadb5) Importer(815301076,1909f56bfc062723c751e8b465ee728b)  -> (artifact id: '2573985c3f1d63eae87757b223817021') in 0.012777 seconds 
========================================================================
Received Import Request.
  Time since last request: 0.074458 seconds.
  path: Assets/SpritesPacmanIndividual/Wall_29 1.asset
  artifactKey: Guid(7cfd75dcdb44a834fab24c693d73d65b) Importer(815301076,1909f56bfc062723c751e8b465ee728b)
Start importing Assets/SpritesPacmanIndividual/Wall_29 1.asset using Guid(7cfd75dcdb44a834fab24c693d73d65b) Importer(815301076,1909f56bfc062723c751e8b465ee728b)  -> (artifact id: 'fe24b115e919be3a598dc29d63aaafc4') in 0.012720 seconds 
========================================================================
Received Import Request.
  Time since last request: 0.449360 seconds.
  path: Assets/SpritesPacmanIndividual/Wall_01 1.asset
  artifactKey: Guid(d83312976f19f6b4c8eca55e390454a7) Importer(815301076,1909f56bfc062723c751e8b465ee728b)
Start importing Assets/SpritesPacmanIndividual/Wall_01 1.asset using Guid(d83312976f19f6b4c8eca55e390454a7) Importer(815301076,1909f56bfc062723c751e8b465ee728b)  -> (artifact id: '58cc29adb5bd632778eb068b94491253') in 0.011820 seconds 
========================================================================
Received Import Request.
  Time since last request: 0.000020 seconds.
  path: Assets/SpritesPacmanIndividual/Wall_03 1.asset
  artifactKey: Guid(3f9db1f951264bd4ebca59760b88ebf3) Importer(815301076,1909f56bfc062723c751e8b465ee728b)
Start importing Assets/SpritesPacmanIndividual/Wall_03 1.asset using Guid(3f9db1f951264bd4ebca59760b88ebf3) Importer(815301076,1909f56bfc062723c751e8b465ee728b)  -> (artifact id: '7665d009c90c093bc5178f10c4102faa') in 0.013085 seconds 
Editor requested this worker to shutdown with reason: Scaling down because of idle timeout
AssetImportWorker is now disconnected from the server
Process exiting
Exiting without the bug reporter. Application will terminate with return code 0