Using pre-set license
Built from '2021.3/staging' branch; Version is '2021.3.21f1 (1b156197d683) revision 1774945'; Using compiler version '192829333'; Build Type 'Release'
OS: 'Windows 11  (10.0.22621) 64bit Core' Language: 'es' Physical Memory: 32528 MB
BatchMode: 1, IsHumanControllingUs: 0, StartBugReporterOnCrash: 0, Is64bit: 1, IsPro: 1

COMMAND LINE ARGUMENTS:
C:\Program Files\Unity\Hub\Editor\2021.3.21f1\Editor\Unity.exe
-adb2
-batchMode
-noUpm
-name
AssetImportWorker20
-projectPath
C:/Users/joelm/OneDrive/Documentos/GitHub/inverted_pacman/Client_Unity
-logFile
Logs/AssetImportWorker20.log
-srvPort
50074
Successfully changed project path to: C:/Users/joelm/OneDrive/Documentos/GitHub/inverted_pacman/Client_Unity
C:/Users/joelm/OneDrive/Documentos/GitHub/inverted_pacman/Client_Unity
[UnityMemory] Configuration Parameters - Can be set up in boot.config
    "memorysetup-bucket-allocator-granularity=16"
    "memorysetup-bucket-allocator-bucket-count=8"
    "memorysetup-bucket-allocator-block-size=33554432"
    "memorysetup-bucket-allocator-block-count=8"
    "memorysetup-main-allocator-block-size=16777216"
    "memorysetup-thread-allocator-block-size=16777216"
    "memorysetup-gfx-main-allocator-block-size=16777216"
    "memorysetup-gfx-thread-allocator-block-size=16777216"
    "memorysetup-cache-allocator-block-size=4194304"
    "memorysetup-typetree-allocator-block-size=2097152"
    "memorysetup-profiler-bucket-allocator-granularity=16"
    "memorysetup-profiler-bucket-allocator-bucket-count=8"
    "memorysetup-profiler-bucket-allocator-block-size=33554432"
    "memorysetup-profiler-bucket-allocator-block-count=8"
    "memorysetup-profiler-allocator-block-size=16777216"
    "memorysetup-profiler-editor-allocator-block-size=1048576"
    "memorysetup-temp-allocator-size-main=16777216"
    "memorysetup-job-temp-allocator-block-size=2097152"
    "memorysetup-job-temp-allocator-block-size-background=1048576"
    "memorysetup-job-temp-allocator-reduction-small-platforms=262144"
    "memorysetup-temp-allocator-size-background-worker=32768"
    "memorysetup-temp-allocator-size-job-worker=262144"
    "memorysetup-temp-allocator-size-preload-manager=33554432"
    "memorysetup-temp-allocator-size-nav-mesh-worker=65536"
    "memorysetup-temp-allocator-size-audio-worker=65536"
    "memorysetup-temp-allocator-size-cloud-worker=32768"
    "memorysetup-temp-allocator-size-gi-baking-worker=262144"
    "memorysetup-temp-allocator-size-gfx=262144"
Player connection [7548] Host "[IP] 192.168.56.1 [Port] 0 [Flags] 2 [Guid] 1615965902 [EditorId] 1615965902 [Version] 1048832 [Id] WindowsEditor(7,MSI) [Debug] 1 [PackageName] WindowsEditor [ProjectName] Editor" joined multi-casting on [225.0.0.222:54997]...

Player connection [7548] Host "[IP] 192.168.56.1 [Port] 0 [Flags] 2 [Guid] 1615965902 [EditorId] 1615965902 [Version] 1048832 [Id] WindowsEditor(7,MSI) [Debug] 1 [PackageName] WindowsEditor [ProjectName] Editor" joined alternative multi-casting on [225.0.0.222:34997]...

Refreshing native plugins compatible for Editor in 148.01 ms, found 4 plugins.
Preloading 0 native plugins for Editor in 0.00 ms.
Initialize engine version: 2021.3.21f1 (1b156197d683)
[Subsystems] Discovering subsystems at path C:/Program Files/Unity/Hub/Editor/2021.3.21f1/Editor/Data/Resources/UnitySubsystems
[Subsystems] Discovering subsystems at path C:/Users/joelm/OneDrive/Documentos/GitHub/inverted_pacman/Client_Unity/Assets
GfxDevice: creating device client; threaded=0; jobified=0
Direct3D:
    Version:  Direct3D 11.0 [level 11.1]
    Renderer: NVIDIA GeForce RTX 3070 Laptop GPU (ID=0x249d)
    Vendor:   NVIDIA
    VRAM:     8044 MB
    Driver:   30.0.14.9717
Initialize mono
Mono path[0] = 'C:/Program Files/Unity/Hub/Editor/2021.3.21f1/Editor/Data/Managed'
Mono path[1] = 'C:/Program Files/Unity/Hub/Editor/2021.3.21f1/Editor/Data/MonoBleedingEdge/lib/mono/unityjit-win32'
Mono config path = 'C:/Program Files/Unity/Hub/Editor/2021.3.21f1/Editor/Data/MonoBleedingEdge/etc'
Using monoOptions --debugger-agent=transport=dt_socket,embedding=1,server=y,suspend=n,address=127.0.0.1:56172
Begin MonoManager ReloadAssembly
Registering precompiled unity dll's ...
Register platform support module: C:/Program Files/Unity/Hub/Editor/2021.3.21f1/Editor/Data/PlaybackEngines/WindowsStandaloneSupport/UnityEditor.WindowsStandalone.Extensions.dll
Register platform support module: C:/Program Files/Unity/Hub/Editor/2021.3.21f1/Editor/Data/PlaybackEngines/LinuxStandaloneSupport/UnityEditor.LinuxStandalone.Extensions.dll
Registered in 0.006813 seconds.
Native extension for LinuxStandalone target not found
Native extension for WindowsStandalone target not found
Refreshing native plugins compatible for Editor in 150.38 ms, found 4 plugins.
Preloading 0 native plugins for Editor in 0.00 ms.
Mono: successfully reloaded assembly
- Completed reload, in  0.937 seconds
Domain Reload Profiling:
	ReloadAssembly (938ms)
		BeginReloadAssembly (114ms)
			ExecutionOrderSort (0ms)
			DisableScriptedObjects (0ms)
			BackupInstance (0ms)
			ReleaseScriptingObjects (0ms)
			CreateAndSetChildDomain (1ms)
		EndReloadAssembly (686ms)
			LoadAssemblies (112ms)
			RebuildTransferFunctionScriptingTraits (0ms)
			SetupTypeCache (160ms)
			ReleaseScriptCaches (0ms)
			RebuildScriptCaches (37ms)
			SetupLoadedEditorAssemblies (420ms)
				LogAssemblyErrors (0ms)
				InitializePlatformSupportModulesInManaged (14ms)
				SetLoadedEditorAssemblies (0ms)
				RefreshPlugins (150ms)
				BeforeProcessingInitializeOnLoad (2ms)
				ProcessInitializeOnLoadAttributes (191ms)
				ProcessInitializeOnLoadMethodAttributes (62ms)
				AfterProcessingInitializeOnLoad (0ms)
				EditorAssembliesLoaded (0ms)
			ExecutionOrderSort2 (0ms)
			AwakeInstancesAfterBackupRestoration (0ms)
Platform modules already initialized, skipping
Registering precompiled user dll's ...
Registered in 0.009416 seconds.
Begin MonoManager ReloadAssembly
Symbol file LoadedFromMemory doesn't match image C:\Users\joelm\OneDrive\Documentos\GitHub\inverted_pacman\Client_Unity\Library\PackageCache\com.unity.visualscripting@1.8.0\Editor\VisualScripting.Core\Dependencies\YamlDotNet\Unity.VisualScripting.YamlDotNet.dll
Symbol file LoadedFromMemory doesn't match image C:\Users\joelm\OneDrive\Documentos\GitHub\inverted_pacman\Client_Unity\Library\PackageCache\com.unity.visualscripting@1.8.0\Editor\VisualScripting.Core\Dependencies\DotNetZip\Unity.VisualScripting.IonicZip.dll
Native extension for LinuxStandalone target not found
Native extension for WindowsStandalone target not found
Refreshing native plugins compatible for Editor in 161.41 ms, found 4 plugins.
Preloading 0 native plugins for Editor in 0.00 ms.
Mono: successfully reloaded assembly
- Completed reload, in  7.873 seconds
Domain Reload Profiling:
	ReloadAssembly (7874ms)
		BeginReloadAssembly (168ms)
			ExecutionOrderSort (0ms)
			DisableScriptedObjects (9ms)
			BackupInstance (0ms)
			ReleaseScriptingObjects (0ms)
			CreateAndSetChildDomain (26ms)
		EndReloadAssembly (7503ms)
			LoadAssemblies (5555ms)
			RebuildTransferFunctionScriptingTraits (0ms)
			SetupTypeCache (900ms)
			ReleaseScriptCaches (1ms)
			RebuildScriptCaches (86ms)
			SetupLoadedEditorAssemblies (898ms)
				LogAssemblyErrors (0ms)
				InitializePlatformSupportModulesInManaged (12ms)
				SetLoadedEditorAssemblies (0ms)
				RefreshPlugins (162ms)
				BeforeProcessingInitializeOnLoad (146ms)
				ProcessInitializeOnLoadAttributes (515ms)
				ProcessInitializeOnLoadMethodAttributes (53ms)
				AfterProcessingInitializeOnLoad (9ms)
				EditorAssembliesLoaded (0ms)
			ExecutionOrderSort2 (0ms)
			AwakeInstancesAfterBackupRestoration (12ms)
Platform modules already initialized, skipping
========================================================================
Worker process is ready to serve import requests
Launched and connected shader compiler UnityShaderCompiler.exe after 0.10 seconds
Refreshing native plugins compatible for Editor in 1.38 ms, found 4 plugins.
Preloading 0 native plugins for Editor in 0.00 ms.
Unloading 4143 Unused Serialized files (Serialized files now loaded: 0)
Unloading 44 unused Assets / (228.9 KB). Loaded Objects now: 4600.
Memory consumption went from 160.4 MB to 160.1 MB.
Total: 5.207100 ms (FindLiveObjects: 0.454000 ms CreateObjectMapping: 0.477700 ms MarkObjects: 4.014800 ms  DeleteObjects: 0.259400 ms)

AssetImportParameters requested are different than current active one (requested -> active):
  custom:video-decoder-ogg-theora: a1e56fd34408186e4bbccfd4996cb3dc -> 
  custom:container-muxer-webm: aa71ff27fc2769a1b78a27578f13a17b -> 
  custom:container-demuxer-webm: 4f35f7cbe854078d1ac9338744f61a02 -> 
  custom:video-encoder-webm-vp8: eb34c28f22e8b96e1ab97ce403110664 -> 
  custom:audio-encoder-webm-vorbis: bf7c407c2cedff20999df2af8eb42d56 -> 
  custom:framework-win-MediaFoundation: 216162199b28c13a410421893ffa2e32 -> 
  custom:container-demuxer-ogg: 62fdf1f143b41e24485cea50d1cbac27 -> 
  custom:video-decoder-webm-vp8: 9c59270c3fd7afecdb556c50c9e8de78 -> 
  custom:audio-decoder-ogg-vorbis: bf7c407c2cedff20999df2af8eb42d56 -> 
========================================================================
Received Import Request.
  Time since last request: 7869.519376 seconds.
  path: Assets/TextMesh Pro/Examples & Extras/Prefabs/TextMeshPro - Prefab 1.prefab
  artifactKey: Guid(a6e39ced0ea046bcb636c3f0b2e2a745) Importer(815301076,1909f56bfc062723c751e8b465ee728b)
Start importing Assets/TextMesh Pro/Examples & Extras/Prefabs/TextMeshPro - Prefab 1.prefab using Guid(a6e39ced0ea046bcb636c3f0b2e2a745) Importer(815301076,1909f56bfc062723c751e8b465ee728b)  -> (artifact id: 'a9a4dd1a6aa5266c09e155f1ebf3e5a6') in 0.127252 seconds 
========================================================================
Received Import Request.
  Time since last request: 748.034808 seconds.
  path: Assets/TilesPacmanIndividual/PowerPellet_Tile.asset
  artifactKey: Guid(9c009a214cc67fe44931b4bc674cdca1) Importer(815301076,1909f56bfc062723c751e8b465ee728b)
Start importing Assets/TilesPacmanIndividual/PowerPellet_Tile.asset using Guid(9c009a214cc67fe44931b4bc674cdca1) Importer(815301076,1909f56bfc062723c751e8b465ee728b)  -> (artifact id: '0815285bc92a45300b145c38003fc2e0') in 0.018076 seconds 
========================================================================
Received Prepare
Registering precompiled user dll's ...
Registered in 0.009805 seconds.
Begin MonoManager ReloadAssembly
Symbol file LoadedFromMemory doesn't match image C:\Users\joelm\OneDrive\Documentos\GitHub\inverted_pacman\Client_Unity\Library\PackageCache\com.unity.visualscripting@1.8.0\Editor\VisualScripting.Core\Dependencies\YamlDotNet\Unity.VisualScripting.YamlDotNet.dll
Symbol file LoadedFromMemory doesn't match image C:\Users\joelm\OneDrive\Documentos\GitHub\inverted_pacman\Client_Unity\Library\PackageCache\com.unity.visualscripting@1.8.0\Editor\VisualScripting.Core\Dependencies\DotNetZip\Unity.VisualScripting.IonicZip.dll
Native extension for LinuxStandalone target not found
Native extension for WindowsStandalone target not found
Refreshing native plugins compatible for Editor in 0.88 ms, found 4 plugins.
Preloading 0 native plugins for Editor in 0.00 ms.
Mono: successfully reloaded assembly
- Completed reload, in  1.338 seconds
Domain Reload Profiling:
	ReloadAssembly (1339ms)
		BeginReloadAssembly (196ms)
			ExecutionOrderSort (0ms)
			DisableScriptedObjects (8ms)
			BackupInstance (0ms)
			ReleaseScriptingObjects (0ms)
			CreateAndSetChildDomain (51ms)
		EndReloadAssembly (982ms)
			LoadAssemblies (142ms)
			RebuildTransferFunctionScriptingTraits (0ms)
			SetupTypeCache (310ms)
			ReleaseScriptCaches (1ms)
			RebuildScriptCaches (57ms)
			SetupLoadedEditorAssemblies (434ms)
				LogAssemblyErrors (0ms)
				InitializePlatformSupportModulesInManaged (9ms)
				SetLoadedEditorAssemblies (1ms)
				RefreshPlugins (1ms)
				BeforeProcessingInitializeOnLoad (82ms)
				ProcessInitializeOnLoadAttributes (294ms)
				ProcessInitializeOnLoadMethodAttributes (38ms)
				AfterProcessingInitializeOnLoad (8ms)
				EditorAssembliesLoaded (0ms)
			ExecutionOrderSort2 (0ms)
			AwakeInstancesAfterBackupRestoration (10ms)
Platform modules already initialized, skipping
Refreshing native plugins compatible for Editor in 3.40 ms, found 4 plugins.
Preloading 0 native plugins for Editor in 0.00 ms.
Unloading 4126 Unused Serialized files (Serialized files now loaded: 0)
Unloading 29 unused Assets / (195.8 KB). Loaded Objects now: 4605.
Memory consumption went from 158.5 MB to 158.3 MB.
Total: 3.368400 ms (FindLiveObjects: 0.259400 ms CreateObjectMapping: 0.302200 ms MarkObjects: 2.672100 ms  DeleteObjects: 0.134000 ms)

AssetImportParameters requested are different than current active one (requested -> active):
  custom:video-decoder-ogg-theora: a1e56fd34408186e4bbccfd4996cb3dc -> 
  custom:container-muxer-webm: aa71ff27fc2769a1b78a27578f13a17b -> 
  custom:container-demuxer-webm: 4f35f7cbe854078d1ac9338744f61a02 -> 
  custom:video-encoder-webm-vp8: eb34c28f22e8b96e1ab97ce403110664 -> 
  custom:audio-encoder-webm-vorbis: bf7c407c2cedff20999df2af8eb42d56 -> 
  custom:framework-win-MediaFoundation: 216162199b28c13a410421893ffa2e32 -> 
  custom:container-demuxer-ogg: 62fdf1f143b41e24485cea50d1cbac27 -> 
  custom:video-decoder-webm-vp8: 9c59270c3fd7afecdb556c50c9e8de78 -> 
  custom:audio-decoder-ogg-vorbis: bf7c407c2cedff20999df2af8eb42d56 -> 
========================================================================
Received Prepare
Registering precompiled user dll's ...
Registered in 0.008663 seconds.
Begin MonoManager ReloadAssembly
Symbol file LoadedFromMemory doesn't match image C:\Users\joelm\OneDrive\Documentos\GitHub\inverted_pacman\Client_Unity\Library\PackageCache\com.unity.visualscripting@1.8.0\Editor\VisualScripting.Core\Dependencies\YamlDotNet\Unity.VisualScripting.YamlDotNet.dll
Symbol file LoadedFromMemory doesn't match image C:\Users\joelm\OneDrive\Documentos\GitHub\inverted_pacman\Client_Unity\Library\PackageCache\com.unity.visualscripting@1.8.0\Editor\VisualScripting.Core\Dependencies\DotNetZip\Unity.VisualScripting.IonicZip.dll
Native extension for LinuxStandalone target not found
Native extension for WindowsStandalone target not found
Refreshing native plugins compatible for Editor in 0.85 ms, found 4 plugins.
Preloading 0 native plugins for Editor in 0.00 ms.
Mono: successfully reloaded assembly
- Completed reload, in  1.165 seconds
Domain Reload Profiling:
	ReloadAssembly (1165ms)
		BeginReloadAssembly (166ms)
			ExecutionOrderSort (0ms)
			DisableScriptedObjects (9ms)
			BackupInstance (0ms)
			ReleaseScriptingObjects (0ms)
			CreateAndSetChildDomain (46ms)
		EndReloadAssembly (886ms)
			LoadAssemblies (108ms)
			RebuildTransferFunctionScriptingTraits (0ms)
			SetupTypeCache (270ms)
			ReleaseScriptCaches (1ms)
			RebuildScriptCaches (50ms)
			SetupLoadedEditorAssemblies (412ms)
				LogAssemblyErrors (0ms)
				InitializePlatformSupportModulesInManaged (9ms)
				SetLoadedEditorAssemblies (1ms)
				RefreshPlugins (1ms)
				BeforeProcessingInitializeOnLoad (78ms)
				ProcessInitializeOnLoadAttributes (274ms)
				ProcessInitializeOnLoadMethodAttributes (41ms)
				AfterProcessingInitializeOnLoad (8ms)
				EditorAssembliesLoaded (0ms)
			ExecutionOrderSort2 (0ms)
			AwakeInstancesAfterBackupRestoration (11ms)
Platform modules already initialized, skipping
Refreshing native plugins compatible for Editor in 2.86 ms, found 4 plugins.
Preloading 0 native plugins for Editor in 0.00 ms.
Unloading 4126 Unused Serialized files (Serialized files now loaded: 0)
Unloading 29 unused Assets / (196.7 KB). Loaded Objects now: 4608.
Memory consumption went from 158.5 MB to 158.3 MB.
Total: 3.334900 ms (FindLiveObjects: 0.297500 ms CreateObjectMapping: 0.225400 ms MarkObjects: 2.666200 ms  DeleteObjects: 0.144900 ms)

AssetImportParameters requested are different than current active one (requested -> active):
  custom:video-decoder-ogg-theora: a1e56fd34408186e4bbccfd4996cb3dc -> 
  custom:container-muxer-webm: aa71ff27fc2769a1b78a27578f13a17b -> 
  custom:container-demuxer-webm: 4f35f7cbe854078d1ac9338744f61a02 -> 
  custom:video-encoder-webm-vp8: eb34c28f22e8b96e1ab97ce403110664 -> 
  custom:audio-encoder-webm-vorbis: bf7c407c2cedff20999df2af8eb42d56 -> 
  custom:framework-win-MediaFoundation: 216162199b28c13a410421893ffa2e32 -> 
  custom:container-demuxer-ogg: 62fdf1f143b41e24485cea50d1cbac27 -> 
  custom:video-decoder-webm-vp8: 9c59270c3fd7afecdb556c50c9e8de78 -> 
  custom:audio-decoder-ogg-vorbis: bf7c407c2cedff20999df2af8eb42d56 -> 
========================================================================
Received Prepare
Registering precompiled user dll's ...
Registered in 0.008717 seconds.
Begin MonoManager ReloadAssembly
Symbol file LoadedFromMemory doesn't match image C:\Users\joelm\OneDrive\Documentos\GitHub\inverted_pacman\Client_Unity\Library\PackageCache\com.unity.visualscripting@1.8.0\Editor\VisualScripting.Core\Dependencies\YamlDotNet\Unity.VisualScripting.YamlDotNet.dll
Symbol file LoadedFromMemory doesn't match image C:\Users\joelm\OneDrive\Documentos\GitHub\inverted_pacman\Client_Unity\Library\PackageCache\com.unity.visualscripting@1.8.0\Editor\VisualScripting.Core\Dependencies\DotNetZip\Unity.VisualScripting.IonicZip.dll
Native extension for LinuxStandalone target not found
Native extension for WindowsStandalone target not found
Refreshing native plugins compatible for Editor in 0.86 ms, found 4 plugins.
Preloading 0 native plugins for Editor in 0.00 ms.
Mono: successfully reloaded assembly
- Completed reload, in  1.172 seconds
Domain Reload Profiling:
	ReloadAssembly (1173ms)
		BeginReloadAssembly (154ms)
			ExecutionOrderSort (0ms)
			DisableScriptedObjects (10ms)
			BackupInstance (0ms)
			ReleaseScriptingObjects (0ms)
			CreateAndSetChildDomain (38ms)
		EndReloadAssembly (903ms)
			LoadAssemblies (107ms)
			RebuildTransferFunctionScriptingTraits (0ms)
			SetupTypeCache (266ms)
			ReleaseScriptCaches (1ms)
			RebuildScriptCaches (49ms)
			SetupLoadedEditorAssemblies (429ms)
				LogAssemblyErrors (0ms)
				InitializePlatformSupportModulesInManaged (9ms)
				SetLoadedEditorAssemblies (1ms)
				RefreshPlugins (1ms)
				BeforeProcessingInitializeOnLoad (86ms)
				ProcessInitializeOnLoadAttributes (286ms)
				ProcessInitializeOnLoadMethodAttributes (38ms)
				AfterProcessingInitializeOnLoad (8ms)
				EditorAssembliesLoaded (0ms)
			ExecutionOrderSort2 (0ms)
			AwakeInstancesAfterBackupRestoration (11ms)
Platform modules already initialized, skipping
Refreshing native plugins compatible for Editor in 2.70 ms, found 4 plugins.
Preloading 0 native plugins for Editor in 0.00 ms.
Unloading 4127 Unused Serialized files (Serialized files now loaded: 0)
Unloading 29 unused Assets / (195.6 KB). Loaded Objects now: 4612.
Memory consumption went from 158.5 MB to 158.3 MB.
Total: 3.197400 ms (FindLiveObjects: 0.306700 ms CreateObjectMapping: 0.253300 ms MarkObjects: 2.503600 ms  DeleteObjects: 0.133000 ms)

AssetImportParameters requested are different than current active one (requested -> active):
  custom:video-decoder-ogg-theora: a1e56fd34408186e4bbccfd4996cb3dc -> 
  custom:container-muxer-webm: aa71ff27fc2769a1b78a27578f13a17b -> 
  custom:container-demuxer-webm: 4f35f7cbe854078d1ac9338744f61a02 -> 
  custom:video-encoder-webm-vp8: eb34c28f22e8b96e1ab97ce403110664 -> 
  custom:audio-encoder-webm-vorbis: bf7c407c2cedff20999df2af8eb42d56 -> 
  custom:framework-win-MediaFoundation: 216162199b28c13a410421893ffa2e32 -> 
  custom:container-demuxer-ogg: 62fdf1f143b41e24485cea50d1cbac27 -> 
  custom:video-decoder-webm-vp8: 9c59270c3fd7afecdb556c50c9e8de78 -> 
  custom:audio-decoder-ogg-vorbis: bf7c407c2cedff20999df2af8eb42d56 -> 
========================================================================
Received Prepare
Registering precompiled user dll's ...
Registered in 0.008682 seconds.
Begin MonoManager ReloadAssembly
Symbol file LoadedFromMemory doesn't match image C:\Users\joelm\OneDrive\Documentos\GitHub\inverted_pacman\Client_Unity\Library\PackageCache\com.unity.visualscripting@1.8.0\Editor\VisualScripting.Core\Dependencies\YamlDotNet\Unity.VisualScripting.YamlDotNet.dll
Symbol file LoadedFromMemory doesn't match image C:\Users\joelm\OneDrive\Documentos\GitHub\inverted_pacman\Client_Unity\Library\PackageCache\com.unity.visualscripting@1.8.0\Editor\VisualScripting.Core\Dependencies\DotNetZip\Unity.VisualScripting.IonicZip.dll
Native extension for LinuxStandalone target not found
Native extension for WindowsStandalone target not found
Refreshing native plugins compatible for Editor in 0.98 ms, found 4 plugins.
Preloading 0 native plugins for Editor in 0.00 ms.
Mono: successfully reloaded assembly
- Completed reload, in  1.141 seconds
Domain Reload Profiling:
	ReloadAssembly (1142ms)
		BeginReloadAssembly (157ms)
			ExecutionOrderSort (0ms)
			DisableScriptedObjects (8ms)
			BackupInstance (0ms)
			ReleaseScriptingObjects (0ms)
			CreateAndSetChildDomain (39ms)
		EndReloadAssembly (876ms)
			LoadAssemblies (107ms)
			RebuildTransferFunctionScriptingTraits (0ms)
			SetupTypeCache (262ms)
			ReleaseScriptCaches (1ms)
			RebuildScriptCaches (48ms)
			SetupLoadedEditorAssemblies (406ms)
				LogAssemblyErrors (0ms)
				InitializePlatformSupportModulesInManaged (10ms)
				SetLoadedEditorAssemblies (1ms)
				RefreshPlugins (1ms)
				BeforeProcessingInitializeOnLoad (79ms)
				ProcessInitializeOnLoadAttributes (271ms)
				ProcessInitializeOnLoadMethodAttributes (36ms)
				AfterProcessingInitializeOnLoad (8ms)
				EditorAssembliesLoaded (0ms)
			ExecutionOrderSort2 (0ms)
			AwakeInstancesAfterBackupRestoration (14ms)
Platform modules already initialized, skipping
Refreshing native plugins compatible for Editor in 2.81 ms, found 4 plugins.
Preloading 0 native plugins for Editor in 0.00 ms.
Unloading 4128 Unused Serialized files (Serialized files now loaded: 0)
Unloading 29 unused Assets / (195.5 KB). Loaded Objects now: 4616.
Memory consumption went from 158.5 MB to 158.3 MB.
Total: 3.532000 ms (FindLiveObjects: 0.278800 ms CreateObjectMapping: 0.269900 ms MarkObjects: 2.843100 ms  DeleteObjects: 0.139400 ms)

AssetImportParameters requested are different than current active one (requested -> active):
  custom:video-decoder-ogg-theora: a1e56fd34408186e4bbccfd4996cb3dc -> 
  custom:container-muxer-webm: aa71ff27fc2769a1b78a27578f13a17b -> 
  custom:container-demuxer-webm: 4f35f7cbe854078d1ac9338744f61a02 -> 
  custom:video-encoder-webm-vp8: eb34c28f22e8b96e1ab97ce403110664 -> 
  custom:audio-encoder-webm-vorbis: bf7c407c2cedff20999df2af8eb42d56 -> 
  custom:framework-win-MediaFoundation: 216162199b28c13a410421893ffa2e32 -> 
  custom:container-demuxer-ogg: 62fdf1f143b41e24485cea50d1cbac27 -> 
  custom:video-decoder-webm-vp8: 9c59270c3fd7afecdb556c50c9e8de78 -> 
  custom:audio-decoder-ogg-vorbis: bf7c407c2cedff20999df2af8eb42d56 -> 
========================================================================
Received Prepare
Registering precompiled user dll's ...
Registered in 0.008108 seconds.
Begin MonoManager ReloadAssembly
Symbol file LoadedFromMemory doesn't match image C:\Users\joelm\OneDrive\Documentos\GitHub\inverted_pacman\Client_Unity\Library\PackageCache\com.unity.visualscripting@1.8.0\Editor\VisualScripting.Core\Dependencies\YamlDotNet\Unity.VisualScripting.YamlDotNet.dll
Symbol file LoadedFromMemory doesn't match image C:\Users\joelm\OneDrive\Documentos\GitHub\inverted_pacman\Client_Unity\Library\PackageCache\com.unity.visualscripting@1.8.0\Editor\VisualScripting.Core\Dependencies\DotNetZip\Unity.VisualScripting.IonicZip.dll
Native extension for LinuxStandalone target not found
Native extension for WindowsStandalone target not found
Refreshing native plugins compatible for Editor in 0.81 ms, found 4 plugins.
Preloading 0 native plugins for Editor in 0.00 ms.
Mono: successfully reloaded assembly
- Completed reload, in  1.079 seconds
Domain Reload Profiling:
	ReloadAssembly (1079ms)
		BeginReloadAssembly (138ms)
			ExecutionOrderSort (0ms)
			DisableScriptedObjects (8ms)
			BackupInstance (0ms)
			ReleaseScriptingObjects (0ms)
			CreateAndSetChildDomain (32ms)
		EndReloadAssembly (842ms)
			LoadAssemblies (98ms)
			RebuildTransferFunctionScriptingTraits (0ms)
			SetupTypeCache (260ms)
			ReleaseScriptCaches (1ms)
			RebuildScriptCaches (45ms)
			SetupLoadedEditorAssemblies (390ms)
				LogAssemblyErrors (0ms)
				InitializePlatformSupportModulesInManaged (9ms)
				SetLoadedEditorAssemblies (0ms)
				RefreshPlugins (1ms)
				BeforeProcessingInitializeOnLoad (76ms)
				ProcessInitializeOnLoadAttributes (262ms)
				ProcessInitializeOnLoadMethodAttributes (35ms)
				AfterProcessingInitializeOnLoad (7ms)
				EditorAssembliesLoaded (0ms)
			ExecutionOrderSort2 (0ms)
			AwakeInstancesAfterBackupRestoration (10ms)
Platform modules already initialized, skipping
Refreshing native plugins compatible for Editor in 3.29 ms, found 4 plugins.
Preloading 0 native plugins for Editor in 0.00 ms.
Unloading 4128 Unused Serialized files (Serialized files now loaded: 0)
Unloading 29 unused Assets / (195.5 KB). Loaded Objects now: 4619.
Memory consumption went from 158.5 MB to 158.3 MB.
Total: 5.792600 ms (FindLiveObjects: 0.474000 ms CreateObjectMapping: 0.489400 ms MarkObjects: 4.576100 ms  DeleteObjects: 0.250700 ms)

AssetImportParameters requested are different than current active one (requested -> active):
  custom:video-decoder-ogg-theora: a1e56fd34408186e4bbccfd4996cb3dc -> 
  custom:container-muxer-webm: aa71ff27fc2769a1b78a27578f13a17b -> 
  custom:container-demuxer-webm: 4f35f7cbe854078d1ac9338744f61a02 -> 
  custom:video-encoder-webm-vp8: eb34c28f22e8b96e1ab97ce403110664 -> 
  custom:audio-encoder-webm-vorbis: bf7c407c2cedff20999df2af8eb42d56 -> 
  custom:framework-win-MediaFoundation: 216162199b28c13a410421893ffa2e32 -> 
  custom:container-demuxer-ogg: 62fdf1f143b41e24485cea50d1cbac27 -> 
  custom:video-decoder-webm-vp8: 9c59270c3fd7afecdb556c50c9e8de78 -> 
  custom:audio-decoder-ogg-vorbis: bf7c407c2cedff20999df2af8eb42d56 -> 
========================================================================
Received Prepare
Registering precompiled user dll's ...
Registered in 0.008923 seconds.
Begin MonoManager ReloadAssembly
Symbol file LoadedFromMemory doesn't match image C:\Users\joelm\OneDrive\Documentos\GitHub\inverted_pacman\Client_Unity\Library\PackageCache\com.unity.visualscripting@1.8.0\Editor\VisualScripting.Core\Dependencies\YamlDotNet\Unity.VisualScripting.YamlDotNet.dll
Symbol file LoadedFromMemory doesn't match image C:\Users\joelm\OneDrive\Documentos\GitHub\inverted_pacman\Client_Unity\Library\PackageCache\com.unity.visualscripting@1.8.0\Editor\VisualScripting.Core\Dependencies\DotNetZip\Unity.VisualScripting.IonicZip.dll
Native extension for LinuxStandalone target not found
Native extension for WindowsStandalone target not found
Refreshing native plugins compatible for Editor in 0.74 ms, found 4 plugins.
Preloading 0 native plugins for Editor in 0.00 ms.
Mono: successfully reloaded assembly
- Completed reload, in  1.043 seconds
Domain Reload Profiling:
	ReloadAssembly (1044ms)
		BeginReloadAssembly (148ms)
			ExecutionOrderSort (0ms)
			DisableScriptedObjects (11ms)
			BackupInstance (0ms)
			ReleaseScriptingObjects (0ms)
			CreateAndSetChildDomain (36ms)
		EndReloadAssembly (788ms)
			LoadAssemblies (93ms)
			RebuildTransferFunctionScriptingTraits (0ms)
			SetupTypeCache (247ms)
			ReleaseScriptCaches (1ms)
			RebuildScriptCaches (43ms)
			SetupLoadedEditorAssemblies (366ms)
				LogAssemblyErrors (0ms)
				InitializePlatformSupportModulesInManaged (7ms)
				SetLoadedEditorAssemblies (0ms)
				RefreshPlugins (1ms)
				BeforeProcessingInitializeOnLoad (72ms)
				ProcessInitializeOnLoadAttributes (247ms)
				ProcessInitializeOnLoadMethodAttributes (32ms)
				AfterProcessingInitializeOnLoad (7ms)
				EditorAssembliesLoaded (0ms)
			ExecutionOrderSort2 (0ms)
			AwakeInstancesAfterBackupRestoration (9ms)
Platform modules already initialized, skipping
Refreshing native plugins compatible for Editor in 2.78 ms, found 4 plugins.
Preloading 0 native plugins for Editor in 0.00 ms.
Unloading 4128 Unused Serialized files (Serialized files now loaded: 0)
Unloading 29 unused Assets / (195.6 KB). Loaded Objects now: 4622.
Memory consumption went from 158.5 MB to 158.3 MB.
Total: 3.135300 ms (FindLiveObjects: 0.277800 ms CreateObjectMapping: 0.192700 ms MarkObjects: 2.532800 ms  DeleteObjects: 0.131400 ms)

AssetImportParameters requested are different than current active one (requested -> active):
  custom:video-decoder-ogg-theora: a1e56fd34408186e4bbccfd4996cb3dc -> 
  custom:container-muxer-webm: aa71ff27fc2769a1b78a27578f13a17b -> 
  custom:container-demuxer-webm: 4f35f7cbe854078d1ac9338744f61a02 -> 
  custom:video-encoder-webm-vp8: eb34c28f22e8b96e1ab97ce403110664 -> 
  custom:audio-encoder-webm-vorbis: bf7c407c2cedff20999df2af8eb42d56 -> 
  custom:framework-win-MediaFoundation: 216162199b28c13a410421893ffa2e32 -> 
  custom:container-demuxer-ogg: 62fdf1f143b41e24485cea50d1cbac27 -> 
  custom:video-decoder-webm-vp8: 9c59270c3fd7afecdb556c50c9e8de78 -> 
  custom:audio-decoder-ogg-vorbis: bf7c407c2cedff20999df2af8eb42d56 -> 
========================================================================
Received Import Request.
  Time since last request: 4331.616891 seconds.
  path: Assets/TextMesh Pro/Examples & Extras/Materials/Ground - Logo Scene.mat
  artifactKey: Guid(c719e38f25a9480abd2480ab621a2949) Importer(815301076,1909f56bfc062723c751e8b465ee728b)
Start importing Assets/TextMesh Pro/Examples & Extras/Materials/Ground - Logo Scene.mat using Guid(c719e38f25a9480abd2480ab621a2949) Importer(815301076,1909f56bfc062723c751e8b465ee728b)  -> (artifact id: '3009a8669ff299db06b254dee7a5b3e3') in 0.140545 seconds 
========================================================================
Received Import Request.
  Time since last request: 107.748565 seconds.
  path: Packages/com.unity.inputsystem/InputSystem/Editor/Icons/Gamepad@2x.png
  artifactKey: Guid(4defb5292901c41f29313d9c9c87a7eb) Importer(815301076,1909f56bfc062723c751e8b465ee728b)
Start importing Packages/com.unity.inputsystem/InputSystem/Editor/Icons/Gamepad@2x.png using Guid(4defb5292901c41f29313d9c9c87a7eb) Importer(815301076,1909f56bfc062723c751e8b465ee728b)  -> (artifact id: 'f4df9ea91b83ac00b065eb47c9148e29') in 0.064469 seconds 
========================================================================
Received Import Request.
  Time since last request: 0.000029 seconds.
  path: Packages/com.unity.inputsystem/InputSystem/Editor/Icons/Gamepad@4x.png
  artifactKey: Guid(7543bb6341c2140f292c8c852e7a3bbf) Importer(815301076,1909f56bfc062723c751e8b465ee728b)
Start importing Packages/com.unity.inputsystem/InputSystem/Editor/Icons/Gamepad@4x.png using Guid(7543bb6341c2140f292c8c852e7a3bbf) Importer(815301076,1909f56bfc062723c751e8b465ee728b)  -> (artifact id: '8c5883630bb7baca7c498302d23ededc') in 0.013498 seconds 
========================================================================
Received Import Request.
  Time since last request: 3.729889 seconds.
  path: Assets/TextMesh Pro/Examples & Extras/Textures/Gradient Horizontal (Color).jpg
  artifactKey: Guid(6eb184de103d4b3f812b38561065192f) Importer(815301076,1909f56bfc062723c751e8b465ee728b)
Start importing Assets/TextMesh Pro/Examples & Extras/Textures/Gradient Horizontal (Color).jpg using Guid(6eb184de103d4b3f812b38561065192f) Importer(815301076,1909f56bfc062723c751e8b465ee728b)  -> (artifact id: '887c4d5b23fb3dfc40d27bb9e946c9f6') in 0.015960 seconds 
========================================================================
Received Import Request.
  Time since last request: 0.000021 seconds.
  path: Assets/TextMesh Pro/Examples & Extras/Textures/Gradient Vertical (Color).jpg
  artifactKey: Guid(03d0538de6e24c0f819bfc9ce084dfa9) Importer(815301076,1909f56bfc062723c751e8b465ee728b)
Start importing Assets/TextMesh Pro/Examples & Extras/Textures/Gradient Vertical (Color).jpg using Guid(03d0538de6e24c0f819bfc9ce084dfa9) Importer(815301076,1909f56bfc062723c751e8b465ee728b)  -> (artifact id: '4de22965412a883b8c624e87a43c9538') in 0.014933 seconds 
========================================================================
Received Import Request.
  Time since last request: 2.870828 seconds.
  path: Packages/com.unity.2d.animation/Editor/Assets/SkinningModule/GenerateGeometryPanelStyle.uss
  artifactKey: Guid(3a255b868cdf39a4494f59819f0ff29e) Importer(815301076,1909f56bfc062723c751e8b465ee728b)
Start importing Packages/com.unity.2d.animation/Editor/Assets/SkinningModule/GenerateGeometryPanelStyle.uss using Guid(3a255b868cdf39a4494f59819f0ff29e) Importer(815301076,1909f56bfc062723c751e8b465ee728b)  -> (artifact id: '23badee4e9898980229c65d3f6fd2d24') in 0.018538 seconds 
========================================================================
Received Import Request.
  Time since last request: 0.000018 seconds.
  path: Packages/com.unity.2d.animation/Editor/Assets/SkinningModule/GenerateWeightsPanelStyle.uss
  artifactKey: Guid(24c60fb4e4533094889a2aa33ce92889) Importer(815301076,1909f56bfc062723c751e8b465ee728b)
Start importing Packages/com.unity.2d.animation/Editor/Assets/SkinningModule/GenerateWeightsPanelStyle.uss using Guid(24c60fb4e4533094889a2aa33ce92889) Importer(815301076,1909f56bfc062723c751e8b465ee728b)  -> (artifact id: '3d53783780ca4c733eb8ccf014258251') in 0.013464 seconds 
========================================================================
Received Import Request.
  Time since last request: 0.241377 seconds.
  path: Assets/TextMesh Pro/Examples & Extras/Fonts/Roboto-Bold.ttf
  artifactKey: Guid(4beb055f07aaff244873dec698d0363e) Importer(815301076,1909f56bfc062723c751e8b465ee728b)
Start importing Assets/TextMesh Pro/Examples & Extras/Fonts/Roboto-Bold.ttf using Guid(4beb055f07aaff244873dec698d0363e) Importer(815301076,1909f56bfc062723c751e8b465ee728b)  -> (artifact id: '02f691fcd04daa8e5231d216c74a6566') in 0.040293 seconds 
========================================================================
Received Import Request.
  Time since last request: 0.760929 seconds.
  path: Assets/TextMesh Pro/Examples & Extras/Textures/Floor Tiles 1 - diffuse.jpg
  artifactKey: Guid(85ac55597b97403c82fc6601a93cf241) Importer(815301076,1909f56bfc062723c751e8b465ee728b)
Start importing Assets/TextMesh Pro/Examples & Extras/Textures/Floor Tiles 1 - diffuse.jpg using Guid(85ac55597b97403c82fc6601a93cf241) Importer(815301076,1909f56bfc062723c751e8b465ee728b)  -> (artifact id: '18e85e95580c59acf74454cef7eb2641') in 0.017742 seconds 
========================================================================
Received Import Request.
  Time since last request: 0.002702 seconds.
  path: Packages/com.unity.inputsystem/InputSystem/Editor/AssetEditor/Resources/pro/foldoutBackground.png
  artifactKey: Guid(c0996bc290ff74bf4834f4a8b7dc8c3e) Importer(815301076,1909f56bfc062723c751e8b465ee728b)
Start importing Packages/com.unity.inputsystem/InputSystem/Editor/AssetEditor/Resources/pro/foldoutBackground.png using Guid(c0996bc290ff74bf4834f4a8b7dc8c3e) Importer(815301076,1909f56bfc062723c751e8b465ee728b)  -> (artifact id: '1bf7bd75ef883e5dd04dbd9df99ebe5b') in 0.016729 seconds 
========================================================================
Received Import Request.
  Time since last request: 0.000021 seconds.
  path: Packages/com.unity.inputsystem/InputSystem/Editor/AssetEditor/Resources/personal/foldoutBackground.png
  artifactKey: Guid(5ab69704aa4984b49bc426da72fabbed) Importer(815301076,1909f56bfc062723c751e8b465ee728b)
Start importing Packages/com.unity.inputsystem/InputSystem/Editor/AssetEditor/Resources/personal/foldoutBackground.png using Guid(5ab69704aa4984b49bc426da72fabbed) Importer(815301076,1909f56bfc062723c751e8b465ee728b)  -> (artifact id: '70492488a80ca048032438f2356b0b9b') in 0.012861 seconds 
========================================================================
Received Import Request.
  Time since last request: 0.000039 seconds.
  path: Assets/TextMesh Pro/Examples & Extras/Fonts/Electronic Highway Sign.TTF
  artifactKey: Guid(8a2b9e2a607dd2143b58c44bc32410b4) Importer(815301076,1909f56bfc062723c751e8b465ee728b)
Start importing Assets/TextMesh Pro/Examples & Extras/Fonts/Electronic Highway Sign.TTF using Guid(8a2b9e2a607dd2143b58c44bc32410b4) Importer(815301076,1909f56bfc062723c751e8b465ee728b)  -> (artifact id: 'dfd284e5b1a8e15a9d5f3996cc27e8f9') in 0.022551 seconds 
========================================================================
Received Import Request.
  Time since last request: 1.793288 seconds.
  path: Packages/com.unity.2d.animation/Editor/Assets/SkinningModule/InfluenceWindowStyle.uss
  artifactKey: Guid(72c98894fc0953a4486e96fa2cff6f8d) Importer(815301076,1909f56bfc062723c751e8b465ee728b)
Start importing Packages/com.unity.2d.animation/Editor/Assets/SkinningModule/InfluenceWindowStyle.uss using Guid(72c98894fc0953a4486e96fa2cff6f8d) Importer(815301076,1909f56bfc062723c751e8b465ee728b)  -> (artifact id: 'c2062c365601117db7a1aad9dda540f0') in 0.018534 seconds 
========================================================================
Received Import Request.
  Time since last request: 0.031296 seconds.
  path: Packages/com.unity.collab-proxy/Editor/PlasticSCM/Assets/Layouts/DownloadPlasticExeWindow.uxml
  artifactKey: Guid(3da0c7cf51d8e4b40a5af55a4ca63e4e) Importer(815301076,1909f56bfc062723c751e8b465ee728b)
Start importing Packages/com.unity.collab-proxy/Editor/PlasticSCM/Assets/Layouts/DownloadPlasticExeWindow.uxml using Guid(3da0c7cf51d8e4b40a5af55a4ca63e4e) Importer(815301076,1909f56bfc062723c751e8b465ee728b)  -> (artifact id: 'a496be32238d17cdcab66495edca15c5') in 0.020775 seconds 
========================================================================
Received Import Request.
  Time since last request: 0.000020 seconds.
  path: Packages/com.unity.2d.animation/Editor/Assets/SkinningModule/PastePanel.uxml
  artifactKey: Guid(7bbb98f319252794fab775275aa2632d) Importer(815301076,1909f56bfc062723c751e8b465ee728b)
Start importing Packages/com.unity.2d.animation/Editor/Assets/SkinningModule/PastePanel.uxml using Guid(7bbb98f319252794fab775275aa2632d) Importer(815301076,1909f56bfc062723c751e8b465ee728b)  -> (artifact id: 'd731c97380a1cf778b0cb4f60fab44b2') in 0.015545 seconds 
========================================================================
Received Import Request.
  Time since last request: 0.000030 seconds.
  path: Packages/com.unity.2d.animation/Editor/Assets/SkinningModule/BoneInspectorPanel.uxml
  artifactKey: Guid(1b45e34b5d565204db1307b88755e76d) Importer(815301076,1909f56bfc062723c751e8b465ee728b)
Start importing Packages/com.unity.2d.animation/Editor/Assets/SkinningModule/BoneInspectorPanel.uxml using Guid(1b45e34b5d565204db1307b88755e76d) Importer(815301076,1909f56bfc062723c751e8b465ee728b)  -> (artifact id: 'ab10d8ba343080118345d94b38c4a8b4') in 0.014592 seconds 
========================================================================
Received Import Request.
  Time since last request: 0.000017 seconds.
  path: Packages/com.unity.inputsystem/InputSystem/Editor/Icons/Interactive Binding.png
  artifactKey: Guid(2196c18f03faf4184b1aeb2c61d5571d) Importer(815301076,1909f56bfc062723c751e8b465ee728b)
Start importing Packages/com.unity.inputsystem/InputSystem/Editor/Icons/Interactive Binding.png using Guid(2196c18f03faf4184b1aeb2c61d5571d) Importer(815301076,1909f56bfc062723c751e8b465ee728b)  -> (artifact id: '50060cd3bd65b738708825feba2a0432') in 0.013141 seconds 
========================================================================
Received Import Request.
  Time since last request: 0.000028 seconds.
  path: Packages/com.unity.inputsystem/InputSystem/Editor/Icons/Interactive Binding@4x.png
  artifactKey: Guid(9e6c9e992a2ee4327bce1d6a8189cedb) Importer(815301076,1909f56bfc062723c751e8b465ee728b)
Start importing Packages/com.unity.inputsystem/InputSystem/Editor/Icons/Interactive Binding@4x.png using Guid(9e6c9e992a2ee4327bce1d6a8189cedb) Importer(815301076,1909f56bfc062723c751e8b465ee728b)  -> (artifact id: '09a4fbeceb126010741d80ed1a3a832a') in 0.012881 seconds 
========================================================================
Received Import Request.
  Time since last request: 0.000019 seconds.
  path: Assets/map/maps/jawbreaker_tiles_4.asset
  artifactKey: Guid(d091334db2c97d74f897f684703f45ba) Importer(815301076,1909f56bfc062723c751e8b465ee728b)
Start importing Assets/map/maps/jawbreaker_tiles_4.asset using Guid(d091334db2c97d74f897f684703f45ba) Importer(815301076,1909f56bfc062723c751e8b465ee728b)  -> (artifact id: '6ac1e0a0dd96943f8ab470a4ee11af1a') in 0.023681 seconds 
========================================================================
Received Import Request.
  Time since last request: 0.000020 seconds.
  path: Assets/map/maps/jawbreaker_tiles_6.asset
  artifactKey: Guid(ba71fbf30a1e07f48a74cfbabb5d6a2a) Importer(815301076,1909f56bfc062723c751e8b465ee728b)
Start importing Assets/map/maps/jawbreaker_tiles_6.asset using Guid(ba71fbf30a1e07f48a74cfbabb5d6a2a) Importer(815301076,1909f56bfc062723c751e8b465ee728b)  -> (artifact id: 'b0edf7e042cb8ae58da45c8bc3850f1c') in 0.017189 seconds 
========================================================================
Received Import Request.
  Time since last request: 0.000024 seconds.
  path: Assets/map/maps/jawbreaker_tiles_1.asset
  artifactKey: Guid(84bb16394fceea545b2dbeb2d4375da0) Importer(815301076,1909f56bfc062723c751e8b465ee728b)
Start importing Assets/map/maps/jawbreaker_tiles_1.asset using Guid(84bb16394fceea545b2dbeb2d4375da0) Importer(815301076,1909f56bfc062723c751e8b465ee728b)  -> (artifact id: '112602713d204dfba25324eebfd7313d') in 0.018044 seconds 
========================================================================
Received Import Request.
  Time since last request: 0.000024 seconds.
  path: Assets/map/maps/jawbreaker_tiles_8.asset
  artifactKey: Guid(82ac0e7e08fa31448bfa63fb526d54dc) Importer(815301076,1909f56bfc062723c751e8b465ee728b)
Start importing Assets/map/maps/jawbreaker_tiles_8.asset using Guid(82ac0e7e08fa31448bfa63fb526d54dc) Importer(815301076,1909f56bfc062723c751e8b465ee728b)  -> (artifact id: '43a0f08031172eea32521370aaf9f89a') in 0.018125 seconds 
========================================================================
Received Import Request.
  Time since last request: 0.000040 seconds.
  path: Packages/com.unity.inputsystem/InputSystem/Editor/Icons/Interactive Binding@3x.png
  artifactKey: Guid(cac8742b1b72b44699fd1663287ca47d) Importer(815301076,1909f56bfc062723c751e8b465ee728b)
Start importing Packages/com.unity.inputsystem/InputSystem/Editor/Icons/Interactive Binding@3x.png using Guid(cac8742b1b72b44699fd1663287ca47d) Importer(815301076,1909f56bfc062723c751e8b465ee728b)  -> (artifact id: '0c685e03accf13a1e8a09e029763b692') in 0.014851 seconds 
========================================================================
Received Import Request.
  Time since last request: 0.000022 seconds.
  path: Packages/com.unity.2d.animation/Editor/Assets/SkinningModule/PoseToolbar.uxml
  artifactKey: Guid(d89864f098e249e580aae20c6fb9f317) Importer(815301076,1909f56bfc062723c751e8b465ee728b)
Start importing Packages/com.unity.2d.animation/Editor/Assets/SkinningModule/PoseToolbar.uxml using Guid(d89864f098e249e580aae20c6fb9f317) Importer(815301076,1909f56bfc062723c751e8b465ee728b)  -> (artifact id: 'bf53977b47fd76de5305dfd285b0f654') in 0.015666 seconds 
========================================================================
Received Import Request.
  Time since last request: 0.000018 seconds.
  path: Packages/com.unity.inputsystem/InputSystem/Editor/Icons/InputActionAsset.png
  artifactKey: Guid(b025a2a0f9e554d1e88a93b5649dfc3f) Importer(815301076,1909f56bfc062723c751e8b465ee728b)
Start importing Packages/com.unity.inputsystem/InputSystem/Editor/Icons/InputActionAsset.png using Guid(b025a2a0f9e554d1e88a93b5649dfc3f) Importer(815301076,1909f56bfc062723c751e8b465ee728b)  -> (artifact id: '63c25643e8a64810bbd0f80029375656') in 0.015046 seconds 
========================================================================
Received Import Request.
  Time since last request: 0.000033 seconds.
  path: Packages/com.unity.2d.common/Runtime/InternalBridge/InternalBridgeDef.asmdef
  artifactKey: Guid(e4b228dab700203488a7c7d474a25838) Importer(815301076,1909f56bfc062723c751e8b465ee728b)
Start importing Packages/com.unity.2d.common/Runtime/InternalBridge/InternalBridgeDef.asmdef using Guid(e4b228dab700203488a7c7d474a25838) Importer(815301076,1909f56bfc062723c751e8b465ee728b)  -> (artifact id: '03f13f0bb471394d095e289e85f6b45f') in 0.009345 seconds 
========================================================================
Received Import Request.
  Time since last request: 0.000024 seconds.
  path: Assets/map/maps/jawbreaker_tiles_7.asset
  artifactKey: Guid(1058291acb135da4e94f4c1d03e2efce) Importer(815301076,1909f56bfc062723c751e8b465ee728b)
Start importing Assets/map/maps/jawbreaker_tiles_7.asset using Guid(1058291acb135da4e94f4c1d03e2efce) Importer(815301076,1909f56bfc062723c751e8b465ee728b)  -> (artifact id: '4ac09f5a23a0f3b95ee3e099602d45a0') in 0.017039 seconds 
========================================================================
Received Import Request.
  Time since last request: 0.000027 seconds.
  path: Assets/map/maps/jawbreaker_tiles_2.asset
  artifactKey: Guid(e7b78b26ec525ea45801e079871c9631) Importer(815301076,1909f56bfc062723c751e8b465ee728b)
Start importing Assets/map/maps/jawbreaker_tiles_2.asset using Guid(e7b78b26ec525ea45801e079871c9631) Importer(815301076,1909f56bfc062723c751e8b465ee728b)  -> (artifact id: '0b8e6591f0522bcb41fa0f88d4a7d3b9') in 0.017557 seconds 
========================================================================
Received Import Request.
  Time since last request: 0.000020 seconds.
  path: Assets/map/maps/jawbreaker_tiles_3.asset
  artifactKey: Guid(0cda79d741ebaaf49a83c387a8d380f8) Importer(815301076,1909f56bfc062723c751e8b465ee728b)
Start importing Assets/map/maps/jawbreaker_tiles_3.asset using Guid(0cda79d741ebaaf49a83c387a8d380f8) Importer(815301076,1909f56bfc062723c751e8b465ee728b)  -> (artifact id: '06230ed9e42037e0c1583b5988780f6e') in 0.021396 seconds 
========================================================================
Received Import Request.
  Time since last request: 0.000020 seconds.
  path: Packages/com.unity.inputsystem/InputSystem/Editor/Icons/Interactive Binding@2x.png
  artifactKey: Guid(2027b97fd12d842d7a3169c784502a54) Importer(815301076,1909f56bfc062723c751e8b465ee728b)
Start importing Packages/com.unity.inputsystem/InputSystem/Editor/Icons/Interactive Binding@2x.png using Guid(2027b97fd12d842d7a3169c784502a54) Importer(815301076,1909f56bfc062723c751e8b465ee728b)  -> (artifact id: '2ead0c2295fdb84cd0ec7521fc6c7a03') in 0.014912 seconds 
========================================================================
Received Import Request.
  Time since last request: 0.000058 seconds.
  path: Packages/com.unity.inputsystem/InputSystem/Editor/Icons/InputAction.png
  artifactKey: Guid(40265a896a0f341bb956e90c59025a29) Importer(815301076,1909f56bfc062723c751e8b465ee728b)
Start importing Packages/com.unity.inputsystem/InputSystem/Editor/Icons/InputAction.png using Guid(40265a896a0f341bb956e90c59025a29) Importer(815301076,1909f56bfc062723c751e8b465ee728b)  -> (artifact id: '188f06542ab5f9c46a9695de34e780b1') in 0.014874 seconds 
========================================================================
Received Import Request.
  Time since last request: 0.000046 seconds.
  path: Assets/map/maps/jawbreaker_tiles_5.asset
  artifactKey: Guid(cb65fd4bf7fec664cb1bd5ff77ca5411) Importer(815301076,1909f56bfc062723c751e8b465ee728b)
Start importing Assets/map/maps/jawbreaker_tiles_5.asset using Guid(cb65fd4bf7fec664cb1bd5ff77ca5411) Importer(815301076,1909f56bfc062723c751e8b465ee728b)  -> (artifact id: '262a5ad6757f1388ece85d2d35e1bd59') in 0.017954 seconds 
========================================================================
Received Import Request.
  Time since last request: 0.000037 seconds.
  path: Packages/com.unity.collab-proxy/Editor/PlasticSCM/Assets/Layouts/WaitingSignInPanel.uxml
  artifactKey: Guid(913c727eecab25c489fa2adbad9c9ab8) Importer(815301076,1909f56bfc062723c751e8b465ee728b)
Start importing Packages/com.unity.collab-proxy/Editor/PlasticSCM/Assets/Layouts/WaitingSignInPanel.uxml using Guid(913c727eecab25c489fa2adbad9c9ab8) Importer(815301076,1909f56bfc062723c751e8b465ee728b)  -> (artifact id: '531768d1ce6ffa736da2ab2699b72945') in 0.016917 seconds 
========================================================================
Received Import Request.
  Time since last request: 0.000029 seconds.
  path: Packages/com.unity.2d.animation/Editor/Assets/SkinningModule/VisibilityToolWindow.uxml
  artifactKey: Guid(7c5cb5d0bb89666419fa44a3e64ed366) Importer(815301076,1909f56bfc062723c751e8b465ee728b)
Start importing Packages/com.unity.2d.animation/Editor/Assets/SkinningModule/VisibilityToolWindow.uxml using Guid(7c5cb5d0bb89666419fa44a3e64ed366) Importer(815301076,1909f56bfc062723c751e8b465ee728b)  -> (artifact id: '5f2dddada9ae88c3581e1b4f73acd615') in 0.014304 seconds 
========================================================================
Received Import Request.
  Time since last request: 0.000026 seconds.
  path: Assets/map/maps/jawbreaker_tiles_0.asset
  artifactKey: Guid(c4308ab666ff502499b7a6d7d1f7b2d5) Importer(815301076,1909f56bfc062723c751e8b465ee728b)
Start importing Assets/map/maps/jawbreaker_tiles_0.asset using Guid(c4308ab666ff502499b7a6d7d1f7b2d5) Importer(815301076,1909f56bfc062723c751e8b465ee728b)  -> (artifact id: 'bf61f2dfe4bb7c7b861404a47264d2d9') in 0.016738 seconds 
========================================================================
Received Import Request.
  Time since last request: 0.000025 seconds.
  path: Packages/com.unity.collab-proxy/Editor/PlasticSCM/Assets/Layouts/TabView.uxml
  artifactKey: Guid(d0a8e201e79e1f441bdf295aef957220) Importer(815301076,1909f56bfc062723c751e8b465ee728b)
Start importing Packages/com.unity.collab-proxy/Editor/PlasticSCM/Assets/Layouts/TabView.uxml using Guid(d0a8e201e79e1f441bdf295aef957220) Importer(815301076,1909f56bfc062723c751e8b465ee728b)  -> (artifact id: '39c066207db5a902a97e5e03a89e0e41') in 0.014100 seconds 
========================================================================
Received Import Request.
  Time since last request: 1.188406 seconds.
  path: Packages/com.unity.timeline/Editor/Localization/ja.po
  artifactKey: Guid(2cb1ca12d228148318e1a7d8cc441147) Importer(815301076,1909f56bfc062723c751e8b465ee728b)
Start importing Packages/com.unity.timeline/Editor/Localization/ja.po using Guid(2cb1ca12d228148318e1a7d8cc441147) Importer(815301076,1909f56bfc062723c751e8b465ee728b)  -> (artifact id: '4b54336c7f312dd69bb74d75d6e99494') in 0.014241 seconds 
========================================================================
Received Import Request.
  Time since last request: 0.318761 seconds.
  path: Assets/map/maps/jawbreaker_tiles_9.asset
  artifactKey: Guid(584b68c13b8e0f243aa8df8cb3b76e7b) Importer(815301076,1909f56bfc062723c751e8b465ee728b)
Start importing Assets/map/maps/jawbreaker_tiles_9.asset using Guid(584b68c13b8e0f243aa8df8cb3b76e7b) Importer(815301076,1909f56bfc062723c751e8b465ee728b)  -> (artifact id: '6dcb186e7f1678887b01641a2d33570b') in 0.018201 seconds 
========================================================================
Received Import Request.
  Time since last request: 0.000025 seconds.
  path: Assets/map/maps/jawbreaker_tiles_16.asset
  artifactKey: Guid(0ec471bb8bfc34845a297d4d4399828f) Importer(815301076,1909f56bfc062723c751e8b465ee728b)
Start importing Assets/map/maps/jawbreaker_tiles_16.asset using Guid(0ec471bb8bfc34845a297d4d4399828f) Importer(815301076,1909f56bfc062723c751e8b465ee728b)  -> (artifact id: 'f5ee9d878b7586fec663d23edbfbcb3b') in 0.023877 seconds 
========================================================================
Received Import Request.
  Time since last request: 0.000059 seconds.
  path: Assets/map/maps/jawbreaker_tiles_14.asset
  artifactKey: Guid(ade9ccd59539ffc46817fc75f1762fb5) Importer(815301076,1909f56bfc062723c751e8b465ee728b)
Start importing Assets/map/maps/jawbreaker_tiles_14.asset using Guid(ade9ccd59539ffc46817fc75f1762fb5) Importer(815301076,1909f56bfc062723c751e8b465ee728b)  -> (artifact id: 'af49e7085dfaf683bb85f5b6bcc9ef9f') in 0.023299 seconds 
========================================================================
Received Import Request.
  Time since last request: 0.000032 seconds.
  path: Assets/map/maps/jawbreaker_tiles_11.asset
  artifactKey: Guid(089bca92d93cdad45a03f7858df7318b) Importer(815301076,1909f56bfc062723c751e8b465ee728b)
Start importing Assets/map/maps/jawbreaker_tiles_11.asset using Guid(089bca92d93cdad45a03f7858df7318b) Importer(815301076,1909f56bfc062723c751e8b465ee728b)  -> (artifact id: 'ea17ec1a186fd649ec19984dfb60583b') in 0.023245 seconds 
========================================================================
Received Import Request.
  Time since last request: 0.000027 seconds.
  path: Assets/map/maps/jawbreaker_tiles_24.asset
  artifactKey: Guid(a381c6acef678484f9b186e592c4bbb7) Importer(815301076,1909f56bfc062723c751e8b465ee728b)
Start importing Assets/map/maps/jawbreaker_tiles_24.asset using Guid(a381c6acef678484f9b186e592c4bbb7) Importer(815301076,1909f56bfc062723c751e8b465ee728b)  -> (artifact id: 'a91b360f809fa27283211197acf98eb0') in 0.020005 seconds 
========================================================================
Received Import Request.
  Time since last request: 0.000043 seconds.
  path: Assets/map/maps/jawbreaker_tiles_26.asset
  artifactKey: Guid(2c07cad2acf050a4e9082a6fc4a4a6ae) Importer(815301076,1909f56bfc062723c751e8b465ee728b)
Start importing Assets/map/maps/jawbreaker_tiles_26.asset using Guid(2c07cad2acf050a4e9082a6fc4a4a6ae) Importer(815301076,1909f56bfc062723c751e8b465ee728b)  -> (artifact id: '79bdc13dc4a7bb8ba1cdd99669f69ee2') in 0.018647 seconds 
========================================================================
Received Import Request.
  Time since last request: 0.000023 seconds.
  path: Assets/map/maps/jawbreaker_tiles_30.asset
  artifactKey: Guid(1384b664f6570774895d6302f5ac0223) Importer(815301076,1909f56bfc062723c751e8b465ee728b)
Start importing Assets/map/maps/jawbreaker_tiles_30.asset using Guid(1384b664f6570774895d6302f5ac0223) Importer(815301076,1909f56bfc062723c751e8b465ee728b)  -> (artifact id: 'a50535f2aa2fb73b802bb5287e36a9ad') in 0.017452 seconds 
========================================================================
Received Import Request.
  Time since last request: 0.000036 seconds.
  path: Assets/map/maps/jawbreaker_tiles_27.asset
  artifactKey: Guid(90eef616218594d4f93ac9d73dc97174) Importer(815301076,1909f56bfc062723c751e8b465ee728b)
Start importing Assets/map/maps/jawbreaker_tiles_27.asset using Guid(90eef616218594d4f93ac9d73dc97174) Importer(815301076,1909f56bfc062723c751e8b465ee728b)  -> (artifact id: '3fbc7873710c41db3f085df8b885f8bf') in 0.019196 seconds 
========================================================================
Received Import Request.
  Time since last request: 0.000025 seconds.
  path: Assets/map/maps/jawbreaker_tiles_29.asset
  artifactKey: Guid(aae03b4ac7aecbb449dd425618a4dbf0) Importer(815301076,1909f56bfc062723c751e8b465ee728b)
Start importing Assets/map/maps/jawbreaker_tiles_29.asset using Guid(aae03b4ac7aecbb449dd425618a4dbf0) Importer(815301076,1909f56bfc062723c751e8b465ee728b)  -> (artifact id: 'e9a7cbbcc6cab677d6447ce1d7101d40') in 0.019139 seconds 
========================================================================
Received Import Request.
  Time since last request: 0.000022 seconds.
  path: Assets/map/maps/jawbreaker_tiles_23.asset
  artifactKey: Guid(7c0f0da36576c26479cc63b32750c75d) Importer(815301076,1909f56bfc062723c751e8b465ee728b)
Start importing Assets/map/maps/jawbreaker_tiles_23.asset using Guid(7c0f0da36576c26479cc63b32750c75d) Importer(815301076,1909f56bfc062723c751e8b465ee728b)  -> (artifact id: '0748af0b483b2c368d8f8729db1228b0') in 0.019956 seconds 
========================================================================
Received Import Request.
  Time since last request: 0.000044 seconds.
  path: Assets/map/maps/jawbreaker_tiles_25.asset
  artifactKey: Guid(4f4a4e1504a158b48a038b524633558c) Importer(815301076,1909f56bfc062723c751e8b465ee728b)
Start importing Assets/map/maps/jawbreaker_tiles_25.asset using Guid(4f4a4e1504a158b48a038b524633558c) Importer(815301076,1909f56bfc062723c751e8b465ee728b)  -> (artifact id: '3d8b299b9577d33a3692e5d184e4bb12') in 0.021714 seconds 
========================================================================
Received Import Request.
  Time since last request: 0.000036 seconds.
  path: Assets/map/maps/jawbreaker_tiles_28.asset
  artifactKey: Guid(63d2818150909f34b89782f17b623124) Importer(815301076,1909f56bfc062723c751e8b465ee728b)
Start importing Assets/map/maps/jawbreaker_tiles_28.asset using Guid(63d2818150909f34b89782f17b623124) Importer(815301076,1909f56bfc062723c751e8b465ee728b)  -> (artifact id: '1df80dc2d0661a4cfa3824b10299c097') in 0.020105 seconds 
========================================================================
Received Import Request.
  Time since last request: 0.000031 seconds.
  path: Assets/map/maps/jawbreaker_tiles_13.asset
  artifactKey: Guid(d79ed266b2aa8a64286c893612cc72ca) Importer(815301076,1909f56bfc062723c751e8b465ee728b)
Start importing Assets/map/maps/jawbreaker_tiles_13.asset using Guid(d79ed266b2aa8a64286c893612cc72ca) Importer(815301076,1909f56bfc062723c751e8b465ee728b)  -> (artifact id: 'd080881a1d3a38ae1c2e3faf22bce273') in 0.018656 seconds 
========================================================================
Received Import Request.
  Time since last request: 0.000027 seconds.
  path: Assets/map/maps/jawbreaker_tiles_22.asset
  artifactKey: Guid(3f3006425d65390428a26f0349456e96) Importer(815301076,1909f56bfc062723c751e8b465ee728b)
Start importing Assets/map/maps/jawbreaker_tiles_22.asset using Guid(3f3006425d65390428a26f0349456e96) Importer(815301076,1909f56bfc062723c751e8b465ee728b)  -> (artifact id: 'b7dd2559a523c4d4b3d3e655efa73ff7') in 0.017830 seconds 
========================================================================
Received Import Request.
  Time since last request: 0.000023 seconds.
  path: Assets/map/maps/jawbreaker_tiles_15.asset
  artifactKey: Guid(eb78a02643fc9b34191a277daf5ace6f) Importer(815301076,1909f56bfc062723c751e8b465ee728b)
Start importing Assets/map/maps/jawbreaker_tiles_15.asset using Guid(eb78a02643fc9b34191a277daf5ace6f) Importer(815301076,1909f56bfc062723c751e8b465ee728b)  -> (artifact id: '2751cad66b9e177b48d27549ab9d8b71') in 0.019230 seconds 
========================================================================
Received Import Request.
  Time since last request: 0.000052 seconds.
  path: Assets/map/maps/jawbreaker_tiles_10.asset
  artifactKey: Guid(6064b15c82e47c043a358a50498e3977) Importer(815301076,1909f56bfc062723c751e8b465ee728b)
Start importing Assets/map/maps/jawbreaker_tiles_10.asset using Guid(6064b15c82e47c043a358a50498e3977) Importer(815301076,1909f56bfc062723c751e8b465ee728b)  -> (artifact id: '23c9d342727361d969bd92517c37a7b6') in 0.022543 seconds 
========================================================================
Received Import Request.
  Time since last request: 0.000023 seconds.
  path: Assets/map/maps/jawbreaker_tiles_12.asset
  artifactKey: Guid(be30c708986bb5c44b80d07f624b7058) Importer(815301076,1909f56bfc062723c751e8b465ee728b)
Start importing Assets/map/maps/jawbreaker_tiles_12.asset using Guid(be30c708986bb5c44b80d07f624b7058) Importer(815301076,1909f56bfc062723c751e8b465ee728b)  -> (artifact id: '27c614ba0d0818ee7979c42481bbefeb') in 0.020102 seconds 
========================================================================
Received Import Request.
  Time since last request: 0.000027 seconds.
  path: Assets/map/maps/jawbreaker_tiles_17.asset
  artifactKey: Guid(d2f2e1182dc4bee4ab9eed3c837a689b) Importer(815301076,1909f56bfc062723c751e8b465ee728b)
Start importing Assets/map/maps/jawbreaker_tiles_17.asset using Guid(d2f2e1182dc4bee4ab9eed3c837a689b) Importer(815301076,1909f56bfc062723c751e8b465ee728b)  -> (artifact id: 'a168cbee0cf0f4c6f136aa240b4a6297') in 0.018966 seconds 
========================================================================
Received Import Request.
  Time since last request: 0.000023 seconds.
  path: Assets/map/maps/jawbreaker_tiles_31.asset
  artifactKey: Guid(608d489204e353f47b514a6d1865daa2) Importer(815301076,1909f56bfc062723c751e8b465ee728b)
Start importing Assets/map/maps/jawbreaker_tiles_31.asset using Guid(608d489204e353f47b514a6d1865daa2) Importer(815301076,1909f56bfc062723c751e8b465ee728b)  -> (artifact id: '1ca69c6332a9147f0d67f2a9162906ef') in 0.017987 seconds 
========================================================================
Received Import Request.
  Time since last request: 0.000049 seconds.
  path: Assets/map/maps/jawbreaker_tiles_36.asset
  artifactKey: Guid(e7af477b13a8d5c4f86cb6dc483bb5fc) Importer(815301076,1909f56bfc062723c751e8b465ee728b)
Start importing Assets/map/maps/jawbreaker_tiles_36.asset using Guid(e7af477b13a8d5c4f86cb6dc483bb5fc) Importer(815301076,1909f56bfc062723c751e8b465ee728b)  -> (artifact id: '24f8432f7a9b643d2aa5c4dc6a481ae9') in 0.016892 seconds 
========================================================================
Received Import Request.
  Time since last request: 0.000055 seconds.
  path: Assets/map/maps/jawbreaker_tiles_32.asset
  artifactKey: Guid(11c4afa18bd41984c88fd6a51a94eefe) Importer(815301076,1909f56bfc062723c751e8b465ee728b)
Start importing Assets/map/maps/jawbreaker_tiles_32.asset using Guid(11c4afa18bd41984c88fd6a51a94eefe) Importer(815301076,1909f56bfc062723c751e8b465ee728b)  -> (artifact id: '8019edfa095ae62a789bcb19f8a044de') in 0.018810 seconds 
========================================================================
Received Import Request.
  Time since last request: 0.000026 seconds.
  path: Assets/map/maps/jawbreaker_tiles_33.asset
  artifactKey: Guid(2aa26fce55d03d749aad85d1eff57473) Importer(815301076,1909f56bfc062723c751e8b465ee728b)
Start importing Assets/map/maps/jawbreaker_tiles_33.asset using Guid(2aa26fce55d03d749aad85d1eff57473) Importer(815301076,1909f56bfc062723c751e8b465ee728b)  -> (artifact id: '0f8942b9cc3da1cbbe65a7f474d5bb35') in 0.017679 seconds 
========================================================================
Received Import Request.
  Time since last request: 0.000019 seconds.
  path: Assets/map/maps/jawbreaker_tiles_39.asset
  artifactKey: Guid(ee1b637290152374999bbcd6ce43aa07) Importer(815301076,1909f56bfc062723c751e8b465ee728b)
Start importing Assets/map/maps/jawbreaker_tiles_39.asset using Guid(ee1b637290152374999bbcd6ce43aa07) Importer(815301076,1909f56bfc062723c751e8b465ee728b)  -> (artifact id: '324c4e0ea9989a54d4088a69cb61ebda') in 0.019661 seconds 
========================================================================
Received Import Request.
  Time since last request: 0.000027 seconds.
  path: Assets/map/maps/jawbreaker_tiles_37.asset
  artifactKey: Guid(d11f086ce5bcbf740957a2e1564d84f4) Importer(815301076,1909f56bfc062723c751e8b465ee728b)
Start importing Assets/map/maps/jawbreaker_tiles_37.asset using Guid(d11f086ce5bcbf740957a2e1564d84f4) Importer(815301076,1909f56bfc062723c751e8b465ee728b)  -> (artifact id: 'd8cc46e578d82e035096faf0b7c488bb') in 0.017070 seconds 
========================================================================
Received Import Request.
  Time since last request: 0.000022 seconds.
  path: Assets/map/maps/jawbreaker_tiles_40.asset
  artifactKey: Guid(e39b376c168401c418fbbddda3070169) Importer(815301076,1909f56bfc062723c751e8b465ee728b)
Start importing Assets/map/maps/jawbreaker_tiles_40.asset using Guid(e39b376c168401c418fbbddda3070169) Importer(815301076,1909f56bfc062723c751e8b465ee728b)  -> (artifact id: 'b2c550c3630b5293da3eafa492d22ac7') in 0.017146 seconds 
========================================================================
Received Import Request.
  Time since last request: 0.000050 seconds.
  path: Assets/map/maps/jawbreaker_tiles_34.asset
  artifactKey: Guid(954ecdfdd63b5a448bac3acbe22da6fd) Importer(815301076,1909f56bfc062723c751e8b465ee728b)
Start importing Assets/map/maps/jawbreaker_tiles_34.asset using Guid(954ecdfdd63b5a448bac3acbe22da6fd) Importer(815301076,1909f56bfc062723c751e8b465ee728b)  -> (artifact id: 'f21b20ce5f515044b3064187159508af') in 0.018456 seconds 
========================================================================
Received Import Request.
  Time since last request: 0.000023 seconds.
  path: Assets/map/maps/jawbreaker_tiles_38.asset
  artifactKey: Guid(37bc940858a59484894953e6860eabb3) Importer(815301076,1909f56bfc062723c751e8b465ee728b)
Start importing Assets/map/maps/jawbreaker_tiles_38.asset using Guid(37bc940858a59484894953e6860eabb3) Importer(815301076,1909f56bfc062723c751e8b465ee728b)  -> (artifact id: '349503302be14c76aaeaa3b0a6defafa') in 0.017434 seconds 
========================================================================
Received Import Request.
  Time since last request: 0.000021 seconds.
  path: Assets/map/maps/jawbreaker_tiles_35.asset
  artifactKey: Guid(67411e64137ee6c44896215f8598beb4) Importer(815301076,1909f56bfc062723c751e8b465ee728b)
Start importing Assets/map/maps/jawbreaker_tiles_35.asset using Guid(67411e64137ee6c44896215f8598beb4) Importer(815301076,1909f56bfc062723c751e8b465ee728b)  -> (artifact id: '483c9ac424905eb91f87038279a1e379') in 0.020855 seconds 
========================================================================
Received Import Request.
  Time since last request: 21.408582 seconds.
  path: Packages/com.unity.2d.animation/Editor/Assets/SkinningModule/VisibilityToolbar.uxml
  artifactKey: Guid(2cea33b1d0032174c8833d64fbf31529) Importer(815301076,1909f56bfc062723c751e8b465ee728b)
Start importing Packages/com.unity.2d.animation/Editor/Assets/SkinningModule/VisibilityToolbar.uxml using Guid(2cea33b1d0032174c8833d64fbf31529) Importer(815301076,1909f56bfc062723c751e8b465ee728b)  -> (artifact id: 'a37b65b506a4d7e6a59b76f55f154e98') in 0.018720 seconds 
========================================================================
Received Import Request.
  Time since last request: 0.000032 seconds.
  path: Packages/com.unity.collab-proxy/Editor/PlasticSCM/Assets/Layouts/PlasticWindow/StatusBar.uxml
  artifactKey: Guid(872252c6da7ba3c4ba34ad38b39b4f4c) Importer(815301076,1909f56bfc062723c751e8b465ee728b)
Start importing Packages/com.unity.collab-proxy/Editor/PlasticSCM/Assets/Layouts/PlasticWindow/StatusBar.uxml using Guid(872252c6da7ba3c4ba34ad38b39b4f4c) Importer(815301076,1909f56bfc062723c751e8b465ee728b)  -> (artifact id: '2817fedf40847ac9030dfcb1e4192724') in 0.017733 seconds 
========================================================================
Received Import Request.
  Time since last request: 0.000034 seconds.
  path: Packages/com.unity.collab-proxy/Editor/PlasticSCM/Assets/Layouts/TeamEditionConfigurationWindow.uxml
  artifactKey: Guid(26d3a583da6079145a52a8bef4beb6c5) Importer(815301076,1909f56bfc062723c751e8b465ee728b)
Start importing Packages/com.unity.collab-proxy/Editor/PlasticSCM/Assets/Layouts/TeamEditionConfigurationWindow.uxml using Guid(26d3a583da6079145a52a8bef4beb6c5) Importer(815301076,1909f56bfc062723c751e8b465ee728b)  -> (artifact id: 'eafa4e989573f85cb773f44ef6b65461') in 0.015011 seconds 
========================================================================
Received Import Request.
  Time since last request: 0.000031 seconds.
  path: Packages/com.unity.collab-proxy/Editor/PlasticSCM/Assets/Layouts/CreateOrganizationPanel.uxml
  artifactKey: Guid(544ec465751093542a3bb5d42b6b5689) Importer(815301076,1909f56bfc062723c751e8b465ee728b)
Start importing Packages/com.unity.collab-proxy/Editor/PlasticSCM/Assets/Layouts/CreateOrganizationPanel.uxml using Guid(544ec465751093542a3bb5d42b6b5689) Importer(815301076,1909f56bfc062723c751e8b465ee728b)  -> (artifact id: '84bb4c7701157e3cba672253a55a8989') in 0.015761 seconds 
========================================================================
Received Import Request.
  Time since last request: 0.000026 seconds.
  path: Packages/com.unity.collab-proxy/Editor/PlasticSCM/Assets/Layouts/SignInPanel.uxml
  artifactKey: Guid(18b097dd2d10fb442a321314f4541401) Importer(815301076,1909f56bfc062723c751e8b465ee728b)
Start importing Packages/com.unity.collab-proxy/Editor/PlasticSCM/Assets/Layouts/SignInPanel.uxml using Guid(18b097dd2d10fb442a321314f4541401) Importer(815301076,1909f56bfc062723c751e8b465ee728b)  -> (artifact id: '5ade138d2a0cdcf4695900143fb4ebdf') in 0.015135 seconds 
========================================================================
Received Import Request.
  Time since last request: 0.000026 seconds.
  path: Packages/com.unity.2d.animation/Editor/Assets/SkinningModule/BoneReparentWindow.uxml
  artifactKey: Guid(d195aed64b2027a4197eb33df30324a3) Importer(815301076,1909f56bfc062723c751e8b465ee728b)
Start importing Packages/com.unity.2d.animation/Editor/Assets/SkinningModule/BoneReparentWindow.uxml using Guid(d195aed64b2027a4197eb33df30324a3) Importer(815301076,1909f56bfc062723c751e8b465ee728b)  -> (artifact id: 'a02dd0e556bd51753ea5896784d3d44b') in 0.015106 seconds 
========================================================================
Received Import Request.
  Time since last request: 1.177580 seconds.
  path: Assets/map/maps/jawbreaker_tiles_21.asset
  artifactKey: Guid(5cd57e9b7baa77b4094505aae9913c83) Importer(815301076,1909f56bfc062723c751e8b465ee728b)
Start importing Assets/map/maps/jawbreaker_tiles_21.asset using Guid(5cd57e9b7baa77b4094505aae9913c83) Importer(815301076,1909f56bfc062723c751e8b465ee728b)  -> (artifact id: 'b845e9fa02284f7762dcbb8eb8ae5942') in 0.019776 seconds 
========================================================================
Received Import Request.
  Time since last request: 0.064594 seconds.
  path: Assets/map/maps/jawbreaker_tiles_44.asset
  artifactKey: Guid(9b61437138b03d0469410523bb68ef45) Importer(815301076,1909f56bfc062723c751e8b465ee728b)
Start importing Assets/map/maps/jawbreaker_tiles_44.asset using Guid(9b61437138b03d0469410523bb68ef45) Importer(815301076,1909f56bfc062723c751e8b465ee728b)  -> (artifact id: '701bfbae065bd27d65510234ff5226c7') in 0.022610 seconds 
========================================================================
Received Import Request.
  Time since last request: 0.000021 seconds.
  path: Assets/map/maps/jawbreaker_tiles_49.asset
  artifactKey: Guid(f438cc1bd9f1d3f4c9949768a4d6b5a2) Importer(815301076,1909f56bfc062723c751e8b465ee728b)
Start importing Assets/map/maps/jawbreaker_tiles_49.asset using Guid(f438cc1bd9f1d3f4c9949768a4d6b5a2) Importer(815301076,1909f56bfc062723c751e8b465ee728b)  -> (artifact id: '158342df479937f75e83f3880dabaf08') in 0.018932 seconds 
========================================================================
Received Import Request.
  Time since last request: 0.000041 seconds.
  path: Assets/map/maps/jawbreaker_tiles_52.asset
  artifactKey: Guid(3bd9e8ba53b76b442972f149882bead7) Importer(815301076,1909f56bfc062723c751e8b465ee728b)
Start importing Assets/map/maps/jawbreaker_tiles_52.asset using Guid(3bd9e8ba53b76b442972f149882bead7) Importer(815301076,1909f56bfc062723c751e8b465ee728b)  -> (artifact id: '6f16cc369782dcf6cbec7f2540304855') in 0.023805 seconds 
========================================================================
Received Import Request.
  Time since last request: 0.000046 seconds.
  path: Assets/map/maps/jawbreaker_tiles_46.asset
  artifactKey: Guid(494a9f58d57776d4392d0b24cd3b632f) Importer(815301076,1909f56bfc062723c751e8b465ee728b)
Start importing Assets/map/maps/jawbreaker_tiles_46.asset using Guid(494a9f58d57776d4392d0b24cd3b632f) Importer(815301076,1909f56bfc062723c751e8b465ee728b)  -> (artifact id: '4c6ffc2539bc47921e17e0033c2c14ce') in 0.018083 seconds 
========================================================================
Received Import Request.
  Time since last request: 0.038983 seconds.
  path: Assets/map/maps/jawbreaker_tiles_65.asset
  artifactKey: Guid(4289402d8b1671c40810677eb539ddb2) Importer(815301076,1909f56bfc062723c751e8b465ee728b)
Start importing Assets/map/maps/jawbreaker_tiles_65.asset using Guid(4289402d8b1671c40810677eb539ddb2) Importer(815301076,1909f56bfc062723c751e8b465ee728b)  -> (artifact id: '3f052b9fbd3cd3ee566672daa13e4279') in 0.019124 seconds 
========================================================================
Received Import Request.
  Time since last request: 0.000031 seconds.
  path: Assets/map/maps/jawbreaker_tiles_71.asset
  artifactKey: Guid(ca42f9f5ced043d40ad62451f5dc2ec6) Importer(815301076,1909f56bfc062723c751e8b465ee728b)
Start importing Assets/map/maps/jawbreaker_tiles_71.asset using Guid(ca42f9f5ced043d40ad62451f5dc2ec6) Importer(815301076,1909f56bfc062723c751e8b465ee728b)  -> (artifact id: '43c86b454166d49198a2496952a24110') in 0.021848 seconds 
========================================================================
Received Import Request.
  Time since last request: 0.399384 seconds.
  path: Packages/com.unity.inputsystem/InputSystem/Editor/Icons/Mouse@4x.png
  artifactKey: Guid(a0b78c5ab9d654a9daba91ff774b4931) Importer(815301076,1909f56bfc062723c751e8b465ee728b)
Start importing Packages/com.unity.inputsystem/InputSystem/Editor/Icons/Mouse@4x.png using Guid(a0b78c5ab9d654a9daba91ff774b4931) Importer(815301076,1909f56bfc062723c751e8b465ee728b)  -> (artifact id: '66585eba3fb37d5dd1d74263767e2351') in 0.015232 seconds 
========================================================================
Received Import Request.
  Time since last request: 0.257615 seconds.
  path: Packages/com.unity.inputsystem/InputSystem/Editor/Icons/Orientation@3x.png
  artifactKey: Guid(5f09d534eb1414449a2758696bd4dd11) Importer(815301076,1909f56bfc062723c751e8b465ee728b)
Start importing Packages/com.unity.inputsystem/InputSystem/Editor/Icons/Orientation@3x.png using Guid(5f09d534eb1414449a2758696bd4dd11) Importer(815301076,1909f56bfc062723c751e8b465ee728b)  -> (artifact id: '0a58e175dd65161994f4c61525f9e3b0') in 0.013869 seconds 
========================================================================
Received Import Request.
  Time since last request: 0.000021 seconds.
  path: Packages/com.unity.2d.psdimporter/package.json
  artifactKey: Guid(2f948ecb81c850949a2725b1ba265844) Importer(815301076,1909f56bfc062723c751e8b465ee728b)
Start importing Packages/com.unity.2d.psdimporter/package.json using Guid(2f948ecb81c850949a2725b1ba265844) Importer(815301076,1909f56bfc062723c751e8b465ee728b)  -> (artifact id: '78a2882d5f4ee873ae0e84878b2e42f9') in 0.018349 seconds 
========================================================================
Received Import Request.
  Time since last request: 0.000022 seconds.
  path: Packages/com.unity.2d.path/package.json
  artifactKey: Guid(990785fe75c54584ab4201a3e20e1655) Importer(815301076,1909f56bfc062723c751e8b465ee728b)
Start importing Packages/com.unity.2d.path/package.json using Guid(990785fe75c54584ab4201a3e20e1655) Importer(815301076,1909f56bfc062723c751e8b465ee728b)  -> (artifact id: '26a595bab0a62a2991a4dad0b6b84732') in 0.024636 seconds 
========================================================================
Received Import Request.
  Time since last request: 0.000034 seconds.
  path: Packages/com.unity.inputsystem/InputSystem/Editor/Icons/Orientation@4x.png
  artifactKey: Guid(1c751eb104ad5407992e614361d5f81e) Importer(815301076,1909f56bfc062723c751e8b465ee728b)
Start importing Packages/com.unity.inputsystem/InputSystem/Editor/Icons/Orientation@4x.png using Guid(1c751eb104ad5407992e614361d5f81e) Importer(815301076,1909f56bfc062723c751e8b465ee728b)  -> (artifact id: '0fe032ee01dde0c9ed47dfaaaf6f269b') in 0.014363 seconds 
========================================================================
Received Import Request.
  Time since last request: 0.042692 seconds.
  path: Packages/com.unity.2d.tilemap.extras/package.json
  artifactKey: Guid(a9f15b7c9363d9944a7d69248fd279ec) Importer(815301076,1909f56bfc062723c751e8b465ee728b)
Start importing Packages/com.unity.2d.tilemap.extras/package.json using Guid(a9f15b7c9363d9944a7d69248fd279ec) Importer(815301076,1909f56bfc062723c751e8b465ee728b)  -> (artifact id: '22c87bb830abaa8835435a0c18ed8091') in 0.009123 seconds 
========================================================================
Received Import Request.
  Time since last request: 0.000027 seconds.
  path: Packages/com.unity.ide.rider/package.json
  artifactKey: Guid(66c95bb3c74257f41bae2622511dc02d) Importer(815301076,1909f56bfc062723c751e8b465ee728b)
Start importing Packages/com.unity.ide.rider/package.json using Guid(66c95bb3c74257f41bae2622511dc02d) Importer(815301076,1909f56bfc062723c751e8b465ee728b)  -> (artifact id: '84743056ad88ae4384470c31d1e72007') in 0.009309 seconds 
========================================================================
Received Import Request.
  Time since last request: 0.000031 seconds.
  path: Packages/com.unity.ide.vscode/package.json
  artifactKey: Guid(ffc6271f08270b64ca0aae9c49235d81) Importer(815301076,1909f56bfc062723c751e8b465ee728b)
Start importing Packages/com.unity.ide.vscode/package.json using Guid(ffc6271f08270b64ca0aae9c49235d81) Importer(815301076,1909f56bfc062723c751e8b465ee728b)  -> (artifact id: '9797d3eb575af519a91cff9ea5b73f84') in 36.125780 seconds 
Editor requested this worker to shutdown with reason: Scaling down because of idle timeout
AssetImportWorker is now disconnected from the server
Process exiting
Exiting without the bug reporter. Application will terminate with return code 0