Using pre-set license
Built from '2021.3/staging' branch; Version is '2021.3.21f1 (1b156197d683) revision 1774945'; Using compiler version '192829333'; Build Type 'Release'
OS: 'Windows 11  (10.0.22621) 64bit Core' Language: 'es' Physical Memory: 32528 MB
BatchMode: 1, IsHumanControllingUs: 0, StartBugReporterOnCrash: 0, Is64bit: 1, IsPro: 1

COMMAND LINE ARGUMENTS:
C:\Program Files\Unity\Hub\Editor\2021.3.21f1\Editor\Unity.exe
-adb2
-batchMode
-noUpm
-name
AssetImportWorker4
-projectPath
C:/Users/joelm/OneDrive/Documentos/GitHub/inverted_pacman/Client_Unity
-logFile
Logs/AssetImportWorker4.log
-srvPort
51166
Successfully changed project path to: C:/Users/joelm/OneDrive/Documentos/GitHub/inverted_pacman/Client_Unity
C:/Users/joelm/OneDrive/Documentos/GitHub/inverted_pacman/Client_Unity
[UnityMemory] Configuration Parameters - Can be set up in boot.config
    "memorysetup-bucket-allocator-granularity=16"
    "memorysetup-bucket-allocator-bucket-count=8"
    "memorysetup-bucket-allocator-block-size=33554432"
    "memorysetup-bucket-allocator-block-count=8"
    "memorysetup-main-allocator-block-size=16777216"
    "memorysetup-thread-allocator-block-size=16777216"
    "memorysetup-gfx-main-allocator-block-size=16777216"
    "memorysetup-gfx-thread-allocator-block-size=16777216"
    "memorysetup-cache-allocator-block-size=4194304"
    "memorysetup-typetree-allocator-block-size=2097152"
    "memorysetup-profiler-bucket-allocator-granularity=16"
    "memorysetup-profiler-bucket-allocator-bucket-count=8"
    "memorysetup-profiler-bucket-allocator-block-size=33554432"
    "memorysetup-profiler-bucket-allocator-block-count=8"
    "memorysetup-profiler-allocator-block-size=16777216"
    "memorysetup-profiler-editor-allocator-block-size=1048576"
    "memorysetup-temp-allocator-size-main=16777216"
    "memorysetup-job-temp-allocator-block-size=2097152"
    "memorysetup-job-temp-allocator-block-size-background=1048576"
    "memorysetup-job-temp-allocator-reduction-small-platforms=262144"
    "memorysetup-temp-allocator-size-background-worker=32768"
    "memorysetup-temp-allocator-size-job-worker=262144"
    "memorysetup-temp-allocator-size-preload-manager=33554432"
    "memorysetup-temp-allocator-size-nav-mesh-worker=65536"
    "memorysetup-temp-allocator-size-audio-worker=65536"
    "memorysetup-temp-allocator-size-cloud-worker=32768"
    "memorysetup-temp-allocator-size-gi-baking-worker=262144"
    "memorysetup-temp-allocator-size-gfx=262144"
Player connection [35084] Host "[IP] 192.168.56.1 [Port] 0 [Flags] 2 [Guid] 3605505126 [EditorId] 3605505126 [Version] 1048832 [Id] WindowsEditor(7,MSI) [Debug] 1 [PackageName] WindowsEditor [ProjectName] Editor" joined multi-casting on [225.0.0.222:54997]...

Player connection [35084] Host "[IP] 192.168.56.1 [Port] 0 [Flags] 2 [Guid] 3605505126 [EditorId] 3605505126 [Version] 1048832 [Id] WindowsEditor(7,MSI) [Debug] 1 [PackageName] WindowsEditor [ProjectName] Editor" joined alternative multi-casting on [225.0.0.222:34997]...

Refreshing native plugins compatible for Editor in 117.58 ms, found 4 plugins.
Preloading 0 native plugins for Editor in 0.00 ms.
Initialize engine version: 2021.3.21f1 (1b156197d683)
[Subsystems] Discovering subsystems at path C:/Program Files/Unity/Hub/Editor/2021.3.21f1/Editor/Data/Resources/UnitySubsystems
[Subsystems] Discovering subsystems at path C:/Users/joelm/OneDrive/Documentos/GitHub/inverted_pacman/Client_Unity/Assets
GfxDevice: creating device client; threaded=0; jobified=0
Direct3D:
    Version:  Direct3D 11.0 [level 11.1]
    Renderer: Intel(R) UHD Graphics (ID=0x9bc4)
    Vendor:   Intel
    VRAM:     16264 MB
    Driver:   31.0.101.2111
Initialize mono
Mono path[0] = 'C:/Program Files/Unity/Hub/Editor/2021.3.21f1/Editor/Data/Managed'
Mono path[1] = 'C:/Program Files/Unity/Hub/Editor/2021.3.21f1/Editor/Data/MonoBleedingEdge/lib/mono/unityjit-win32'
Mono config path = 'C:/Program Files/Unity/Hub/Editor/2021.3.21f1/Editor/Data/MonoBleedingEdge/etc'
Using monoOptions --debugger-agent=transport=dt_socket,embedding=1,server=y,suspend=n,address=127.0.0.1:56536
Begin MonoManager ReloadAssembly
Registering precompiled unity dll's ...
Register platform support module: C:/Program Files/Unity/Hub/Editor/2021.3.21f1/Editor/Data/PlaybackEngines/WindowsStandaloneSupport/UnityEditor.WindowsStandalone.Extensions.dll
Register platform support module: C:/Program Files/Unity/Hub/Editor/2021.3.21f1/Editor/Data/PlaybackEngines/LinuxStandaloneSupport/UnityEditor.LinuxStandalone.Extensions.dll
Registered in 0.005709 seconds.
Native extension for LinuxStandalone target not found
Native extension for WindowsStandalone target not found
Refreshing native plugins compatible for Editor in 119.86 ms, found 4 plugins.
Preloading 0 native plugins for Editor in 0.00 ms.
Mono: successfully reloaded assembly
- Completed reload, in  0.790 seconds
Domain Reload Profiling:
	ReloadAssembly (790ms)
		BeginReloadAssembly (94ms)
			ExecutionOrderSort (0ms)
			DisableScriptedObjects (0ms)
			BackupInstance (0ms)
			ReleaseScriptingObjects (0ms)
			CreateAndSetChildDomain (1ms)
		EndReloadAssembly (589ms)
			LoadAssemblies (92ms)
			RebuildTransferFunctionScriptingTraits (0ms)
			SetupTypeCache (121ms)
			ReleaseScriptCaches (0ms)
			RebuildScriptCaches (35ms)
			SetupLoadedEditorAssemblies (364ms)
				LogAssemblyErrors (0ms)
				InitializePlatformSupportModulesInManaged (13ms)
				SetLoadedEditorAssemblies (0ms)
				RefreshPlugins (120ms)
				BeforeProcessingInitializeOnLoad (1ms)
				ProcessInitializeOnLoadAttributes (173ms)
				ProcessInitializeOnLoadMethodAttributes (57ms)
				AfterProcessingInitializeOnLoad (0ms)
				EditorAssembliesLoaded (0ms)
			ExecutionOrderSort2 (0ms)
			AwakeInstancesAfterBackupRestoration (0ms)
Platform modules already initialized, skipping
Registering precompiled user dll's ...
Registered in 0.010796 seconds.
Begin MonoManager ReloadAssembly
Symbol file LoadedFromMemory doesn't match image C:\Users\joelm\OneDrive\Documentos\GitHub\inverted_pacman\Client_Unity\Library\PackageCache\com.unity.visualscripting@1.8.0\Editor\VisualScripting.Core\Dependencies\YamlDotNet\Unity.VisualScripting.YamlDotNet.dll
Symbol file LoadedFromMemory doesn't match image C:\Users\joelm\OneDrive\Documentos\GitHub\inverted_pacman\Client_Unity\Library\PackageCache\com.unity.visualscripting@1.8.0\Editor\VisualScripting.Core\Dependencies\DotNetZip\Unity.VisualScripting.IonicZip.dll
Native extension for LinuxStandalone target not found
Native extension for WindowsStandalone target not found
Refreshing native plugins compatible for Editor in 128.35 ms, found 4 plugins.
Preloading 0 native plugins for Editor in 0.00 ms.
Mono: successfully reloaded assembly
- Completed reload, in  1.522 seconds
Domain Reload Profiling:
	ReloadAssembly (1523ms)
		BeginReloadAssembly (197ms)
			ExecutionOrderSort (0ms)
			DisableScriptedObjects (6ms)
			BackupInstance (0ms)
			ReleaseScriptingObjects (0ms)
			CreateAndSetChildDomain (28ms)
		EndReloadAssembly (1151ms)
			LoadAssemblies (165ms)
			RebuildTransferFunctionScriptingTraits (0ms)
			SetupTypeCache (293ms)
			ReleaseScriptCaches (1ms)
			RebuildScriptCaches (68ms)
			SetupLoadedEditorAssemblies (620ms)
				LogAssemblyErrors (0ms)
				InitializePlatformSupportModulesInManaged (8ms)
				SetLoadedEditorAssemblies (0ms)
				RefreshPlugins (128ms)
				BeforeProcessingInitializeOnLoad (148ms)
				ProcessInitializeOnLoadAttributes (289ms)
				ProcessInitializeOnLoadMethodAttributes (41ms)
				AfterProcessingInitializeOnLoad (6ms)
				EditorAssembliesLoaded (0ms)
			ExecutionOrderSort2 (0ms)
			AwakeInstancesAfterBackupRestoration (7ms)
Platform modules already initialized, skipping
========================================================================
Worker process is ready to serve import requests
Launched and connected shader compiler UnityShaderCompiler.exe after 0.04 seconds
Refreshing native plugins compatible for Editor in 2.05 ms, found 4 plugins.
Preloading 0 native plugins for Editor in 0.00 ms.
Unloading 3796 Unused Serialized files (Serialized files now loaded: 0)
Unloading 41 unused Assets / (229.3 KB). Loaded Objects now: 4252.
Memory consumption went from 146.9 MB to 146.7 MB.
Total: 6.536900 ms (FindLiveObjects: 0.575500 ms CreateObjectMapping: 0.539400 ms MarkObjects: 5.009000 ms  DeleteObjects: 0.410900 ms)

AssetImportParameters requested are different than current active one (requested -> active):
  custom:video-decoder-ogg-theora: a1e56fd34408186e4bbccfd4996cb3dc -> 
  custom:container-muxer-webm: aa71ff27fc2769a1b78a27578f13a17b -> 
  custom:container-demuxer-webm: 4f35f7cbe854078d1ac9338744f61a02 -> 
  custom:video-encoder-webm-vp8: eb34c28f22e8b96e1ab97ce403110664 -> 
  custom:audio-encoder-webm-vorbis: bf7c407c2cedff20999df2af8eb42d56 -> 
  custom:framework-win-MediaFoundation: 216162199b28c13a410421893ffa2e32 -> 
  custom:container-demuxer-ogg: 62fdf1f143b41e24485cea50d1cbac27 -> 
  custom:video-decoder-webm-vp8: 9c59270c3fd7afecdb556c50c9e8de78 -> 
  custom:audio-decoder-ogg-vorbis: bf7c407c2cedff20999df2af8eb42d56 -> 
========================================================================
Received Import Request.
  Time since last request: 354420.314078 seconds.
  path: Assets/Buttons Pixel Animation Pack/yes/72px/yes03.png
  artifactKey: Guid(2de1353afcecf6e44978b51dffcbaa21) Importer(815301076,1909f56bfc062723c751e8b465ee728b)
Start importing Assets/Buttons Pixel Animation Pack/yes/72px/yes03.png using Guid(2de1353afcecf6e44978b51dffcbaa21) Importer(815301076,1909f56bfc062723c751e8b465ee728b)  -> (artifact id: 'e7380fb7b2b9eebd1c4be6942ec8122e') in 0.262728 seconds 
========================================================================
Received Import Request.
  Time since last request: 0.000048 seconds.
  path: Assets/dungeon-pack-free_version/autotiles/water_tiles3.png
  artifactKey: Guid(1a98187b688e74c4fa4e1ed99187b116) Importer(815301076,1909f56bfc062723c751e8b465ee728b)
Start importing Assets/dungeon-pack-free_version/autotiles/water_tiles3.png using Guid(1a98187b688e74c4fa4e1ed99187b116) Importer(815301076,1909f56bfc062723c751e8b465ee728b)  -> (artifact id: '54a0f1f69856b80517357b330fcbbd4b') in 0.052449 seconds 
========================================================================
Received Import Request.
  Time since last request: 0.000063 seconds.
  path: Assets/dungeon-pack-free_version/autotiles/water_tiles7.png
  artifactKey: Guid(af0f375b467f28846bd5f969f7d4002c) Importer(815301076,1909f56bfc062723c751e8b465ee728b)
Start importing Assets/dungeon-pack-free_version/autotiles/water_tiles7.png using Guid(af0f375b467f28846bd5f969f7d4002c) Importer(815301076,1909f56bfc062723c751e8b465ee728b)  -> (artifact id: '03580934007666af3f5658b2191ca47c') in 0.046993 seconds 
========================================================================
Received Import Request.
  Time since last request: 0.000031 seconds.
  path: Assets/dungeon-pack-free_version/godot_autotiles/wall_dungeon_autotile_11.png
  artifactKey: Guid(339f365accaeef446b3f256bddccabaf) Importer(815301076,1909f56bfc062723c751e8b465ee728b)
Start importing Assets/dungeon-pack-free_version/godot_autotiles/wall_dungeon_autotile_11.png using Guid(339f365accaeef446b3f256bddccabaf) Importer(815301076,1909f56bfc062723c751e8b465ee728b)  -> (artifact id: 'c3fa391efe60cdd27747c9cfd7e215fd') in 0.037058 seconds 
========================================================================
Received Import Request.
  Time since last request: 0.000041 seconds.
  path: Assets/sprites/tilesets/walls/walls.png
  artifactKey: Guid(f29889d771801aa4f9bc4cf9183025fc) Importer(815301076,1909f56bfc062723c751e8b465ee728b)
Start importing Assets/sprites/tilesets/walls/walls.png using Guid(f29889d771801aa4f9bc4cf9183025fc) Importer(815301076,1909f56bfc062723c751e8b465ee728b)  -> (artifact id: '01600612d9e1408a7ae87787baa6c269') in 0.028497 seconds 
========================================================================
Received Import Request.
  Time since last request: 0.000046 seconds.
  path: Assets/sprites/tilesets/walls/wooden_door_b.png
  artifactKey: Guid(acf64bfe4d90e314a9fca60da0a108df) Importer(815301076,1909f56bfc062723c751e8b465ee728b)
Start importing Assets/sprites/tilesets/walls/wooden_door_b.png using Guid(acf64bfe4d90e314a9fca60da0a108df) Importer(815301076,1909f56bfc062723c751e8b465ee728b)  -> (artifact id: 'ea82ebeadf4720038d02f732aa12d402') in 0.031359 seconds 
========================================================================
Received Import Request.
  Time since last request: 0.000035 seconds.
  path: Assets/Buttons Pixel Animation Pack/yes/343px/yes01.png
  artifactKey: Guid(3c7482d41623f944cb784d63d037d7bc) Importer(815301076,1909f56bfc062723c751e8b465ee728b)
Start importing Assets/Buttons Pixel Animation Pack/yes/343px/yes01.png using Guid(3c7482d41623f944cb784d63d037d7bc) Importer(815301076,1909f56bfc062723c751e8b465ee728b)  -> (artifact id: 'b520c468d8d0c918c9c3090a25da735c') in 0.060469 seconds 
========================================================================
Received Import Request.
  Time since last request: 0.000038 seconds.
  path: Assets/sprites/tilesets/water4.png
  artifactKey: Guid(a2ae0f70fd064dd4d99b885fde39be3a) Importer(815301076,1909f56bfc062723c751e8b465ee728b)
Start importing Assets/sprites/tilesets/water4.png using Guid(a2ae0f70fd064dd4d99b885fde39be3a) Importer(815301076,1909f56bfc062723c751e8b465ee728b)  -> (artifact id: '2fc29efbc69e9e45c524af6f6e865d0c') in 0.035857 seconds 
========================================================================
Received Import Request.
  Time since last request: 0.000059 seconds.
  path: Assets/dungeon-pack-free_version/godot_autotiles/wall_dungeon_autotile_12.png
  artifactKey: Guid(8331757b3375ebd4892504dc131df01b) Importer(815301076,1909f56bfc062723c751e8b465ee728b)
Start importing Assets/dungeon-pack-free_version/godot_autotiles/wall_dungeon_autotile_12.png using Guid(8331757b3375ebd4892504dc131df01b) Importer(815301076,1909f56bfc062723c751e8b465ee728b)  -> (artifact id: '31f7962ead543a16b23ade644b35bfc8') in 0.034146 seconds 
========================================================================
Received Import Request.
  Time since last request: 1.354720 seconds.
  path: Packages/com.unity.2d.path/Editor/Handles/TangentLinearPro.png
  artifactKey: Guid(cafc16189f045f445bad6f5eb9e13541) Importer(815301076,1909f56bfc062723c751e8b465ee728b)
Start importing Packages/com.unity.2d.path/Editor/Handles/TangentLinearPro.png using Guid(cafc16189f045f445bad6f5eb9e13541) Importer(815301076,1909f56bfc062723c751e8b465ee728b)  -> (artifact id: 'abe9ef557ec488ab42e4c214fb9fa660') in 0.044037 seconds 
========================================================================
Received Import Request.
  Time since last request: 0.000046 seconds.
  path: Assets/Buttons Pixel Animation Pack/star/343px/star04.png
  artifactKey: Guid(47aafe522426a35449b23ab0c6f09f99) Importer(815301076,1909f56bfc062723c751e8b465ee728b)
Start importing Assets/Buttons Pixel Animation Pack/star/343px/star04.png using Guid(47aafe522426a35449b23ab0c6f09f99) Importer(815301076,1909f56bfc062723c751e8b465ee728b)  -> (artifact id: 'd627274d05811fe3b6be0805766ca812') in 0.062470 seconds 
========================================================================
Received Import Request.
  Time since last request: 0.000053 seconds.
  path: Packages/com.unity.2d.animation/Editor/Assets/SkinningModule/Icons/Light/Split_Edge@3x.png
  artifactKey: Guid(4d2d8fb4fc2041441980b4ec253532b0) Importer(815301076,1909f56bfc062723c751e8b465ee728b)
Start importing Packages/com.unity.2d.animation/Editor/Assets/SkinningModule/Icons/Light/Split_Edge@3x.png using Guid(4d2d8fb4fc2041441980b4ec253532b0) Importer(815301076,1909f56bfc062723c751e8b465ee728b)  -> (artifact id: 'a47d133ae6497bf624437475c76de063') in 0.044630 seconds 
========================================================================
Received Import Request.
  Time since last request: 0.000035 seconds.
  path: Assets/Buttons Pixel Animation Pack/sound/343px/sound01.png
  artifactKey: Guid(ebdd17ee336038440843f45b30193830) Importer(815301076,1909f56bfc062723c751e8b465ee728b)
Start importing Assets/Buttons Pixel Animation Pack/sound/343px/sound01.png using Guid(ebdd17ee336038440843f45b30193830) Importer(815301076,1909f56bfc062723c751e8b465ee728b)  -> (artifact id: '67a5fc1883e13a92417bd85ca0cfdc48') in 0.059137 seconds 
========================================================================
Received Import Request.
  Time since last request: 0.000046 seconds.
  path: Packages/com.unity.2d.animation/Editor/Assets/SkinningModule/Icons/Selected/Sprite_Mode@3x.png
  artifactKey: Guid(ea833d779996e3244b3b567764be9cf0) Importer(815301076,1909f56bfc062723c751e8b465ee728b)
Start importing Packages/com.unity.2d.animation/Editor/Assets/SkinningModule/Icons/Selected/Sprite_Mode@3x.png using Guid(ea833d779996e3244b3b567764be9cf0) Importer(815301076,1909f56bfc062723c751e8b465ee728b)  -> (artifact id: '5e3d347706b26d606fda9a0b1d536241') in 0.041226 seconds 
========================================================================
Received Import Request.
  Time since last request: 0.000041 seconds.
  path: Assets/map/jawbreaker_tiles.png
  artifactKey: Guid(2754243468621a54288a1ffc9fbe5f0e) Importer(815301076,1909f56bfc062723c751e8b465ee728b)
Start importing Assets/map/jawbreaker_tiles.png using Guid(2754243468621a54288a1ffc9fbe5f0e) Importer(815301076,1909f56bfc062723c751e8b465ee728b)  -> (artifact id: '34af8d476dfc5fbfad7b942c4f12d1f8') in 0.298180 seconds 
========================================================================
Received Import Request.
  Time since last request: 0.000045 seconds.
  path: Packages/com.unity.2d.animation/Editor/Assets/SkinningModule/Icons/Light/Edit_Geometry@2x.png
  artifactKey: Guid(4bcd27377338b8440bda5ecf26ea2fb5) Importer(815301076,1909f56bfc062723c751e8b465ee728b)
Start importing Packages/com.unity.2d.animation/Editor/Assets/SkinningModule/Icons/Light/Edit_Geometry@2x.png using Guid(4bcd27377338b8440bda5ecf26ea2fb5) Importer(815301076,1909f56bfc062723c751e8b465ee728b)  -> (artifact id: '6e8f4958384e22b5122477fe72277522') in 0.043599 seconds 
========================================================================
Received Import Request.
  Time since last request: 0.000071 seconds.
  path: Packages/com.unity.2d.animation/Editor/Assets/SkinningModule/Icons/Dark/d_Weight_Slider@4x.png
  artifactKey: Guid(6816bbef55b2e9847b5e4f06c5475d8b) Importer(815301076,1909f56bfc062723c751e8b465ee728b)
Start importing Packages/com.unity.2d.animation/Editor/Assets/SkinningModule/Icons/Dark/d_Weight_Slider@4x.png using Guid(6816bbef55b2e9847b5e4f06c5475d8b) Importer(815301076,1909f56bfc062723c751e8b465ee728b)  -> (artifact id: 'a5e353ae1bb35894694cc2cff2af5da0') in 0.037620 seconds 
========================================================================
Received Import Request.
  Time since last request: 0.000034 seconds.
  path: Packages/com.unity.collab-proxy/Editor/PlasticSCM/Assets/Images/iconmergelink.png
  artifactKey: Guid(120bf54dff785a0429b068b814e9c12a) Importer(815301076,1909f56bfc062723c751e8b465ee728b)
Start importing Packages/com.unity.collab-proxy/Editor/PlasticSCM/Assets/Images/iconmergelink.png using Guid(120bf54dff785a0429b068b814e9c12a) Importer(815301076,1909f56bfc062723c751e8b465ee728b)  -> (artifact id: 'ecc960dad2b4e32e8973d7ea77853bf0') in 0.926223 seconds 
========================================================================
Received Import Request.
  Time since last request: 0.000040 seconds.
  path: Assets/Buttons Pixel Animation Pack/back/343px/back05.png
  artifactKey: Guid(32f608f57ca51194cad7ac9637bd571d) Importer(815301076,1909f56bfc062723c751e8b465ee728b)
Start importing Assets/Buttons Pixel Animation Pack/back/343px/back05.png using Guid(32f608f57ca51194cad7ac9637bd571d) Importer(815301076,1909f56bfc062723c751e8b465ee728b)  -> (artifact id: '7b44dc7cd424f51680128b06cd192383') in 0.062308 seconds 
========================================================================
Received Import Request.
  Time since last request: 0.000055 seconds.
  path: Packages/com.unity.2d.animation/Editor/Assets/SkinningModule/Icons/Selected/Split Bones@3x.png
  artifactKey: Guid(29f90cd6202745c448e74a1398b1c731) Importer(815301076,1909f56bfc062723c751e8b465ee728b)
Start importing Packages/com.unity.2d.animation/Editor/Assets/SkinningModule/Icons/Selected/Split Bones@3x.png using Guid(29f90cd6202745c448e74a1398b1c731) Importer(815301076,1909f56bfc062723c751e8b465ee728b)  -> (artifact id: '402f46552b2060929717e629a7d70257') in 0.041885 seconds 
========================================================================
Received Import Request.
  Time since last request: 0.000038 seconds.
  path: Assets/Buttons Pixel Animation Pack/store/343px/star05.png
  artifactKey: Guid(2a0a7a45d6b416849b13622d230359ee) Importer(815301076,1909f56bfc062723c751e8b465ee728b)
Start importing Assets/Buttons Pixel Animation Pack/store/343px/star05.png using Guid(2a0a7a45d6b416849b13622d230359ee) Importer(815301076,1909f56bfc062723c751e8b465ee728b)  -> (artifact id: 'ff9a68c8d528333ce23c8d290919d09f') in 0.046164 seconds 
========================================================================
Received Import Request.
  Time since last request: 0.000026 seconds.
  path: Packages/com.unity.2d.animation/Editor/Assets/SkinningModule/Icons/Selected/Split_Edge.png
  artifactKey: Guid(8800032f7e7cdd544b74849c80ce05d4) Importer(815301076,1909f56bfc062723c751e8b465ee728b)
Start importing Packages/com.unity.2d.animation/Editor/Assets/SkinningModule/Icons/Selected/Split_Edge.png using Guid(8800032f7e7cdd544b74849c80ce05d4) Importer(815301076,1909f56bfc062723c751e8b465ee728b)  -> (artifact id: '3f9625b3c4a1ff599c78c9027b23c0bf') in 0.037198 seconds 
========================================================================
Received Import Request.
  Time since last request: 0.000028 seconds.
  path: Packages/com.unity.2d.animation/Editor/Assets/SkinningModule/Icons/Light/Sprite_Mode.png
  artifactKey: Guid(2ad84ec7182471b4d8c44de568e22df4) Importer(815301076,1909f56bfc062723c751e8b465ee728b)
Start importing Packages/com.unity.2d.animation/Editor/Assets/SkinningModule/Icons/Light/Sprite_Mode.png using Guid(2ad84ec7182471b4d8c44de568e22df4) Importer(815301076,1909f56bfc062723c751e8b465ee728b)  -> (artifact id: '845e4f2ac433751756cdf4e410fdf797') in 0.035371 seconds 
========================================================================
Received Import Request.
  Time since last request: 0.000030 seconds.
  path: Packages/com.unity.collab-proxy/Editor/PlasticSCM/Assets/Images/step1.png
  artifactKey: Guid(9ce84ff0fdeb13d4a83f077d075dd9a5) Importer(815301076,1909f56bfc062723c751e8b465ee728b)
Start importing Packages/com.unity.collab-proxy/Editor/PlasticSCM/Assets/Images/step1.png using Guid(9ce84ff0fdeb13d4a83f077d075dd9a5) Importer(815301076,1909f56bfc062723c751e8b465ee728b)  -> (artifact id: '09b1ce5f3517249de761ec2ec9ea6af4') in 0.024446 seconds 
========================================================================
Received Import Request.
  Time since last request: 0.000033 seconds.
  path: Packages/com.unity.2d.spriteshape/Editor/Handles/ss_leftrange.png
  artifactKey: Guid(9417efc47083f4a1598c1966a6345cdb) Importer(815301076,1909f56bfc062723c751e8b465ee728b)
Start importing Packages/com.unity.2d.spriteshape/Editor/Handles/ss_leftrange.png using Guid(9417efc47083f4a1598c1966a6345cdb) Importer(815301076,1909f56bfc062723c751e8b465ee728b)  -> (artifact id: '2b7f21dee7f44a1d27ab43f5ff94340a') in 0.025655 seconds 
========================================================================
Received Import Request.
  Time since last request: 0.000049 seconds.
  path: Packages/com.unity.collab-proxy/Editor/PlasticSCM/Assets/Images/step1@2x.png
  artifactKey: Guid(affeade9874cf2347abb155e8d0db4d8) Importer(815301076,1909f56bfc062723c751e8b465ee728b)
Start importing Packages/com.unity.collab-proxy/Editor/PlasticSCM/Assets/Images/step1@2x.png using Guid(affeade9874cf2347abb155e8d0db4d8) Importer(815301076,1909f56bfc062723c751e8b465ee728b)  -> (artifact id: 'cee853a9b11113fd036e777a35b76d3b') in 0.032959 seconds 
========================================================================
Received Import Request.
  Time since last request: 0.000020 seconds.
  path: Packages/com.unity.2d.animation/Editor/Assets/SkinningModule/Icons/Light/Split_Edge.png
  artifactKey: Guid(900065f34a33d2e478bf93a0191f68de) Importer(815301076,1909f56bfc062723c751e8b465ee728b)
Start importing Packages/com.unity.2d.animation/Editor/Assets/SkinningModule/Icons/Light/Split_Edge.png using Guid(900065f34a33d2e478bf93a0191f68de) Importer(815301076,1909f56bfc062723c751e8b465ee728b)  -> (artifact id: '471ba17801c8f99fa3fb8d51a304ac36') in 0.028229 seconds 
========================================================================
Received Import Request.
  Time since last request: 0.000028 seconds.
  path: Assets/Buttons Pixel Animation Pack/store/343px/star04.png
  artifactKey: Guid(f912e50a4196e8d4db268e42fd696b5b) Importer(815301076,1909f56bfc062723c751e8b465ee728b)
Start importing Assets/Buttons Pixel Animation Pack/store/343px/star04.png using Guid(f912e50a4196e8d4db268e42fd696b5b) Importer(815301076,1909f56bfc062723c751e8b465ee728b)  -> (artifact id: 'c844e1951a3ad60e07ef8af652b44c8d') in 0.037911 seconds 
========================================================================
Received Import Request.
  Time since last request: 0.000027 seconds.
  path: Assets/Buttons Pixel Animation Pack/star/343px/star05.png
  artifactKey: Guid(3f764a3d83a5af4439ccca65d1edac1c) Importer(815301076,1909f56bfc062723c751e8b465ee728b)
Start importing Assets/Buttons Pixel Animation Pack/star/343px/star05.png using Guid(3f764a3d83a5af4439ccca65d1edac1c) Importer(815301076,1909f56bfc062723c751e8b465ee728b)  -> (artifact id: 'df2ea83396d8204e08b4ca17b6abf00c') in 0.039422 seconds 
========================================================================
Received Import Request.
  Time since last request: 0.000024 seconds.
  path: Packages/com.unity.collab-proxy/Editor/PlasticSCM/Assets/Images/iconprivateoverlay@2x.png
  artifactKey: Guid(40685941c1361aa4a957b61174bce3f6) Importer(815301076,1909f56bfc062723c751e8b465ee728b)
Start importing Packages/com.unity.collab-proxy/Editor/PlasticSCM/Assets/Images/iconprivateoverlay@2x.png using Guid(40685941c1361aa4a957b61174bce3f6) Importer(815301076,1909f56bfc062723c751e8b465ee728b)  -> (artifact id: '90143d7934cf774d8658c27c67ccf694') in 0.029027 seconds 
========================================================================
Received Import Request.
  Time since last request: 0.000038 seconds.
  path: Packages/com.unity.collab-proxy/Editor/PlasticSCM/Assets/Images/iconoutofsync@2x.png
  artifactKey: Guid(d7094718bdac022428dd29244922d06b) Importer(815301076,1909f56bfc062723c751e8b465ee728b)
Start importing Packages/com.unity.collab-proxy/Editor/PlasticSCM/Assets/Images/iconoutofsync@2x.png using Guid(d7094718bdac022428dd29244922d06b) Importer(815301076,1909f56bfc062723c751e8b465ee728b)  -> (artifact id: 'ee5c60b9b0f456814b67333ea3497f4a') in 1.024162 seconds 
========================================================================
Received Import Request.
  Time since last request: 1.580817 seconds.
  path: Assets/dungeon-pack-free_version/rpgmaker/MZ/characters/$_srw_free_coin.png
  artifactKey: Guid(2014c0422892d7b4f9f20a4a6a4d2d96) Importer(815301076,1909f56bfc062723c751e8b465ee728b)
Start importing Assets/dungeon-pack-free_version/rpgmaker/MZ/characters/$_srw_free_coin.png using Guid(2014c0422892d7b4f9f20a4a6a4d2d96) Importer(815301076,1909f56bfc062723c751e8b465ee728b)  -> (artifact id: '953f7b345376b3b8ab168b73cbe41a0a') in 0.035179 seconds 
========================================================================
Received Import Request.
  Time since last request: 0.378511 seconds.
  path: Assets/dungeon-pack-free_version/rpgmaker/VXace/characters/$_srw_free_coin.png
  artifactKey: Guid(56cbc0dd7c9edf140ae55445e6bdac71) Importer(815301076,1909f56bfc062723c751e8b465ee728b)
Start importing Assets/dungeon-pack-free_version/rpgmaker/VXace/characters/$_srw_free_coin.png using Guid(56cbc0dd7c9edf140ae55445e6bdac71) Importer(815301076,1909f56bfc062723c751e8b465ee728b)  -> (artifact id: '6458b41631a5f453fe8b8160f44ba511') in 0.035391 seconds 
========================================================================
Received Import Request.
  Time since last request: 1.061947 seconds.
  path: Assets/dungeon-pack-free_version/rpgmaker/VXace/characters/$_srw_free_fire.png
  artifactKey: Guid(b39c4051ad564584e8758636b7ca5f3e) Importer(815301076,1909f56bfc062723c751e8b465ee728b)
Start importing Assets/dungeon-pack-free_version/rpgmaker/VXace/characters/$_srw_free_fire.png using Guid(b39c4051ad564584e8758636b7ca5f3e) Importer(815301076,1909f56bfc062723c751e8b465ee728b)  -> (artifact id: '93c318cb5dd8c327ba30ea0d075b44f7') in 0.039259 seconds 
========================================================================
Received Import Request.
  Time since last request: 0.093984 seconds.
  path: Assets/dungeon-pack-free_version/rpgmaker/MV/characters/$_srw_free_fire.png
  artifactKey: Guid(14ab49152b88fe34e86bbf7768f355fb) Importer(815301076,1909f56bfc062723c751e8b465ee728b)
Start importing Assets/dungeon-pack-free_version/rpgmaker/MV/characters/$_srw_free_fire.png using Guid(14ab49152b88fe34e86bbf7768f355fb) Importer(815301076,1909f56bfc062723c751e8b465ee728b)  -> (artifact id: '0c203817e6b589e91dcaccbcd89574aa') in 0.025957 seconds 
========================================================================
Received Import Request.
  Time since last request: 229.857631 seconds.
  path: Assets/TextMesh Pro/Examples & Extras/Resources/Fonts & Materials/Anton SDF - Drop Shadow.mat
  artifactKey: Guid(749b9069dc4742c5bfa5c74644049926) Importer(815301076,1909f56bfc062723c751e8b465ee728b)
Start importing Assets/TextMesh Pro/Examples & Extras/Resources/Fonts & Materials/Anton SDF - Drop Shadow.mat using Guid(749b9069dc4742c5bfa5c74644049926) Importer(815301076,1909f56bfc062723c751e8b465ee728b)  -> (artifact id: 'b4ef55165e7887a76c676ea29ae10bc6') in 0.141818 seconds 
========================================================================
Received Import Request.
  Time since last request: 0.000035 seconds.
  path: Assets/TextMesh Pro/Examples & Extras/Resources/Fonts & Materials/Bangers SDF.asset
  artifactKey: Guid(125cb55b44b24c4393181402bc6200e6) Importer(815301076,1909f56bfc062723c751e8b465ee728b)
Start importing Assets/TextMesh Pro/Examples & Extras/Resources/Fonts & Materials/Bangers SDF.asset using Guid(125cb55b44b24c4393181402bc6200e6) Importer(815301076,1909f56bfc062723c751e8b465ee728b)  -> (artifact id: '21df1715d45888a8e8ab922100ddce1b') in 0.077319 seconds 
========================================================================
Received Import Request.
  Time since last request: 0.000086 seconds.
  path: Assets/TextMesh Pro/Examples & Extras/Resources/Fonts & Materials/Roboto-Bold SDF.asset
  artifactKey: Guid(5302535af1044152a457ed104f1f4b91) Importer(815301076,1909f56bfc062723c751e8b465ee728b)
Start importing Assets/TextMesh Pro/Examples & Extras/Resources/Fonts & Materials/Roboto-Bold SDF.asset using Guid(5302535af1044152a457ed104f1f4b91) Importer(815301076,1909f56bfc062723c751e8b465ee728b)  -> (artifact id: '62c6a442d5c9c50a9d7ca607db02890c') in 0.069495 seconds 
========================================================================
Received Import Request.
  Time since last request: 0.000043 seconds.
  path: Assets/TextMesh Pro/Examples & Extras/Resources/Fonts & Materials/Anton SDF.asset
  artifactKey: Guid(8a89fa14b10d46a99122fd4f73fca9a2) Importer(815301076,1909f56bfc062723c751e8b465ee728b)
Start importing Assets/TextMesh Pro/Examples & Extras/Resources/Fonts & Materials/Anton SDF.asset using Guid(8a89fa14b10d46a99122fd4f73fca9a2) Importer(815301076,1909f56bfc062723c751e8b465ee728b)  -> (artifact id: '16c5611e49d29ebc459f3bdd72d6156d') in 0.033554 seconds 
========================================================================
Received Import Request.
  Time since last request: 0.000053 seconds.
  path: Assets/TextMesh Pro/Examples & Extras/Resources/Fonts & Materials/Electronic Highway Sign SDF.asset
  artifactKey: Guid(dc36b3fdc14f47ebb36fd484a67e268a) Importer(815301076,1909f56bfc062723c751e8b465ee728b)
Start importing Assets/TextMesh Pro/Examples & Extras/Resources/Fonts & Materials/Electronic Highway Sign SDF.asset using Guid(dc36b3fdc14f47ebb36fd484a67e268a) Importer(815301076,1909f56bfc062723c751e8b465ee728b)  -> (artifact id: '237664a1feb54e1cfbafc6f1564210dd') in 0.029713 seconds 
========================================================================
Received Import Request.
  Time since last request: 0.000026 seconds.
  path: Assets/TextMesh Pro/Examples & Extras/Resources/Fonts & Materials/Roboto-Bold SDF - Drop Shadow.mat
  artifactKey: Guid(b246c4190f4e46ec9352fe15a7b09ce0) Importer(815301076,1909f56bfc062723c751e8b465ee728b)
Start importing Assets/TextMesh Pro/Examples & Extras/Resources/Fonts & Materials/Roboto-Bold SDF - Drop Shadow.mat using Guid(b246c4190f4e46ec9352fe15a7b09ce0) Importer(815301076,1909f56bfc062723c751e8b465ee728b)  -> (artifact id: '972e431cf8da30dd587180b0b4757ca5') in 0.053257 seconds 
========================================================================
Received Import Request.
  Time since last request: 0.000069 seconds.
  path: Assets/TextMesh Pro/Examples & Extras/Resources/Fonts & Materials/Bangers SDF - Outline.mat
  artifactKey: Guid(f629c6e43dba4bf38cb74d8860150664) Importer(815301076,1909f56bfc062723c751e8b465ee728b)
Start importing Assets/TextMesh Pro/Examples & Extras/Resources/Fonts & Materials/Bangers SDF - Outline.mat using Guid(f629c6e43dba4bf38cb74d8860150664) Importer(815301076,1909f56bfc062723c751e8b465ee728b)  -> (artifact id: '41886a1ab5964b522486e6db35d51e6d') in 0.160308 seconds 
========================================================================
Received Import Request.
  Time since last request: 0.000040 seconds.
  path: Assets/TextMesh Pro/Examples & Extras/Resources/Fonts & Materials/Bangers SDF Logo.mat
  artifactKey: Guid(f4e195ac1e204eff960149d1cb34e18c) Importer(815301076,1909f56bfc062723c751e8b465ee728b)
Start importing Assets/TextMesh Pro/Examples & Extras/Resources/Fonts & Materials/Bangers SDF Logo.mat using Guid(f4e195ac1e204eff960149d1cb34e18c) Importer(815301076,1909f56bfc062723c751e8b465ee728b)  -> (artifact id: '92a3e7f8ee2aeb0bbe2089db52626399') in 0.205901 seconds 
========================================================================
Received Import Request.
  Time since last request: 0.000043 seconds.
  path: Assets/TextMesh Pro/Examples & Extras/Resources/Fonts & Materials/LiberationSans SDF - Soft Mask.mat
  artifactKey: Guid(42df1c7856584b6b8db9a509b6b10074) Importer(815301076,1909f56bfc062723c751e8b465ee728b)
Start importing Assets/TextMesh Pro/Examples & Extras/Resources/Fonts & Materials/LiberationSans SDF - Soft Mask.mat using Guid(42df1c7856584b6b8db9a509b6b10074) Importer(815301076,1909f56bfc062723c751e8b465ee728b)  -> (artifact id: '453b99765d80800c4068b8ed0cea1c63') in 0.056710 seconds 
========================================================================
Received Import Request.
  Time since last request: 3.723386 seconds.
  path: Assets/TextMesh Pro/Resources/Fonts & Materials/LiberationSans SDF.asset
  artifactKey: Guid(8f586378b4e144a9851e7b34d9b748ee) Importer(815301076,1909f56bfc062723c751e8b465ee728b)
Start importing Assets/TextMesh Pro/Resources/Fonts & Materials/LiberationSans SDF.asset using Guid(8f586378b4e144a9851e7b34d9b748ee) Importer(815301076,1909f56bfc062723c751e8b465ee728b)  -> (artifact id: 'dcdadc46396fe5d780424e64e5471cc9') in 0.109214 seconds 
Editor requested this worker to shutdown with reason: Scaling down because of idle timeout
AssetImportWorker is now disconnected from the server
Process exiting
Exiting without the bug reporter. Application will terminate with return code 0