Using pre-set license
Built from '2021.3/staging' branch; Version is '2021.3.21f1 (1b156197d683) revision 1774945'; Using compiler version '192829333'; Build Type 'Release'
OS: 'Windows 11  (10.0.22621) 64bit Core' Language: 'es' Physical Memory: 32528 MB
BatchMode: 1, IsHumanControllingUs: 0, StartBugReporterOnCrash: 0, Is64bit: 1, IsPro: 1

COMMAND LINE ARGUMENTS:
C:\Program Files\Unity\Hub\Editor\2021.3.21f1\Editor\Unity.exe
-adb2
-batchMode
-noUpm
-name
AssetImportWorker17
-projectPath
C:/Users/joelm/OneDrive/Documentos/GitHub/inverted_pacman/Client_Unity
-logFile
Logs/AssetImportWorker17.log
-srvPort
50074
Successfully changed project path to: C:/Users/joelm/OneDrive/Documentos/GitHub/inverted_pacman/Client_Unity
C:/Users/joelm/OneDrive/Documentos/GitHub/inverted_pacman/Client_Unity
[UnityMemory] Configuration Parameters - Can be set up in boot.config
    "memorysetup-bucket-allocator-granularity=16"
    "memorysetup-bucket-allocator-bucket-count=8"
    "memorysetup-bucket-allocator-block-size=33554432"
    "memorysetup-bucket-allocator-block-count=8"
    "memorysetup-main-allocator-block-size=16777216"
    "memorysetup-thread-allocator-block-size=16777216"
    "memorysetup-gfx-main-allocator-block-size=16777216"
    "memorysetup-gfx-thread-allocator-block-size=16777216"
    "memorysetup-cache-allocator-block-size=4194304"
    "memorysetup-typetree-allocator-block-size=2097152"
    "memorysetup-profiler-bucket-allocator-granularity=16"
    "memorysetup-profiler-bucket-allocator-bucket-count=8"
    "memorysetup-profiler-bucket-allocator-block-size=33554432"
    "memorysetup-profiler-bucket-allocator-block-count=8"
    "memorysetup-profiler-allocator-block-size=16777216"
    "memorysetup-profiler-editor-allocator-block-size=1048576"
    "memorysetup-temp-allocator-size-main=16777216"
    "memorysetup-job-temp-allocator-block-size=2097152"
    "memorysetup-job-temp-allocator-block-size-background=1048576"
    "memorysetup-job-temp-allocator-reduction-small-platforms=262144"
    "memorysetup-temp-allocator-size-background-worker=32768"
    "memorysetup-temp-allocator-size-job-worker=262144"
    "memorysetup-temp-allocator-size-preload-manager=33554432"
    "memorysetup-temp-allocator-size-nav-mesh-worker=65536"
    "memorysetup-temp-allocator-size-audio-worker=65536"
    "memorysetup-temp-allocator-size-cloud-worker=32768"
    "memorysetup-temp-allocator-size-gi-baking-worker=262144"
    "memorysetup-temp-allocator-size-gfx=262144"
Player connection [9568] Host "[IP] 192.168.56.1 [Port] 0 [Flags] 2 [Guid] 1749787491 [EditorId] 1749787491 [Version] 1048832 [Id] WindowsEditor(7,MSI) [Debug] 1 [PackageName] WindowsEditor [ProjectName] Editor" joined multi-casting on [225.0.0.222:54997]...

Player connection [9568] Host "[IP] 192.168.56.1 [Port] 0 [Flags] 2 [Guid] 1749787491 [EditorId] 1749787491 [Version] 1048832 [Id] WindowsEditor(7,MSI) [Debug] 1 [PackageName] WindowsEditor [ProjectName] Editor" joined alternative multi-casting on [225.0.0.222:34997]...

Refreshing native plugins compatible for Editor in 165.23 ms, found 4 plugins.
Preloading 0 native plugins for Editor in 0.00 ms.
Initialize engine version: 2021.3.21f1 (1b156197d683)
[Subsystems] Discovering subsystems at path C:/Program Files/Unity/Hub/Editor/2021.3.21f1/Editor/Data/Resources/UnitySubsystems
[Subsystems] Discovering subsystems at path C:/Users/joelm/OneDrive/Documentos/GitHub/inverted_pacman/Client_Unity/Assets
GfxDevice: creating device client; threaded=0; jobified=0
Direct3D:
    Version:  Direct3D 11.0 [level 11.1]
    Renderer: NVIDIA GeForce RTX 3070 Laptop GPU (ID=0x249d)
    Vendor:   NVIDIA
    VRAM:     8044 MB
    Driver:   30.0.14.9717
Initialize mono
Mono path[0] = 'C:/Program Files/Unity/Hub/Editor/2021.3.21f1/Editor/Data/Managed'
Mono path[1] = 'C:/Program Files/Unity/Hub/Editor/2021.3.21f1/Editor/Data/MonoBleedingEdge/lib/mono/unityjit-win32'
Mono config path = 'C:/Program Files/Unity/Hub/Editor/2021.3.21f1/Editor/Data/MonoBleedingEdge/etc'
Using monoOptions --debugger-agent=transport=dt_socket,embedding=1,server=y,suspend=n,address=127.0.0.1:56276
Begin MonoManager ReloadAssembly
Registering precompiled unity dll's ...
Register platform support module: C:/Program Files/Unity/Hub/Editor/2021.3.21f1/Editor/Data/PlaybackEngines/WindowsStandaloneSupport/UnityEditor.WindowsStandalone.Extensions.dll
Register platform support module: C:/Program Files/Unity/Hub/Editor/2021.3.21f1/Editor/Data/PlaybackEngines/LinuxStandaloneSupport/UnityEditor.LinuxStandalone.Extensions.dll
Registered in 0.006383 seconds.
Native extension for LinuxStandalone target not found
Native extension for WindowsStandalone target not found
Refreshing native plugins compatible for Editor in 123.92 ms, found 4 plugins.
Preloading 0 native plugins for Editor in 0.00 ms.
Mono: successfully reloaded assembly
- Completed reload, in  0.754 seconds
Domain Reload Profiling:
	ReloadAssembly (755ms)
		BeginReloadAssembly (89ms)
			ExecutionOrderSort (0ms)
			DisableScriptedObjects (0ms)
			BackupInstance (0ms)
			ReleaseScriptingObjects (0ms)
			CreateAndSetChildDomain (1ms)
		EndReloadAssembly (552ms)
			LoadAssemblies (87ms)
			RebuildTransferFunctionScriptingTraits (0ms)
			SetupTypeCache (117ms)
			ReleaseScriptCaches (0ms)
			RebuildScriptCaches (31ms)
			SetupLoadedEditorAssemblies (346ms)
				LogAssemblyErrors (0ms)
				InitializePlatformSupportModulesInManaged (11ms)
				SetLoadedEditorAssemblies (0ms)
				RefreshPlugins (124ms)
				BeforeProcessingInitializeOnLoad (1ms)
				ProcessInitializeOnLoadAttributes (157ms)
				ProcessInitializeOnLoadMethodAttributes (52ms)
				AfterProcessingInitializeOnLoad (0ms)
				EditorAssembliesLoaded (0ms)
			ExecutionOrderSort2 (0ms)
			AwakeInstancesAfterBackupRestoration (0ms)
Platform modules already initialized, skipping
Registering precompiled user dll's ...
Registered in 0.008840 seconds.
Begin MonoManager ReloadAssembly
Symbol file LoadedFromMemory doesn't match image C:\Users\joelm\OneDrive\Documentos\GitHub\inverted_pacman\Client_Unity\Library\PackageCache\com.unity.visualscripting@1.8.0\Editor\VisualScripting.Core\Dependencies\YamlDotNet\Unity.VisualScripting.YamlDotNet.dll
Symbol file LoadedFromMemory doesn't match image C:\Users\joelm\OneDrive\Documentos\GitHub\inverted_pacman\Client_Unity\Library\PackageCache\com.unity.visualscripting@1.8.0\Editor\VisualScripting.Core\Dependencies\DotNetZip\Unity.VisualScripting.IonicZip.dll
Native extension for LinuxStandalone target not found
Native extension for WindowsStandalone target not found
Refreshing native plugins compatible for Editor in 131.78 ms, found 4 plugins.
Preloading 0 native plugins for Editor in 0.00 ms.
Mono: successfully reloaded assembly
- Completed reload, in  1.459 seconds
Domain Reload Profiling:
	ReloadAssembly (1460ms)
		BeginReloadAssembly (137ms)
			ExecutionOrderSort (0ms)
			DisableScriptedObjects (7ms)
			BackupInstance (0ms)
			ReleaseScriptingObjects (0ms)
			CreateAndSetChildDomain (20ms)
		EndReloadAssembly (1191ms)
			LoadAssemblies (109ms)
			RebuildTransferFunctionScriptingTraits (0ms)
			SetupTypeCache (291ms)
			ReleaseScriptCaches (1ms)
			RebuildScriptCaches (67ms)
			SetupLoadedEditorAssemblies (684ms)
				LogAssemblyErrors (0ms)
				InitializePlatformSupportModulesInManaged (8ms)
				SetLoadedEditorAssemblies (0ms)
				RefreshPlugins (132ms)
				BeforeProcessingInitializeOnLoad (123ms)
				ProcessInitializeOnLoadAttributes (372ms)
				ProcessInitializeOnLoadMethodAttributes (40ms)
				AfterProcessingInitializeOnLoad (7ms)
				EditorAssembliesLoaded (0ms)
			ExecutionOrderSort2 (0ms)
			AwakeInstancesAfterBackupRestoration (8ms)
Platform modules already initialized, skipping
========================================================================
Worker process is ready to serve import requests
Launched and connected shader compiler UnityShaderCompiler.exe after 0.05 seconds
Refreshing native plugins compatible for Editor in 0.94 ms, found 4 plugins.
Preloading 0 native plugins for Editor in 0.00 ms.
Unloading 4143 Unused Serialized files (Serialized files now loaded: 0)
Unloading 44 unused Assets / (228.9 KB). Loaded Objects now: 4600.
Memory consumption went from 160.4 MB to 160.1 MB.
Total: 3.822700 ms (FindLiveObjects: 0.334500 ms CreateObjectMapping: 0.348700 ms MarkObjects: 2.968200 ms  DeleteObjects: 0.170300 ms)

AssetImportParameters requested are different than current active one (requested -> active):
  custom:video-decoder-ogg-theora: a1e56fd34408186e4bbccfd4996cb3dc -> 
  custom:container-muxer-webm: aa71ff27fc2769a1b78a27578f13a17b -> 
  custom:container-demuxer-webm: 4f35f7cbe854078d1ac9338744f61a02 -> 
  custom:video-encoder-webm-vp8: eb34c28f22e8b96e1ab97ce403110664 -> 
  custom:audio-encoder-webm-vorbis: bf7c407c2cedff20999df2af8eb42d56 -> 
  custom:framework-win-MediaFoundation: 216162199b28c13a410421893ffa2e32 -> 
  custom:container-demuxer-ogg: 62fdf1f143b41e24485cea50d1cbac27 -> 
  custom:video-decoder-webm-vp8: 9c59270c3fd7afecdb556c50c9e8de78 -> 
  custom:audio-decoder-ogg-vorbis: bf7c407c2cedff20999df2af8eb42d56 -> 
========================================================================
Received Import Request.
  Time since last request: 7588.036672 seconds.
  path: Assets/Tiles/Ground/jawbreaker_tiles_0.asset
  artifactKey: Guid(586a2d4964563464f89341d7ed04cc9c) Importer(815301076,1909f56bfc062723c751e8b465ee728b)
Start importing Assets/Tiles/Ground/jawbreaker_tiles_0.asset using Guid(586a2d4964563464f89341d7ed04cc9c) Importer(815301076,1909f56bfc062723c751e8b465ee728b)  -> (artifact id: '50670af5c572e7e31167b891a084dd3b') in 0.160579 seconds 
========================================================================
Received Import Request.
  Time since last request: 0.000035 seconds.
  path: Assets/Tiles/Ground/jawbreaker_tiles_8.asset
  artifactKey: Guid(5ebce993555f22544b1bd71509d3d3c8) Importer(815301076,1909f56bfc062723c751e8b465ee728b)
Start importing Assets/Tiles/Ground/jawbreaker_tiles_8.asset using Guid(5ebce993555f22544b1bd71509d3d3c8) Importer(815301076,1909f56bfc062723c751e8b465ee728b)  -> (artifact id: 'ef3ec335e3470ea9d1ddfe804dd502c5') in 0.021237 seconds 
========================================================================
Received Import Request.
  Time since last request: 0.000043 seconds.
  path: Assets/Tiles/Ground/jawbreaker_tiles_11.asset
  artifactKey: Guid(98bd19f2eb560254796ba2814d5bd93b) Importer(815301076,1909f56bfc062723c751e8b465ee728b)
Start importing Assets/Tiles/Ground/jawbreaker_tiles_11.asset using Guid(98bd19f2eb560254796ba2814d5bd93b) Importer(815301076,1909f56bfc062723c751e8b465ee728b)  -> (artifact id: 'd9721a41f0bd7364828f2bed763c10e3') in 0.028861 seconds 
========================================================================
Received Import Request.
  Time since last request: 0.000041 seconds.
  path: Assets/Tiles/Ground/jawbreaker_tiles_15.asset
  artifactKey: Guid(068da401a8baf9b44b5ac637293000a4) Importer(815301076,1909f56bfc062723c751e8b465ee728b)
Start importing Assets/Tiles/Ground/jawbreaker_tiles_15.asset using Guid(068da401a8baf9b44b5ac637293000a4) Importer(815301076,1909f56bfc062723c751e8b465ee728b)  -> (artifact id: 'f57374298f8a976b368d2293d8fb318b') in 0.022450 seconds 
========================================================================
Received Import Request.
  Time since last request: 0.000018 seconds.
  path: Assets/Tiles/Ground/jawbreaker_tiles_5.asset
  artifactKey: Guid(c5dbe3ef634f60640ba208c8b50f8793) Importer(815301076,1909f56bfc062723c751e8b465ee728b)
Start importing Assets/Tiles/Ground/jawbreaker_tiles_5.asset using Guid(c5dbe3ef634f60640ba208c8b50f8793) Importer(815301076,1909f56bfc062723c751e8b465ee728b)  -> (artifact id: '41a5be7d5d2341a1c8f9574bfe15c5c4') in 0.024187 seconds 
========================================================================
Received Import Request.
  Time since last request: 0.000028 seconds.
  path: Assets/Tiles/Ground/jawbreaker_tiles_26.asset
  artifactKey: Guid(cca5662ad9bc49245bbd37466c1becc3) Importer(815301076,1909f56bfc062723c751e8b465ee728b)
Start importing Assets/Tiles/Ground/jawbreaker_tiles_26.asset using Guid(cca5662ad9bc49245bbd37466c1becc3) Importer(815301076,1909f56bfc062723c751e8b465ee728b)  -> (artifact id: '8ddaddf3478dbc3fb934eeb953f55154') in 0.025017 seconds 
========================================================================
Received Import Request.
  Time since last request: 0.000029 seconds.
  path: Assets/Tiles/Ground/jawbreaker_tiles_9.asset
  artifactKey: Guid(7add87c9ce433904db2866f1fb5e4c1b) Importer(815301076,1909f56bfc062723c751e8b465ee728b)
Start importing Assets/Tiles/Ground/jawbreaker_tiles_9.asset using Guid(7add87c9ce433904db2866f1fb5e4c1b) Importer(815301076,1909f56bfc062723c751e8b465ee728b)  -> (artifact id: '56c88d6b18634b07264be7ed48b2e2e7') in 0.020644 seconds 
========================================================================
Received Import Request.
  Time since last request: 0.000031 seconds.
  path: Assets/Tiles/Ground/jawbreaker_tiles_4.asset
  artifactKey: Guid(a770257bee266924d95fae790dbd5041) Importer(815301076,1909f56bfc062723c751e8b465ee728b)
Start importing Assets/Tiles/Ground/jawbreaker_tiles_4.asset using Guid(a770257bee266924d95fae790dbd5041) Importer(815301076,1909f56bfc062723c751e8b465ee728b)  -> (artifact id: '999d1022617922a028203c97d09645d2') in 0.020774 seconds 
========================================================================
Received Import Request.
  Time since last request: 0.000023 seconds.
  path: Assets/Tiles/Ground/jawbreaker_tiles_27.asset
  artifactKey: Guid(7e9a4e07163154b478720190ba8e2144) Importer(815301076,1909f56bfc062723c751e8b465ee728b)
Start importing Assets/Tiles/Ground/jawbreaker_tiles_27.asset using Guid(7e9a4e07163154b478720190ba8e2144) Importer(815301076,1909f56bfc062723c751e8b465ee728b)  -> (artifact id: '2308850c87e89896765ceb97de6070a7') in 0.020455 seconds 
========================================================================
Received Import Request.
  Time since last request: 0.000026 seconds.
  path: Assets/Tiles/Ground/jawbreaker_tiles_28.asset
  artifactKey: Guid(6d8bcb40989193a4c900d42e12c2fef5) Importer(815301076,1909f56bfc062723c751e8b465ee728b)
Start importing Assets/Tiles/Ground/jawbreaker_tiles_28.asset using Guid(6d8bcb40989193a4c900d42e12c2fef5) Importer(815301076,1909f56bfc062723c751e8b465ee728b)  -> (artifact id: '0459ce7c9490c0b383dd07c157345a9c') in 0.021680 seconds 
========================================================================
Received Import Request.
  Time since last request: 0.000035 seconds.
  path: Assets/Tiles/Ground/jawbreaker_tiles_3.asset
  artifactKey: Guid(96a1c8170109f6f42be1448dcec527b9) Importer(815301076,1909f56bfc062723c751e8b465ee728b)
Start importing Assets/Tiles/Ground/jawbreaker_tiles_3.asset using Guid(96a1c8170109f6f42be1448dcec527b9) Importer(815301076,1909f56bfc062723c751e8b465ee728b)  -> (artifact id: '23f08e808aebada429e5374d1d5be43d') in 0.019528 seconds 
========================================================================
Received Import Request.
  Time since last request: 0.000045 seconds.
  path: Assets/Tiles/Ground/jawbreaker_tiles_18.asset
  artifactKey: Guid(9800265a0d65aa847afceeb1ee56b2f1) Importer(815301076,1909f56bfc062723c751e8b465ee728b)
Start importing Assets/Tiles/Ground/jawbreaker_tiles_18.asset using Guid(9800265a0d65aa847afceeb1ee56b2f1) Importer(815301076,1909f56bfc062723c751e8b465ee728b)  -> (artifact id: '77707d993b43c27559e1603cc4bca23c') in 0.020382 seconds 
========================================================================
Received Import Request.
  Time since last request: 0.000025 seconds.
  path: Assets/Tiles/Ground/jawbreaker_tiles_25.asset
  artifactKey: Guid(54aa91b814aa100498eeaf5fb7a5c695) Importer(815301076,1909f56bfc062723c751e8b465ee728b)
Start importing Assets/Tiles/Ground/jawbreaker_tiles_25.asset using Guid(54aa91b814aa100498eeaf5fb7a5c695) Importer(815301076,1909f56bfc062723c751e8b465ee728b)  -> (artifact id: 'ef6226ad1188e44c3e95a21832326f0f') in 0.021972 seconds 
========================================================================
Received Import Request.
  Time since last request: 0.000035 seconds.
  path: Assets/Tiles/Ground/jawbreaker_tiles_10.asset
  artifactKey: Guid(817a0bc97a61faf45b1eee5c86f83820) Importer(815301076,1909f56bfc062723c751e8b465ee728b)
Start importing Assets/Tiles/Ground/jawbreaker_tiles_10.asset using Guid(817a0bc97a61faf45b1eee5c86f83820) Importer(815301076,1909f56bfc062723c751e8b465ee728b)  -> (artifact id: '192540cb0851e9e56df1309bbc8da2c1') in 0.026984 seconds 
========================================================================
Received Import Request.
  Time since last request: 0.000031 seconds.
  path: Assets/Tiles/Ground/jawbreaker_tiles_19.asset
  artifactKey: Guid(735e6ac87e8d54842ae86e543c8d37c6) Importer(815301076,1909f56bfc062723c751e8b465ee728b)
Start importing Assets/Tiles/Ground/jawbreaker_tiles_19.asset using Guid(735e6ac87e8d54842ae86e543c8d37c6) Importer(815301076,1909f56bfc062723c751e8b465ee728b)  -> (artifact id: 'f04a16feab0d321a296128d161b96ceb') in 0.019663 seconds 
========================================================================
Received Import Request.
  Time since last request: 0.000034 seconds.
  path: Assets/Tiles/Ground/jawbreaker_tiles_20.asset
  artifactKey: Guid(d2bf0e056278b334687f5948a575e144) Importer(815301076,1909f56bfc062723c751e8b465ee728b)
Start importing Assets/Tiles/Ground/jawbreaker_tiles_20.asset using Guid(d2bf0e056278b334687f5948a575e144) Importer(815301076,1909f56bfc062723c751e8b465ee728b)  -> (artifact id: 'eb0f5e08671a7c5af8333a4c6f604670') in 0.023023 seconds 
========================================================================
Received Import Request.
  Time since last request: 1.897587 seconds.
  path: Assets/Tiles/Ground/jawbreaker_tiles_33.asset
  artifactKey: Guid(ef8fe73a0ca41024eb1a168050624344) Importer(815301076,1909f56bfc062723c751e8b465ee728b)
Start importing Assets/Tiles/Ground/jawbreaker_tiles_33.asset using Guid(ef8fe73a0ca41024eb1a168050624344) Importer(815301076,1909f56bfc062723c751e8b465ee728b)  -> (artifact id: '2568a1e74322465ec730e1739565dd7f') in 0.018211 seconds 
========================================================================
Received Import Request.
  Time since last request: 0.000020 seconds.
  path: Assets/Tiles/Ground/jawbreaker_tiles_40.asset
  artifactKey: Guid(8e40f243014db0942965ed6378a3050c) Importer(815301076,1909f56bfc062723c751e8b465ee728b)
Start importing Assets/Tiles/Ground/jawbreaker_tiles_40.asset using Guid(8e40f243014db0942965ed6378a3050c) Importer(815301076,1909f56bfc062723c751e8b465ee728b)  -> (artifact id: '0b1d9c1575a0bf2c91e5f4441cdaadfa') in 0.019858 seconds 
========================================================================
Received Import Request.
  Time since last request: 0.000022 seconds.
  path: Assets/Tiles/Ground/jawbreaker_tiles_38.asset
  artifactKey: Guid(cdca76e2e0c6afe43af7ae0d25b28d2e) Importer(815301076,1909f56bfc062723c751e8b465ee728b)
Start importing Assets/Tiles/Ground/jawbreaker_tiles_38.asset using Guid(cdca76e2e0c6afe43af7ae0d25b28d2e) Importer(815301076,1909f56bfc062723c751e8b465ee728b)  -> (artifact id: 'af101372722a385c3b6400bd8424feec') in 0.020887 seconds 
========================================================================
Received Import Request.
  Time since last request: 0.000022 seconds.
  path: Assets/Tiles/Ground/jawbreaker_tiles_37.asset
  artifactKey: Guid(b24b5a3652990e74ca93a15c5fe08b37) Importer(815301076,1909f56bfc062723c751e8b465ee728b)
Start importing Assets/Tiles/Ground/jawbreaker_tiles_37.asset using Guid(b24b5a3652990e74ca93a15c5fe08b37) Importer(815301076,1909f56bfc062723c751e8b465ee728b)  -> (artifact id: '04005bc80401019dd9cbaf5773ce1365') in 0.018566 seconds 
========================================================================
Received Import Request.
  Time since last request: 0.015717 seconds.
  path: Assets/Tiles/Ground/jawbreaker_tiles_41.asset
  artifactKey: Guid(0be64150e5c8b484eb04c27a475600a9) Importer(815301076,1909f56bfc062723c751e8b465ee728b)
Start importing Assets/Tiles/Ground/jawbreaker_tiles_41.asset using Guid(0be64150e5c8b484eb04c27a475600a9) Importer(815301076,1909f56bfc062723c751e8b465ee728b)  -> (artifact id: '7843e0b9729695d4cd4546a1e738ffb8') in 0.019741 seconds 
========================================================================
Received Import Request.
  Time since last request: 0.000032 seconds.
  path: Assets/Tiles/Ground/jawbreaker_tiles_44.asset
  artifactKey: Guid(dd1455367e0b3bf4dbecfd6a49b0089b) Importer(815301076,1909f56bfc062723c751e8b465ee728b)
Start importing Assets/Tiles/Ground/jawbreaker_tiles_44.asset using Guid(dd1455367e0b3bf4dbecfd6a49b0089b) Importer(815301076,1909f56bfc062723c751e8b465ee728b)  -> (artifact id: 'c2b5e64de62cd2f670b359afee2aeca0') in 0.018704 seconds 
========================================================================
Received Import Request.
  Time since last request: 0.000027 seconds.
  path: Assets/Tiles/Ground/jawbreaker_tiles_46.asset
  artifactKey: Guid(6dafc4692edf75149a33b05d3a5606b2) Importer(815301076,1909f56bfc062723c751e8b465ee728b)
Start importing Assets/Tiles/Ground/jawbreaker_tiles_46.asset using Guid(6dafc4692edf75149a33b05d3a5606b2) Importer(815301076,1909f56bfc062723c751e8b465ee728b)  -> (artifact id: '498db62aeaacf00f5276bcc694eac69c') in 0.020053 seconds 
========================================================================
Received Import Request.
  Time since last request: 0.000057 seconds.
  path: Assets/Tiles/Ground/jawbreaker_tiles_47.asset
  artifactKey: Guid(6c527253f8abbc048863d9225ef401dd) Importer(815301076,1909f56bfc062723c751e8b465ee728b)
Start importing Assets/Tiles/Ground/jawbreaker_tiles_47.asset using Guid(6c527253f8abbc048863d9225ef401dd) Importer(815301076,1909f56bfc062723c751e8b465ee728b)  -> (artifact id: 'cbc326ffe0713a614624c0156e0315dc') in 0.020401 seconds 
========================================================================
Received Import Request.
  Time since last request: 0.063391 seconds.
  path: Assets/Tiles/Ground/jawbreaker_tiles_49.asset
  artifactKey: Guid(8cb91e9bec76b934a9bffacc16bf7680) Importer(815301076,1909f56bfc062723c751e8b465ee728b)
Start importing Assets/Tiles/Ground/jawbreaker_tiles_49.asset using Guid(8cb91e9bec76b934a9bffacc16bf7680) Importer(815301076,1909f56bfc062723c751e8b465ee728b)  -> (artifact id: '771c9af87a7102dbc630d91134d38517') in 0.018925 seconds 
========================================================================
Received Import Request.
  Time since last request: 0.000021 seconds.
  path: Assets/Tiles/Ground/jawbreaker_tiles_53.asset
  artifactKey: Guid(a863927001599f94bbb647a4b17cafce) Importer(815301076,1909f56bfc062723c751e8b465ee728b)
Start importing Assets/Tiles/Ground/jawbreaker_tiles_53.asset using Guid(a863927001599f94bbb647a4b17cafce) Importer(815301076,1909f56bfc062723c751e8b465ee728b)  -> (artifact id: 'e3324c97ab872bb516d6ada65b32c6e4') in 0.019534 seconds 
========================================================================
Received Import Request.
  Time since last request: 0.000025 seconds.
  path: Assets/Tiles/Ground/jawbreaker_tiles_52.asset
  artifactKey: Guid(1adf544c737da3f4995bd4c8da858706) Importer(815301076,1909f56bfc062723c751e8b465ee728b)
Start importing Assets/Tiles/Ground/jawbreaker_tiles_52.asset using Guid(1adf544c737da3f4995bd4c8da858706) Importer(815301076,1909f56bfc062723c751e8b465ee728b)  -> (artifact id: '596eb3bcd59ab576d04b8014fa8068b4') in 0.021237 seconds 
========================================================================
Received Import Request.
  Time since last request: 0.000020 seconds.
  path: Assets/Tiles/Ground/jawbreaker_tiles_54.asset
  artifactKey: Guid(5416b389f3ecbb241af549812f92809e) Importer(815301076,1909f56bfc062723c751e8b465ee728b)
Start importing Assets/Tiles/Ground/jawbreaker_tiles_54.asset using Guid(5416b389f3ecbb241af549812f92809e) Importer(815301076,1909f56bfc062723c751e8b465ee728b)  -> (artifact id: '7f6a1593d4041b6f1f585510ead17062') in 0.020520 seconds 
========================================================================
Received Import Request.
  Time since last request: 0.000028 seconds.
  path: Assets/Tiles/Ground/jawbreaker_tiles_58.asset
  artifactKey: Guid(452567397ab949b41b8edeb006db7ef4) Importer(815301076,1909f56bfc062723c751e8b465ee728b)
Start importing Assets/Tiles/Ground/jawbreaker_tiles_58.asset using Guid(452567397ab949b41b8edeb006db7ef4) Importer(815301076,1909f56bfc062723c751e8b465ee728b)  -> (artifact id: '40483ea5504bd3c28047c7676716f2ab') in 0.017331 seconds 
========================================================================
Received Import Request.
  Time since last request: 0.000034 seconds.
  path: Assets/Tiles/Ground/jawbreaker_tiles_60.asset
  artifactKey: Guid(de68d8f25af66094883b992cfad75efc) Importer(815301076,1909f56bfc062723c751e8b465ee728b)
Start importing Assets/Tiles/Ground/jawbreaker_tiles_60.asset using Guid(de68d8f25af66094883b992cfad75efc) Importer(815301076,1909f56bfc062723c751e8b465ee728b)  -> (artifact id: 'ebba4af2c612ba45918b2aeca06ddd7f') in 0.020475 seconds 
========================================================================
Received Import Request.
  Time since last request: 0.000032 seconds.
  path: Assets/Tiles/Ground/jawbreaker_tiles_57.asset
  artifactKey: Guid(99bae5e233bb44f4c926c0e1f91d1854) Importer(815301076,1909f56bfc062723c751e8b465ee728b)
Start importing Assets/Tiles/Ground/jawbreaker_tiles_57.asset using Guid(99bae5e233bb44f4c926c0e1f91d1854) Importer(815301076,1909f56bfc062723c751e8b465ee728b)  -> (artifact id: '0922cf40c2f267d3f8c5e6e2c15d381a') in 0.020949 seconds 
========================================================================
Received Import Request.
  Time since last request: 0.000019 seconds.
  path: Assets/Tiles/Ground/jawbreaker_tiles_65.asset
  artifactKey: Guid(01c38ec2a6a7d1a4783a2d1a11733189) Importer(815301076,1909f56bfc062723c751e8b465ee728b)
Start importing Assets/Tiles/Ground/jawbreaker_tiles_65.asset using Guid(01c38ec2a6a7d1a4783a2d1a11733189) Importer(815301076,1909f56bfc062723c751e8b465ee728b)  -> (artifact id: 'bd5ef0e480dbd8fbff3f61a0eb6c1186') in 0.018571 seconds 
========================================================================
Received Import Request.
  Time since last request: 0.000023 seconds.
  path: Assets/Tiles/Ground/jawbreaker_tiles_63.asset
  artifactKey: Guid(ff02515ded222d747abbe3b0f3c4792f) Importer(815301076,1909f56bfc062723c751e8b465ee728b)
Start importing Assets/Tiles/Ground/jawbreaker_tiles_63.asset using Guid(ff02515ded222d747abbe3b0f3c4792f) Importer(815301076,1909f56bfc062723c751e8b465ee728b)  -> (artifact id: '3ae4c948623107a29960c0405da28599') in 0.020078 seconds 
========================================================================
Received Import Request.
  Time since last request: 18.353604 seconds.
  path: Assets/Prefabs
  artifactKey: Guid(e56dedc2e8d70da40aa6f11d99177892) Importer(815301076,1909f56bfc062723c751e8b465ee728b)
Start importing Assets/Prefabs using Guid(e56dedc2e8d70da40aa6f11d99177892) Importer(815301076,1909f56bfc062723c751e8b465ee728b)  -> (artifact id: '414e77165bca54217778379586746c21') in 0.007074 seconds 
========================================================================
Received Import Request.
  Time since last request: 0.058410 seconds.
  path: Assets/Prefabs/Client.prefab
  artifactKey: Guid(ab0d72375323ff541932a381794e4e36) Importer(815301076,1909f56bfc062723c751e8b465ee728b)
Start importing Assets/Prefabs/Client.prefab using Guid(ab0d72375323ff541932a381794e4e36) Importer(815301076,1909f56bfc062723c751e8b465ee728b)  -> (artifact id: '41a19ca54316e7283057a7c9b7125c24') in 0.021449 seconds 
========================================================================
Received Import Request.
  Time since last request: 70.860080 seconds.
  path: Assets/SpritesPacmanIndividual/Wall_04 1.asset
  artifactKey: Guid(90a40f90308bbd745a756e05f20add59) Importer(815301076,1909f56bfc062723c751e8b465ee728b)
Start importing Assets/SpritesPacmanIndividual/Wall_04 1.asset using Guid(90a40f90308bbd745a756e05f20add59) Importer(815301076,1909f56bfc062723c751e8b465ee728b)  -> (artifact id: '1d940c2daa54f331f3aabb713e64e2b3') in 0.014426 seconds 
========================================================================
Received Import Request.
  Time since last request: 0.005436 seconds.
  path: Assets/SpritesPacmanIndividual/Wall_07 1.asset
  artifactKey: Guid(af72701bd88dd7d449c826cdff600f07) Importer(815301076,1909f56bfc062723c751e8b465ee728b)
Start importing Assets/SpritesPacmanIndividual/Wall_07 1.asset using Guid(af72701bd88dd7d449c826cdff600f07) Importer(815301076,1909f56bfc062723c751e8b465ee728b)  -> (artifact id: '900e56f7c838d3505c3e3c12b512e0a8') in 0.014960 seconds 
========================================================================
Received Import Request.
  Time since last request: 0.000028 seconds.
  path: Assets/SpritesPacmanIndividual/Wall_13 1.asset
  artifactKey: Guid(d5ebdec61736ceb408a6ecee381b8c23) Importer(815301076,1909f56bfc062723c751e8b465ee728b)
Start importing Assets/SpritesPacmanIndividual/Wall_13 1.asset using Guid(d5ebdec61736ceb408a6ecee381b8c23) Importer(815301076,1909f56bfc062723c751e8b465ee728b)  -> (artifact id: '6c2c37ebc9560038c414a54bc5ace1ce') in 0.015756 seconds 
========================================================================
Received Import Request.
  Time since last request: 0.000023 seconds.
  path: Assets/SpritesPacmanIndividual/Wall_16 1.asset
  artifactKey: Guid(d241e1b5e68549945a6d6c2efa1acd23) Importer(815301076,1909f56bfc062723c751e8b465ee728b)
Start importing Assets/SpritesPacmanIndividual/Wall_16 1.asset using Guid(d241e1b5e68549945a6d6c2efa1acd23) Importer(815301076,1909f56bfc062723c751e8b465ee728b)  -> (artifact id: '41556bdaf68f14e845091fb6593b0c41') in 0.012547 seconds 
========================================================================
Received Import Request.
  Time since last request: 0.000034 seconds.
  path: Assets/SpritesPacmanIndividual/Wall_11 1.asset
  artifactKey: Guid(e3a8d9b8ca3ad02418db82edd709074f) Importer(815301076,1909f56bfc062723c751e8b465ee728b)
Start importing Assets/SpritesPacmanIndividual/Wall_11 1.asset using Guid(e3a8d9b8ca3ad02418db82edd709074f) Importer(815301076,1909f56bfc062723c751e8b465ee728b)  -> (artifact id: '7486d61b9142ebc999de0efe7042ff73') in 0.016646 seconds 
========================================================================
Received Import Request.
  Time since last request: 0.000045 seconds.
  path: Assets/SpritesPacmanIndividual/Wall_09 1.asset
  artifactKey: Guid(c01f7084b50420a43b9621217c525a10) Importer(815301076,1909f56bfc062723c751e8b465ee728b)
Start importing Assets/SpritesPacmanIndividual/Wall_09 1.asset using Guid(c01f7084b50420a43b9621217c525a10) Importer(815301076,1909f56bfc062723c751e8b465ee728b)  -> (artifact id: 'da9e9b97abe1364e1f00af81dc9110d1') in 0.013352 seconds 
========================================================================
Received Import Request.
  Time since last request: 0.000025 seconds.
  path: Assets/SpritesPacmanIndividual/Wall_18 1.asset
  artifactKey: Guid(6b2fa78b57a9c954ea0336b9e8c02b80) Importer(815301076,1909f56bfc062723c751e8b465ee728b)
Start importing Assets/SpritesPacmanIndividual/Wall_18 1.asset using Guid(6b2fa78b57a9c954ea0336b9e8c02b80) Importer(815301076,1909f56bfc062723c751e8b465ee728b)  -> (artifact id: '2ab0fe7c9689825bb570ee417d3b127f') in 0.013078 seconds 
========================================================================
Received Import Request.
  Time since last request: 0.000026 seconds.
  path: Assets/SpritesPacmanIndividual/Wall_08 1.asset
  artifactKey: Guid(13b5579fbb17dd94abacad840d9c02f0) Importer(815301076,1909f56bfc062723c751e8b465ee728b)
Start importing Assets/SpritesPacmanIndividual/Wall_08 1.asset using Guid(13b5579fbb17dd94abacad840d9c02f0) Importer(815301076,1909f56bfc062723c751e8b465ee728b)  -> (artifact id: '4fb948fff4e0716d3195b6301c594d6c') in 0.019348 seconds 
========================================================================
Received Import Request.
  Time since last request: 0.920808 seconds.
  path: Assets/SpritesPacmanIndividual/Wall_20 1.asset
  artifactKey: Guid(70567e5af6019eb40a16e2f3fcb14c76) Importer(815301076,1909f56bfc062723c751e8b465ee728b)
Start importing Assets/SpritesPacmanIndividual/Wall_20 1.asset using Guid(70567e5af6019eb40a16e2f3fcb14c76) Importer(815301076,1909f56bfc062723c751e8b465ee728b)  -> (artifact id: 'bf836b31f861d6b47314090fd72a8e2c') in 0.015426 seconds 
========================================================================
Received Import Request.
  Time since last request: 0.000030 seconds.
  path: Assets/SpritesPacmanIndividual/Wall_23 1.asset
  artifactKey: Guid(5f9d00894e0c4bb4d918ce33c3eca8c1) Importer(815301076,1909f56bfc062723c751e8b465ee728b)
Start importing Assets/SpritesPacmanIndividual/Wall_23 1.asset using Guid(5f9d00894e0c4bb4d918ce33c3eca8c1) Importer(815301076,1909f56bfc062723c751e8b465ee728b)  -> (artifact id: '0062037518d6a4da120a55a1a63e1e41') in 0.012259 seconds 
========================================================================
Received Import Request.
  Time since last request: 0.070604 seconds.
  path: Assets/SpritesPacmanIndividual/Wall_24 1.asset
  artifactKey: Guid(f043dd7f4173cfe429eb31bbb9963899) Importer(815301076,1909f56bfc062723c751e8b465ee728b)
Start importing Assets/SpritesPacmanIndividual/Wall_24 1.asset using Guid(f043dd7f4173cfe429eb31bbb9963899) Importer(815301076,1909f56bfc062723c751e8b465ee728b)  -> (artifact id: '504be808436f45b5abeb7735a4914bfe') in 0.013732 seconds 
========================================================================
Received Import Request.
  Time since last request: 0.000026 seconds.
  path: Assets/SpritesPacmanIndividual/Wall_26 1.asset
  artifactKey: Guid(0a2ece06699edd8419cc2be124d8f71f) Importer(815301076,1909f56bfc062723c751e8b465ee728b)
Start importing Assets/SpritesPacmanIndividual/Wall_26 1.asset using Guid(0a2ece06699edd8419cc2be124d8f71f) Importer(815301076,1909f56bfc062723c751e8b465ee728b)  -> (artifact id: '577e52c1f8ddb5d30be53b3fcae9ea09') in 0.012859 seconds 
========================================================================
Received Import Request.
  Time since last request: 0.074615 seconds.
  path: Assets/SpritesPacmanIndividual/Wall_28 1.asset
  artifactKey: Guid(e515345f71c88d24199e0afc8696f32e) Importer(815301076,1909f56bfc062723c751e8b465ee728b)
Start importing Assets/SpritesPacmanIndividual/Wall_28 1.asset using Guid(e515345f71c88d24199e0afc8696f32e) Importer(815301076,1909f56bfc062723c751e8b465ee728b)  -> (artifact id: '7eeb0b53ec3e69b104d4f4fae797060c') in 0.013534 seconds 
========================================================================
Received Import Request.
  Time since last request: 0.448786 seconds.
  path: Assets/SpritesPacmanIndividual/Wall_00 1.asset
  artifactKey: Guid(345afa54a3b91f24886ec3cec823e876) Importer(815301076,1909f56bfc062723c751e8b465ee728b)
Start importing Assets/SpritesPacmanIndividual/Wall_00 1.asset using Guid(345afa54a3b91f24886ec3cec823e876) Importer(815301076,1909f56bfc062723c751e8b465ee728b)  -> (artifact id: '34e2bd2f985d5b3d2eabcb5e8c742a96') in 0.012511 seconds 
========================================================================
Received Import Request.
  Time since last request: 0.000039 seconds.
  path: Assets/SpritesPacmanIndividual/Wall_02 1.asset
  artifactKey: Guid(e149d193b33d2a74c93e40a2dbc8259d) Importer(815301076,1909f56bfc062723c751e8b465ee728b)
Start importing Assets/SpritesPacmanIndividual/Wall_02 1.asset using Guid(e149d193b33d2a74c93e40a2dbc8259d) Importer(815301076,1909f56bfc062723c751e8b465ee728b)  -> (artifact id: '9c9acc548330748f093e757c425f0bec') in 0.014195 seconds 
Editor requested this worker to shutdown with reason: Scaling down because of idle timeout
AssetImportWorker is now disconnected from the server
Process exiting
Exiting without the bug reporter. Application will terminate with return code 0