Using pre-set license
Built from '2021.3/staging' branch; Version is '2021.3.21f1 (1b156197d683) revision 1774945'; Using compiler version '192829333'; Build Type 'Release'
OS: 'Windows 11  (10.0.22621) 64bit Core' Language: 'es' Physical Memory: 32528 MB
BatchMode: 1, IsHumanControllingUs: 0, StartBugReporterOnCrash: 0, Is64bit: 1, IsPro: 1

COMMAND LINE ARGUMENTS:
C:\Program Files\Unity\Hub\Editor\2021.3.21f1\Editor\Unity.exe
-adb2
-batchMode
-noUpm
-name
AssetImportWorker21
-projectPath
C:/Users/joelm/OneDrive/Documentos/GitHub/inverted_pacman/Client_Unity
-logFile
Logs/AssetImportWorker21.log
-srvPort
50074
Successfully changed project path to: C:/Users/joelm/OneDrive/Documentos/GitHub/inverted_pacman/Client_Unity
C:/Users/joelm/OneDrive/Documentos/GitHub/inverted_pacman/Client_Unity
[UnityMemory] Configuration Parameters - Can be set up in boot.config
    "memorysetup-bucket-allocator-granularity=16"
    "memorysetup-bucket-allocator-bucket-count=8"
    "memorysetup-bucket-allocator-block-size=33554432"
    "memorysetup-bucket-allocator-block-count=8"
    "memorysetup-main-allocator-block-size=16777216"
    "memorysetup-thread-allocator-block-size=16777216"
    "memorysetup-gfx-main-allocator-block-size=16777216"
    "memorysetup-gfx-thread-allocator-block-size=16777216"
    "memorysetup-cache-allocator-block-size=4194304"
    "memorysetup-typetree-allocator-block-size=2097152"
    "memorysetup-profiler-bucket-allocator-granularity=16"
    "memorysetup-profiler-bucket-allocator-bucket-count=8"
    "memorysetup-profiler-bucket-allocator-block-size=33554432"
    "memorysetup-profiler-bucket-allocator-block-count=8"
    "memorysetup-profiler-allocator-block-size=16777216"
    "memorysetup-profiler-editor-allocator-block-size=1048576"
    "memorysetup-temp-allocator-size-main=16777216"
    "memorysetup-job-temp-allocator-block-size=2097152"
    "memorysetup-job-temp-allocator-block-size-background=1048576"
    "memorysetup-job-temp-allocator-reduction-small-platforms=262144"
    "memorysetup-temp-allocator-size-background-worker=32768"
    "memorysetup-temp-allocator-size-job-worker=262144"
    "memorysetup-temp-allocator-size-preload-manager=33554432"
    "memorysetup-temp-allocator-size-nav-mesh-worker=65536"
    "memorysetup-temp-allocator-size-audio-worker=65536"
    "memorysetup-temp-allocator-size-cloud-worker=32768"
    "memorysetup-temp-allocator-size-gi-baking-worker=262144"
    "memorysetup-temp-allocator-size-gfx=262144"
Player connection [3936] Host "[IP] 192.168.56.1 [Port] 0 [Flags] 2 [Guid] 2930846233 [EditorId] 2930846233 [Version] 1048832 [Id] WindowsEditor(7,MSI) [Debug] 1 [PackageName] WindowsEditor [ProjectName] Editor" joined multi-casting on [225.0.0.222:54997]...

Player connection [3936] Host "[IP] 192.168.56.1 [Port] 0 [Flags] 2 [Guid] 2930846233 [EditorId] 2930846233 [Version] 1048832 [Id] WindowsEditor(7,MSI) [Debug] 1 [PackageName] WindowsEditor [ProjectName] Editor" joined alternative multi-casting on [225.0.0.222:34997]...

Refreshing native plugins compatible for Editor in 148.01 ms, found 4 plugins.
Preloading 0 native plugins for Editor in 0.00 ms.
Initialize engine version: 2021.3.21f1 (1b156197d683)
[Subsystems] Discovering subsystems at path C:/Program Files/Unity/Hub/Editor/2021.3.21f1/Editor/Data/Resources/UnitySubsystems
[Subsystems] Discovering subsystems at path C:/Users/joelm/OneDrive/Documentos/GitHub/inverted_pacman/Client_Unity/Assets
GfxDevice: creating device client; threaded=0; jobified=0
Direct3D:
    Version:  Direct3D 11.0 [level 11.1]
    Renderer: NVIDIA GeForce RTX 3070 Laptop GPU (ID=0x249d)
    Vendor:   NVIDIA
    VRAM:     8044 MB
    Driver:   30.0.14.9717
Initialize mono
Mono path[0] = 'C:/Program Files/Unity/Hub/Editor/2021.3.21f1/Editor/Data/Managed'
Mono path[1] = 'C:/Program Files/Unity/Hub/Editor/2021.3.21f1/Editor/Data/MonoBleedingEdge/lib/mono/unityjit-win32'
Mono config path = 'C:/Program Files/Unity/Hub/Editor/2021.3.21f1/Editor/Data/MonoBleedingEdge/etc'
Using monoOptions --debugger-agent=transport=dt_socket,embedding=1,server=y,suspend=n,address=127.0.0.1:56940
Begin MonoManager ReloadAssembly
Registering precompiled unity dll's ...
Register platform support module: C:/Program Files/Unity/Hub/Editor/2021.3.21f1/Editor/Data/PlaybackEngines/WindowsStandaloneSupport/UnityEditor.WindowsStandalone.Extensions.dll
Register platform support module: C:/Program Files/Unity/Hub/Editor/2021.3.21f1/Editor/Data/PlaybackEngines/LinuxStandaloneSupport/UnityEditor.LinuxStandalone.Extensions.dll
Registered in 0.008611 seconds.
Native extension for LinuxStandalone target not found
Native extension for WindowsStandalone target not found
Refreshing native plugins compatible for Editor in 152.11 ms, found 4 plugins.
Preloading 0 native plugins for Editor in 0.00 ms.
Mono: successfully reloaded assembly
- Completed reload, in  0.945 seconds
Domain Reload Profiling:
	ReloadAssembly (946ms)
		BeginReloadAssembly (112ms)
			ExecutionOrderSort (0ms)
			DisableScriptedObjects (0ms)
			BackupInstance (0ms)
			ReleaseScriptingObjects (0ms)
			CreateAndSetChildDomain (1ms)
		EndReloadAssembly (694ms)
			LoadAssemblies (109ms)
			RebuildTransferFunctionScriptingTraits (0ms)
			SetupTypeCache (160ms)
			ReleaseScriptCaches (0ms)
			RebuildScriptCaches (45ms)
			SetupLoadedEditorAssemblies (421ms)
				LogAssemblyErrors (0ms)
				InitializePlatformSupportModulesInManaged (12ms)
				SetLoadedEditorAssemblies (0ms)
				RefreshPlugins (152ms)
				BeforeProcessingInitializeOnLoad (1ms)
				ProcessInitializeOnLoadAttributes (191ms)
				ProcessInitializeOnLoadMethodAttributes (65ms)
				AfterProcessingInitializeOnLoad (0ms)
				EditorAssembliesLoaded (0ms)
			ExecutionOrderSort2 (0ms)
			AwakeInstancesAfterBackupRestoration (0ms)
Platform modules already initialized, skipping
Registering precompiled user dll's ...
Registered in 0.009962 seconds.
Begin MonoManager ReloadAssembly
Symbol file LoadedFromMemory doesn't match image C:\Users\joelm\OneDrive\Documentos\GitHub\inverted_pacman\Client_Unity\Library\PackageCache\com.unity.visualscripting@1.8.0\Editor\VisualScripting.Core\Dependencies\YamlDotNet\Unity.VisualScripting.YamlDotNet.dll
Symbol file LoadedFromMemory doesn't match image C:\Users\joelm\OneDrive\Documentos\GitHub\inverted_pacman\Client_Unity\Library\PackageCache\com.unity.visualscripting@1.8.0\Editor\VisualScripting.Core\Dependencies\DotNetZip\Unity.VisualScripting.IonicZip.dll
Native extension for LinuxStandalone target not found
Native extension for WindowsStandalone target not found
Refreshing native plugins compatible for Editor in 159.96 ms, found 4 plugins.
Preloading 0 native plugins for Editor in 0.00 ms.
Mono: successfully reloaded assembly
- Completed reload, in  7.876 seconds
Domain Reload Profiling:
	ReloadAssembly (7877ms)
		BeginReloadAssembly (168ms)
			ExecutionOrderSort (0ms)
			DisableScriptedObjects (11ms)
			BackupInstance (0ms)
			ReleaseScriptingObjects (0ms)
			CreateAndSetChildDomain (26ms)
		EndReloadAssembly (7503ms)
			LoadAssemblies (5557ms)
			RebuildTransferFunctionScriptingTraits (0ms)
			SetupTypeCache (898ms)
			ReleaseScriptCaches (1ms)
			RebuildScriptCaches (88ms)
			SetupLoadedEditorAssemblies (900ms)
				LogAssemblyErrors (0ms)
				InitializePlatformSupportModulesInManaged (12ms)
				SetLoadedEditorAssemblies (0ms)
				RefreshPlugins (160ms)
				BeforeProcessingInitializeOnLoad (146ms)
				ProcessInitializeOnLoadAttributes (519ms)
				ProcessInitializeOnLoadMethodAttributes (52ms)
				AfterProcessingInitializeOnLoad (10ms)
				EditorAssembliesLoaded (0ms)
			ExecutionOrderSort2 (0ms)
			AwakeInstancesAfterBackupRestoration (11ms)
Platform modules already initialized, skipping
========================================================================
Worker process is ready to serve import requests
Launched and connected shader compiler UnityShaderCompiler.exe after 0.11 seconds
Refreshing native plugins compatible for Editor in 1.43 ms, found 4 plugins.
Preloading 0 native plugins for Editor in 0.00 ms.
Unloading 4143 Unused Serialized files (Serialized files now loaded: 0)
Unloading 44 unused Assets / (228.9 KB). Loaded Objects now: 4600.
Memory consumption went from 160.4 MB to 160.1 MB.
Total: 5.448900 ms (FindLiveObjects: 0.621600 ms CreateObjectMapping: 0.515700 ms MarkObjects: 4.092400 ms  DeleteObjects: 0.217900 ms)

AssetImportParameters requested are different than current active one (requested -> active):
  custom:video-decoder-ogg-theora: a1e56fd34408186e4bbccfd4996cb3dc -> 
  custom:container-muxer-webm: aa71ff27fc2769a1b78a27578f13a17b -> 
  custom:container-demuxer-webm: 4f35f7cbe854078d1ac9338744f61a02 -> 
  custom:video-encoder-webm-vp8: eb34c28f22e8b96e1ab97ce403110664 -> 
  custom:audio-encoder-webm-vorbis: bf7c407c2cedff20999df2af8eb42d56 -> 
  custom:framework-win-MediaFoundation: 216162199b28c13a410421893ffa2e32 -> 
  custom:container-demuxer-ogg: 62fdf1f143b41e24485cea50d1cbac27 -> 
  custom:video-decoder-webm-vp8: 9c59270c3fd7afecdb556c50c9e8de78 -> 
  custom:audio-decoder-ogg-vorbis: bf7c407c2cedff20999df2af8eb42d56 -> 
========================================================================
Received Import Request.
  Time since last request: 7776.703759 seconds.
  path: Assets/Tiles/Ground
  artifactKey: Guid(fe244d06a2cd3514ca4d6b72ecfe9cf5) Importer(815301076,1909f56bfc062723c751e8b465ee728b)
Start importing Assets/Tiles/Ground using Guid(fe244d06a2cd3514ca4d6b72ecfe9cf5) Importer(815301076,1909f56bfc062723c751e8b465ee728b)  -> (artifact id: 'cd3203b83f498db435887bf87b5891cd') in 0.017069 seconds 
========================================================================
Received Import Request.
  Time since last request: 40.644669 seconds.
  path: Assets/TilesPacmanIndividual/New Rule Tile.asset
  artifactKey: Guid(ea7a74a4f1767324fb219047165a2d02) Importer(815301076,1909f56bfc062723c751e8b465ee728b)
Start importing Assets/TilesPacmanIndividual/New Rule Tile.asset using Guid(ea7a74a4f1767324fb219047165a2d02) Importer(815301076,1909f56bfc062723c751e8b465ee728b)  -> (artifact id: '565376787017d063624debafe8a1e060') in 0.081318 seconds 
========================================================================
Received Import Request.
  Time since last request: 35.663738 seconds.
  path: Assets/TilesPacmanIndividual/Pellet_Tile.asset
  artifactKey: Guid(ea7a74a4f1767324fb219047165a2d02) Importer(815301076,1909f56bfc062723c751e8b465ee728b)
Start importing Assets/TilesPacmanIndividual/Pellet_Tile.asset using Guid(ea7a74a4f1767324fb219047165a2d02) Importer(815301076,1909f56bfc062723c751e8b465ee728b)  -> (artifact id: '055844986a53dbf6ae4eabbdadd36ce4') in 0.007893 seconds 
========================================================================
Received Import Request.
  Time since last request: 16.378891 seconds.
  path: Assets/TextMesh Pro/Examples & Extras/Prefabs/Text Popup.prefab
  artifactKey: Guid(b06f0e6c1dfa4356ac918da1bb32c603) Importer(815301076,1909f56bfc062723c751e8b465ee728b)
Start importing Assets/TextMesh Pro/Examples & Extras/Prefabs/Text Popup.prefab using Guid(b06f0e6c1dfa4356ac918da1bb32c603) Importer(815301076,1909f56bfc062723c751e8b465ee728b)  -> (artifact id: '8cdb1be81ee569635660e3f7b33a1cfb') in 0.091609 seconds 
========================================================================
Received Import Request.
  Time since last request: 0.000019 seconds.
  path: Assets/TextMesh Pro/Examples & Extras/Prefabs/TextMeshPro - Prefab 2.prefab
  artifactKey: Guid(fdad9d952ae84cafb74c63f2e694d042) Importer(815301076,1909f56bfc062723c751e8b465ee728b)
Start importing Assets/TextMesh Pro/Examples & Extras/Prefabs/TextMeshPro - Prefab 2.prefab using Guid(fdad9d952ae84cafb74c63f2e694d042) Importer(815301076,1909f56bfc062723c751e8b465ee728b)  -> (artifact id: '36b3b267d84dd80431404d8341aa0af1') in 0.040042 seconds 
========================================================================
Received Import Request.
  Time since last request: 49.797426 seconds.
  path: Assets/TilesPacmanIndividual/PowerPellet_Tile.asset
  artifactKey: Guid(9c009a214cc67fe44931b4bc674cdca1) Importer(815301076,1909f56bfc062723c751e8b465ee728b)
Start importing Assets/TilesPacmanIndividual/PowerPellet_Tile.asset using Guid(9c009a214cc67fe44931b4bc674cdca1) Importer(815301076,1909f56bfc062723c751e8b465ee728b)  -> (artifact id: '2aa6389ad20bf8895082492c2ba7a5f2') in 0.008901 seconds 
========================================================================
Received Import Request.
  Time since last request: 32.044611 seconds.
  path: Assets/TilesPacmanIndividual/PowerPellet_Tile.asset
  artifactKey: Guid(9c009a214cc67fe44931b4bc674cdca1) Importer(815301076,1909f56bfc062723c751e8b465ee728b)
Start importing Assets/TilesPacmanIndividual/PowerPellet_Tile.asset using Guid(9c009a214cc67fe44931b4bc674cdca1) Importer(815301076,1909f56bfc062723c751e8b465ee728b)  -> (artifact id: '3075385e638fe17c49d9f46ad57eb1af') in 0.004208 seconds 
========================================================================
Received Import Request.
  Time since last request: 0.004825 seconds.
  path: Assets/TilesPacmanIndividual/Pellet_Tile.asset
  artifactKey: Guid(ea7a74a4f1767324fb219047165a2d02) Importer(815301076,1909f56bfc062723c751e8b465ee728b)
Start importing Assets/TilesPacmanIndividual/Pellet_Tile.asset using Guid(ea7a74a4f1767324fb219047165a2d02) Importer(815301076,1909f56bfc062723c751e8b465ee728b)  -> (artifact id: 'ec1f94e6df4c38435a85355345aa65af') in 0.003763 seconds 
========================================================================
Received Import Request.
  Time since last request: 666.140621 seconds.
  path: Assets/TilesPacmanIndividual/Pellet_Tile.asset
  artifactKey: Guid(ea7a74a4f1767324fb219047165a2d02) Importer(815301076,1909f56bfc062723c751e8b465ee728b)
Start importing Assets/TilesPacmanIndividual/Pellet_Tile.asset using Guid(ea7a74a4f1767324fb219047165a2d02) Importer(815301076,1909f56bfc062723c751e8b465ee728b)  -> (artifact id: 'dd2c04e67e37645429ea6d504c261c4c') in 0.006022 seconds 
========================================================================
Received Import Request.
  Time since last request: 127.111570 seconds.
  path: Assets/PrefabsPacman/Node.prefab
  artifactKey: Guid(c8da0c81e2d96364383d73f7478a45d3) Importer(815301076,1909f56bfc062723c751e8b465ee728b)
Start importing Assets/PrefabsPacman/Node.prefab using Guid(c8da0c81e2d96364383d73f7478a45d3) Importer(815301076,1909f56bfc062723c751e8b465ee728b)  -> (artifact id: '05cd8ce94420648beae8ad9dfcbeb711') in 0.007682 seconds 
========================================================================
Received Import Request.
  Time since last request: 51.154317 seconds.
  path: Assets/TilesPacmanIndividual/Node_Tile.asset
  artifactKey: Guid(710239ac559f1d544a39a5fa2c61d0ad) Importer(815301076,1909f56bfc062723c751e8b465ee728b)
Start importing Assets/TilesPacmanIndividual/Node_Tile.asset using Guid(710239ac559f1d544a39a5fa2c61d0ad) Importer(815301076,1909f56bfc062723c751e8b465ee728b)  -> (artifact id: '0bf34a7225f354f9eddeb3d202ca605e') in 0.007994 seconds 
========================================================================
Received Import Request.
  Time since last request: 10.458622 seconds.
  path: Assets/SpritesPacmanIndividual/Sprites/Tile_Pacman_Palette.prefab
  artifactKey: Guid(927e1dddfa06618469cdb3294117bbc2) Importer(815301076,1909f56bfc062723c751e8b465ee728b)
Start importing Assets/SpritesPacmanIndividual/Sprites/Tile_Pacman_Palette.prefab using Guid(927e1dddfa06618469cdb3294117bbc2) Importer(815301076,1909f56bfc062723c751e8b465ee728b)  -> (artifact id: 'a9817dbef86581f7d402d80fb318867b') in 0.152433 seconds 
========================================================================
Received Import Request.
  Time since last request: 432.540146 seconds.
  path: Assets/TilesPacmanIndividual/Node_Tile.asset
  artifactKey: Guid(710239ac559f1d544a39a5fa2c61d0ad) Importer(815301076,1909f56bfc062723c751e8b465ee728b)
Start importing Assets/TilesPacmanIndividual/Node_Tile.asset using Guid(710239ac559f1d544a39a5fa2c61d0ad) Importer(815301076,1909f56bfc062723c751e8b465ee728b)  -> (artifact id: '39454198807c3ef98304612625eaa343') in 0.015982 seconds 
========================================================================
Received Import Request.
  Time since last request: 155.091941 seconds.
  path: Assets/ScriptsPacmanIndividual
  artifactKey: Guid(b7957b71ef6ad1d498bde26dc9baba6e) Importer(815301076,1909f56bfc062723c751e8b465ee728b)
Start importing Assets/ScriptsPacmanIndividual using Guid(b7957b71ef6ad1d498bde26dc9baba6e) Importer(815301076,1909f56bfc062723c751e8b465ee728b)  -> (artifact id: 'badcd1c805ce09188b894a00aee6b45f') in 0.007607 seconds 
========================================================================
Received Import Request.
  Time since last request: 27.650517 seconds.
  path: Assets/ScriptsPacmanIndividual/GameManagerPMI.cs
  artifactKey: Guid(975b8a081ab6970479169a5f23e51f8c) Importer(815301076,1909f56bfc062723c751e8b465ee728b)
Start importing Assets/ScriptsPacmanIndividual/GameManagerPMI.cs using Guid(975b8a081ab6970479169a5f23e51f8c) Importer(815301076,1909f56bfc062723c751e8b465ee728b)  -> (artifact id: '4c1c334b7f33f2b1e16e085d51f3887e') in 0.014576 seconds 
========================================================================
Received Prepare
Registering precompiled user dll's ...
Registered in 0.009448 seconds.
Begin MonoManager ReloadAssembly
Symbol file LoadedFromMemory doesn't match image C:\Users\joelm\OneDrive\Documentos\GitHub\inverted_pacman\Client_Unity\Library\PackageCache\com.unity.visualscripting@1.8.0\Editor\VisualScripting.Core\Dependencies\YamlDotNet\Unity.VisualScripting.YamlDotNet.dll
Symbol file LoadedFromMemory doesn't match image C:\Users\joelm\OneDrive\Documentos\GitHub\inverted_pacman\Client_Unity\Library\PackageCache\com.unity.visualscripting@1.8.0\Editor\VisualScripting.Core\Dependencies\DotNetZip\Unity.VisualScripting.IonicZip.dll
Native extension for LinuxStandalone target not found
Native extension for WindowsStandalone target not found
Refreshing native plugins compatible for Editor in 0.86 ms, found 4 plugins.
Preloading 0 native plugins for Editor in 0.00 ms.
Mono: successfully reloaded assembly
- Completed reload, in  1.313 seconds
Domain Reload Profiling:
	ReloadAssembly (1314ms)
		BeginReloadAssembly (179ms)
			ExecutionOrderSort (0ms)
			DisableScriptedObjects (8ms)
			BackupInstance (0ms)
			ReleaseScriptingObjects (0ms)
			CreateAndSetChildDomain (53ms)
		EndReloadAssembly (984ms)
			LoadAssemblies (137ms)
			RebuildTransferFunctionScriptingTraits (0ms)
			SetupTypeCache (319ms)
			ReleaseScriptCaches (1ms)
			RebuildScriptCaches (51ms)
			SetupLoadedEditorAssemblies (428ms)
				LogAssemblyErrors (0ms)
				InitializePlatformSupportModulesInManaged (9ms)
				SetLoadedEditorAssemblies (1ms)
				RefreshPlugins (1ms)
				BeforeProcessingInitializeOnLoad (83ms)
				ProcessInitializeOnLoadAttributes (290ms)
				ProcessInitializeOnLoadMethodAttributes (37ms)
				AfterProcessingInitializeOnLoad (8ms)
				EditorAssembliesLoaded (0ms)
			ExecutionOrderSort2 (0ms)
			AwakeInstancesAfterBackupRestoration (10ms)
Platform modules already initialized, skipping
Refreshing native plugins compatible for Editor in 3.14 ms, found 4 plugins.
Preloading 0 native plugins for Editor in 0.00 ms.
Unloading 4126 Unused Serialized files (Serialized files now loaded: 0)
Unloading 30 unused Assets / (196.4 KB). Loaded Objects now: 4614.
Memory consumption went from 162.9 MB to 162.7 MB.
Total: 3.521000 ms (FindLiveObjects: 0.313100 ms CreateObjectMapping: 0.236900 ms MarkObjects: 2.824500 ms  DeleteObjects: 0.145700 ms)

AssetImportParameters requested are different than current active one (requested -> active):
  custom:video-decoder-ogg-theora: a1e56fd34408186e4bbccfd4996cb3dc -> 
  custom:container-muxer-webm: aa71ff27fc2769a1b78a27578f13a17b -> 
  custom:container-demuxer-webm: 4f35f7cbe854078d1ac9338744f61a02 -> 
  custom:video-encoder-webm-vp8: eb34c28f22e8b96e1ab97ce403110664 -> 
  custom:audio-encoder-webm-vorbis: bf7c407c2cedff20999df2af8eb42d56 -> 
  custom:framework-win-MediaFoundation: 216162199b28c13a410421893ffa2e32 -> 
  custom:container-demuxer-ogg: 62fdf1f143b41e24485cea50d1cbac27 -> 
  custom:video-decoder-webm-vp8: 9c59270c3fd7afecdb556c50c9e8de78 -> 
  custom:audio-decoder-ogg-vorbis: bf7c407c2cedff20999df2af8eb42d56 -> 
========================================================================
Received Prepare
Registering precompiled user dll's ...
Registered in 0.008569 seconds.
Begin MonoManager ReloadAssembly
Symbol file LoadedFromMemory doesn't match image C:\Users\joelm\OneDrive\Documentos\GitHub\inverted_pacman\Client_Unity\Library\PackageCache\com.unity.visualscripting@1.8.0\Editor\VisualScripting.Core\Dependencies\YamlDotNet\Unity.VisualScripting.YamlDotNet.dll
Symbol file LoadedFromMemory doesn't match image C:\Users\joelm\OneDrive\Documentos\GitHub\inverted_pacman\Client_Unity\Library\PackageCache\com.unity.visualscripting@1.8.0\Editor\VisualScripting.Core\Dependencies\DotNetZip\Unity.VisualScripting.IonicZip.dll
Native extension for LinuxStandalone target not found
Native extension for WindowsStandalone target not found
Refreshing native plugins compatible for Editor in 0.83 ms, found 4 plugins.
Preloading 0 native plugins for Editor in 0.00 ms.
Mono: successfully reloaded assembly
- Completed reload, in  1.184 seconds
Domain Reload Profiling:
	ReloadAssembly (1185ms)
		BeginReloadAssembly (168ms)
			ExecutionOrderSort (0ms)
			DisableScriptedObjects (9ms)
			BackupInstance (0ms)
			ReleaseScriptingObjects (0ms)
			CreateAndSetChildDomain (47ms)
		EndReloadAssembly (907ms)
			LoadAssemblies (108ms)
			RebuildTransferFunctionScriptingTraits (0ms)
			SetupTypeCache (275ms)
			ReleaseScriptCaches (1ms)
			RebuildScriptCaches (50ms)
			SetupLoadedEditorAssemblies (418ms)
				LogAssemblyErrors (0ms)
				InitializePlatformSupportModulesInManaged (9ms)
				SetLoadedEditorAssemblies (1ms)
				RefreshPlugins (1ms)
				BeforeProcessingInitializeOnLoad (78ms)
				ProcessInitializeOnLoadAttributes (281ms)
				ProcessInitializeOnLoadMethodAttributes (42ms)
				AfterProcessingInitializeOnLoad (8ms)
				EditorAssembliesLoaded (0ms)
			ExecutionOrderSort2 (0ms)
			AwakeInstancesAfterBackupRestoration (13ms)
Platform modules already initialized, skipping
Refreshing native plugins compatible for Editor in 3.78 ms, found 4 plugins.
Preloading 0 native plugins for Editor in 0.00 ms.
Unloading 4126 Unused Serialized files (Serialized files now loaded: 0)
Unloading 29 unused Assets / (195.7 KB). Loaded Objects now: 4617.
Memory consumption went from 162.9 MB to 162.7 MB.
Total: 3.714900 ms (FindLiveObjects: 0.317500 ms CreateObjectMapping: 0.265600 ms MarkObjects: 2.978000 ms  DeleteObjects: 0.152800 ms)

AssetImportParameters requested are different than current active one (requested -> active):
  custom:video-decoder-ogg-theora: a1e56fd34408186e4bbccfd4996cb3dc -> 
  custom:container-muxer-webm: aa71ff27fc2769a1b78a27578f13a17b -> 
  custom:container-demuxer-webm: 4f35f7cbe854078d1ac9338744f61a02 -> 
  custom:video-encoder-webm-vp8: eb34c28f22e8b96e1ab97ce403110664 -> 
  custom:audio-encoder-webm-vorbis: bf7c407c2cedff20999df2af8eb42d56 -> 
  custom:framework-win-MediaFoundation: 216162199b28c13a410421893ffa2e32 -> 
  custom:container-demuxer-ogg: 62fdf1f143b41e24485cea50d1cbac27 -> 
  custom:video-decoder-webm-vp8: 9c59270c3fd7afecdb556c50c9e8de78 -> 
  custom:audio-decoder-ogg-vorbis: bf7c407c2cedff20999df2af8eb42d56 -> 
========================================================================
Received Import Request.
  Time since last request: 281.588247 seconds.
  path: Assets/ScriptsPacmanIndividual/Ghost.cs
  artifactKey: Guid(a660bb9688627c449b8e8016625b8d60) Importer(815301076,1909f56bfc062723c751e8b465ee728b)
Start importing Assets/ScriptsPacmanIndividual/Ghost.cs using Guid(a660bb9688627c449b8e8016625b8d60) Importer(815301076,1909f56bfc062723c751e8b465ee728b)  -> (artifact id: 'e7053fe6496b6bea17161190ef5095f8') in 0.022725 seconds 
========================================================================
Received Prepare
Registering precompiled user dll's ...
Registered in 0.008087 seconds.
Begin MonoManager ReloadAssembly
Symbol file LoadedFromMemory doesn't match image C:\Users\joelm\OneDrive\Documentos\GitHub\inverted_pacman\Client_Unity\Library\PackageCache\com.unity.visualscripting@1.8.0\Editor\VisualScripting.Core\Dependencies\YamlDotNet\Unity.VisualScripting.YamlDotNet.dll
Symbol file LoadedFromMemory doesn't match image C:\Users\joelm\OneDrive\Documentos\GitHub\inverted_pacman\Client_Unity\Library\PackageCache\com.unity.visualscripting@1.8.0\Editor\VisualScripting.Core\Dependencies\DotNetZip\Unity.VisualScripting.IonicZip.dll
Native extension for LinuxStandalone target not found
Native extension for WindowsStandalone target not found
Refreshing native plugins compatible for Editor in 0.88 ms, found 4 plugins.
Preloading 0 native plugins for Editor in 0.00 ms.
Mono: successfully reloaded assembly
- Completed reload, in  1.172 seconds
Domain Reload Profiling:
	ReloadAssembly (1173ms)
		BeginReloadAssembly (152ms)
			ExecutionOrderSort (0ms)
			DisableScriptedObjects (9ms)
			BackupInstance (0ms)
			ReleaseScriptingObjects (0ms)
			CreateAndSetChildDomain (38ms)
		EndReloadAssembly (904ms)
			LoadAssemblies (105ms)
			RebuildTransferFunctionScriptingTraits (0ms)
			SetupTypeCache (274ms)
			ReleaseScriptCaches (1ms)
			RebuildScriptCaches (49ms)
			SetupLoadedEditorAssemblies (424ms)
				LogAssemblyErrors (0ms)
				InitializePlatformSupportModulesInManaged (9ms)
				SetLoadedEditorAssemblies (1ms)
				RefreshPlugins (1ms)
				BeforeProcessingInitializeOnLoad (86ms)
				ProcessInitializeOnLoadAttributes (282ms)
				ProcessInitializeOnLoadMethodAttributes (38ms)
				AfterProcessingInitializeOnLoad (8ms)
				EditorAssembliesLoaded (0ms)
			ExecutionOrderSort2 (0ms)
			AwakeInstancesAfterBackupRestoration (11ms)
Platform modules already initialized, skipping
Refreshing native plugins compatible for Editor in 2.80 ms, found 4 plugins.
Preloading 0 native plugins for Editor in 0.00 ms.
Unloading 4127 Unused Serialized files (Serialized files now loaded: 0)
Unloading 29 unused Assets / (195.5 KB). Loaded Objects now: 4621.
Memory consumption went from 163.0 MB to 162.8 MB.
Total: 3.474600 ms (FindLiveObjects: 0.295200 ms CreateObjectMapping: 0.238900 ms MarkObjects: 2.799600 ms  DeleteObjects: 0.140200 ms)

AssetImportParameters requested are different than current active one (requested -> active):
  custom:video-decoder-ogg-theora: a1e56fd34408186e4bbccfd4996cb3dc -> 
  custom:container-muxer-webm: aa71ff27fc2769a1b78a27578f13a17b -> 
  custom:container-demuxer-webm: 4f35f7cbe854078d1ac9338744f61a02 -> 
  custom:video-encoder-webm-vp8: eb34c28f22e8b96e1ab97ce403110664 -> 
  custom:audio-encoder-webm-vorbis: bf7c407c2cedff20999df2af8eb42d56 -> 
  custom:framework-win-MediaFoundation: 216162199b28c13a410421893ffa2e32 -> 
  custom:container-demuxer-ogg: 62fdf1f143b41e24485cea50d1cbac27 -> 
  custom:video-decoder-webm-vp8: 9c59270c3fd7afecdb556c50c9e8de78 -> 
  custom:audio-decoder-ogg-vorbis: bf7c407c2cedff20999df2af8eb42d56 -> 
========================================================================
Received Import Request.
  Time since last request: 10.367116 seconds.
  path: Assets/ScriptsPacmanIndividual/Pacman.cs
  artifactKey: Guid(aa1a221aa1e8776448ea24672c32ce96) Importer(815301076,1909f56bfc062723c751e8b465ee728b)
Start importing Assets/ScriptsPacmanIndividual/Pacman.cs using Guid(aa1a221aa1e8776448ea24672c32ce96) Importer(815301076,1909f56bfc062723c751e8b465ee728b)  -> (artifact id: '8565140fcd703f64e1727a81f6274965') in 0.011026 seconds 
========================================================================
Received Prepare
Registering precompiled user dll's ...
Registered in 0.008238 seconds.
Begin MonoManager ReloadAssembly
Symbol file LoadedFromMemory doesn't match image C:\Users\joelm\OneDrive\Documentos\GitHub\inverted_pacman\Client_Unity\Library\PackageCache\com.unity.visualscripting@1.8.0\Editor\VisualScripting.Core\Dependencies\YamlDotNet\Unity.VisualScripting.YamlDotNet.dll
Symbol file LoadedFromMemory doesn't match image C:\Users\joelm\OneDrive\Documentos\GitHub\inverted_pacman\Client_Unity\Library\PackageCache\com.unity.visualscripting@1.8.0\Editor\VisualScripting.Core\Dependencies\DotNetZip\Unity.VisualScripting.IonicZip.dll
Native extension for LinuxStandalone target not found
Native extension for WindowsStandalone target not found
Refreshing native plugins compatible for Editor in 0.86 ms, found 4 plugins.
Preloading 0 native plugins for Editor in 0.00 ms.
Mono: successfully reloaded assembly
- Completed reload, in  1.101 seconds
Domain Reload Profiling:
	ReloadAssembly (1102ms)
		BeginReloadAssembly (156ms)
			ExecutionOrderSort (0ms)
			DisableScriptedObjects (8ms)
			BackupInstance (0ms)
			ReleaseScriptingObjects (0ms)
			CreateAndSetChildDomain (39ms)
		EndReloadAssembly (841ms)
			LoadAssemblies (106ms)
			RebuildTransferFunctionScriptingTraits (0ms)
			SetupTypeCache (254ms)
			ReleaseScriptCaches (1ms)
			RebuildScriptCaches (47ms)
			SetupLoadedEditorAssemblies (393ms)
				LogAssemblyErrors (0ms)
				InitializePlatformSupportModulesInManaged (9ms)
				SetLoadedEditorAssemblies (1ms)
				RefreshPlugins (1ms)
				BeforeProcessingInitializeOnLoad (80ms)
				ProcessInitializeOnLoadAttributes (262ms)
				ProcessInitializeOnLoadMethodAttributes (34ms)
				AfterProcessingInitializeOnLoad (7ms)
				EditorAssembliesLoaded (0ms)
			ExecutionOrderSort2 (0ms)
			AwakeInstancesAfterBackupRestoration (9ms)
Platform modules already initialized, skipping
Refreshing native plugins compatible for Editor in 2.92 ms, found 4 plugins.
Preloading 0 native plugins for Editor in 0.00 ms.
Unloading 4128 Unused Serialized files (Serialized files now loaded: 0)
Unloading 29 unused Assets / (195.5 KB). Loaded Objects now: 4625.
Memory consumption went from 163.0 MB to 162.8 MB.
Total: 3.493100 ms (FindLiveObjects: 0.300400 ms CreateObjectMapping: 0.243000 ms MarkObjects: 2.796600 ms  DeleteObjects: 0.151800 ms)

AssetImportParameters requested are different than current active one (requested -> active):
  custom:video-decoder-ogg-theora: a1e56fd34408186e4bbccfd4996cb3dc -> 
  custom:container-muxer-webm: aa71ff27fc2769a1b78a27578f13a17b -> 
  custom:container-demuxer-webm: 4f35f7cbe854078d1ac9338744f61a02 -> 
  custom:video-encoder-webm-vp8: eb34c28f22e8b96e1ab97ce403110664 -> 
  custom:audio-encoder-webm-vorbis: bf7c407c2cedff20999df2af8eb42d56 -> 
  custom:framework-win-MediaFoundation: 216162199b28c13a410421893ffa2e32 -> 
  custom:container-demuxer-ogg: 62fdf1f143b41e24485cea50d1cbac27 -> 
  custom:video-decoder-webm-vp8: 9c59270c3fd7afecdb556c50c9e8de78 -> 
  custom:audio-decoder-ogg-vorbis: bf7c407c2cedff20999df2af8eb42d56 -> 
========================================================================
Received Import Request.
  Time since last request: 1406.210811 seconds.
  path: Assets/ScriptsPacmanIndividual/GameManagerPMI.cs
  artifactKey: Guid(975b8a081ab6970479169a5f23e51f8c) Importer(815301076,1909f56bfc062723c751e8b465ee728b)
Start importing Assets/ScriptsPacmanIndividual/GameManagerPMI.cs using Guid(975b8a081ab6970479169a5f23e51f8c) Importer(815301076,1909f56bfc062723c751e8b465ee728b)  -> (artifact id: 'e7a66d8483f5dbcfc85556fbf4fd8d78') in 0.010577 seconds 
========================================================================
Received Prepare
Registering precompiled user dll's ...
Registered in 0.007886 seconds.
Begin MonoManager ReloadAssembly
Symbol file LoadedFromMemory doesn't match image C:\Users\joelm\OneDrive\Documentos\GitHub\inverted_pacman\Client_Unity\Library\PackageCache\com.unity.visualscripting@1.8.0\Editor\VisualScripting.Core\Dependencies\YamlDotNet\Unity.VisualScripting.YamlDotNet.dll
Symbol file LoadedFromMemory doesn't match image C:\Users\joelm\OneDrive\Documentos\GitHub\inverted_pacman\Client_Unity\Library\PackageCache\com.unity.visualscripting@1.8.0\Editor\VisualScripting.Core\Dependencies\DotNetZip\Unity.VisualScripting.IonicZip.dll
Native extension for LinuxStandalone target not found
Native extension for WindowsStandalone target not found
Refreshing native plugins compatible for Editor in 0.76 ms, found 4 plugins.
Preloading 0 native plugins for Editor in 0.00 ms.
Mono: successfully reloaded assembly
- Completed reload, in  1.078 seconds
Domain Reload Profiling:
	ReloadAssembly (1079ms)
		BeginReloadAssembly (140ms)
			ExecutionOrderSort (0ms)
			DisableScriptedObjects (7ms)
			BackupInstance (0ms)
			ReleaseScriptingObjects (0ms)
			CreateAndSetChildDomain (34ms)
		EndReloadAssembly (839ms)
			LoadAssemblies (98ms)
			RebuildTransferFunctionScriptingTraits (0ms)
			SetupTypeCache (258ms)
			ReleaseScriptCaches (1ms)
			RebuildScriptCaches (46ms)
			SetupLoadedEditorAssemblies (388ms)
				LogAssemblyErrors (0ms)
				InitializePlatformSupportModulesInManaged (8ms)
				SetLoadedEditorAssemblies (0ms)
				RefreshPlugins (1ms)
				BeforeProcessingInitializeOnLoad (76ms)
				ProcessInitializeOnLoadAttributes (259ms)
				ProcessInitializeOnLoadMethodAttributes (36ms)
				AfterProcessingInitializeOnLoad (7ms)
				EditorAssembliesLoaded (0ms)
			ExecutionOrderSort2 (0ms)
			AwakeInstancesAfterBackupRestoration (10ms)
Platform modules already initialized, skipping
Refreshing native plugins compatible for Editor in 3.62 ms, found 4 plugins.
Preloading 0 native plugins for Editor in 0.00 ms.
Unloading 4128 Unused Serialized files (Serialized files now loaded: 0)
Unloading 29 unused Assets / (195.6 KB). Loaded Objects now: 4628.
Memory consumption went from 163.0 MB to 162.8 MB.
Total: 4.496900 ms (FindLiveObjects: 0.529800 ms CreateObjectMapping: 0.450700 ms MarkObjects: 3.314700 ms  DeleteObjects: 0.200100 ms)

AssetImportParameters requested are different than current active one (requested -> active):
  custom:video-decoder-ogg-theora: a1e56fd34408186e4bbccfd4996cb3dc -> 
  custom:container-muxer-webm: aa71ff27fc2769a1b78a27578f13a17b -> 
  custom:container-demuxer-webm: 4f35f7cbe854078d1ac9338744f61a02 -> 
  custom:video-encoder-webm-vp8: eb34c28f22e8b96e1ab97ce403110664 -> 
  custom:audio-encoder-webm-vorbis: bf7c407c2cedff20999df2af8eb42d56 -> 
  custom:framework-win-MediaFoundation: 216162199b28c13a410421893ffa2e32 -> 
  custom:container-demuxer-ogg: 62fdf1f143b41e24485cea50d1cbac27 -> 
  custom:video-decoder-webm-vp8: 9c59270c3fd7afecdb556c50c9e8de78 -> 
  custom:audio-decoder-ogg-vorbis: bf7c407c2cedff20999df2af8eb42d56 -> 
========================================================================
Received Import Request.
  Time since last request: 100.870389 seconds.
  path: Assets/ScriptsPacmanIndividual/GameManagerPMI.cs
  artifactKey: Guid(975b8a081ab6970479169a5f23e51f8c) Importer(815301076,1909f56bfc062723c751e8b465ee728b)
Start importing Assets/ScriptsPacmanIndividual/GameManagerPMI.cs using Guid(975b8a081ab6970479169a5f23e51f8c) Importer(815301076,1909f56bfc062723c751e8b465ee728b)  -> (artifact id: 'f68974c43352eb44e328dbdc278c9447') in 0.011071 seconds 
========================================================================
Received Prepare
Registering precompiled user dll's ...
Registered in 0.008228 seconds.
Begin MonoManager ReloadAssembly
Symbol file LoadedFromMemory doesn't match image C:\Users\joelm\OneDrive\Documentos\GitHub\inverted_pacman\Client_Unity\Library\PackageCache\com.unity.visualscripting@1.8.0\Editor\VisualScripting.Core\Dependencies\YamlDotNet\Unity.VisualScripting.YamlDotNet.dll
Symbol file LoadedFromMemory doesn't match image C:\Users\joelm\OneDrive\Documentos\GitHub\inverted_pacman\Client_Unity\Library\PackageCache\com.unity.visualscripting@1.8.0\Editor\VisualScripting.Core\Dependencies\DotNetZip\Unity.VisualScripting.IonicZip.dll
Native extension for LinuxStandalone target not found
Native extension for WindowsStandalone target not found
Refreshing native plugins compatible for Editor in 1.22 ms, found 4 plugins.
Preloading 0 native plugins for Editor in 0.00 ms.
Mono: successfully reloaded assembly
- Completed reload, in  1.042 seconds
Domain Reload Profiling:
	ReloadAssembly (1043ms)
		BeginReloadAssembly (150ms)
			ExecutionOrderSort (0ms)
			DisableScriptedObjects (10ms)
			BackupInstance (0ms)
			ReleaseScriptingObjects (0ms)
			CreateAndSetChildDomain (37ms)
		EndReloadAssembly (792ms)
			LoadAssemblies (97ms)
			RebuildTransferFunctionScriptingTraits (0ms)
			SetupTypeCache (246ms)
			ReleaseScriptCaches (1ms)
			RebuildScriptCaches (43ms)
			SetupLoadedEditorAssemblies (369ms)
				LogAssemblyErrors (0ms)
				InitializePlatformSupportModulesInManaged (10ms)
				SetLoadedEditorAssemblies (1ms)
				RefreshPlugins (1ms)
				BeforeProcessingInitializeOnLoad (74ms)
				ProcessInitializeOnLoadAttributes (244ms)
				ProcessInitializeOnLoadMethodAttributes (32ms)
				AfterProcessingInitializeOnLoad (7ms)
				EditorAssembliesLoaded (0ms)
			ExecutionOrderSort2 (0ms)
			AwakeInstancesAfterBackupRestoration (9ms)
Platform modules already initialized, skipping
Refreshing native plugins compatible for Editor in 3.09 ms, found 4 plugins.
Preloading 0 native plugins for Editor in 0.00 ms.
Unloading 4128 Unused Serialized files (Serialized files now loaded: 0)
Unloading 29 unused Assets / (196.7 KB). Loaded Objects now: 4631.
Memory consumption went from 163.0 MB to 162.8 MB.
Total: 3.192000 ms (FindLiveObjects: 0.277100 ms CreateObjectMapping: 0.205200 ms MarkObjects: 2.577500 ms  DeleteObjects: 0.131400 ms)

AssetImportParameters requested are different than current active one (requested -> active):
  custom:video-decoder-ogg-theora: a1e56fd34408186e4bbccfd4996cb3dc -> 
  custom:container-muxer-webm: aa71ff27fc2769a1b78a27578f13a17b -> 
  custom:container-demuxer-webm: 4f35f7cbe854078d1ac9338744f61a02 -> 
  custom:video-encoder-webm-vp8: eb34c28f22e8b96e1ab97ce403110664 -> 
  custom:audio-encoder-webm-vorbis: bf7c407c2cedff20999df2af8eb42d56 -> 
  custom:framework-win-MediaFoundation: 216162199b28c13a410421893ffa2e32 -> 
  custom:container-demuxer-ogg: 62fdf1f143b41e24485cea50d1cbac27 -> 
  custom:video-decoder-webm-vp8: 9c59270c3fd7afecdb556c50c9e8de78 -> 
  custom:audio-decoder-ogg-vorbis: bf7c407c2cedff20999df2af8eb42d56 -> 
========================================================================
Received Import Request.
  Time since last request: 1581.275960 seconds.
  path: Assets/Scenes/Menu.unity
  artifactKey: Guid(9394e7c7a968a6c4db1d0a4b5f673ea9) Importer(815301076,1909f56bfc062723c751e8b465ee728b)
Start importing Assets/Scenes/Menu.unity using Guid(9394e7c7a968a6c4db1d0a4b5f673ea9) Importer(815301076,1909f56bfc062723c751e8b465ee728b)  -> (artifact id: '391f960055ec9f85e932c4198bf69935') in 0.018393 seconds 
========================================================================
Received Import Request.
  Time since last request: 104.847389 seconds.
  path: Assets/Scenes/Menu.unity
  artifactKey: Guid(9394e7c7a968a6c4db1d0a4b5f673ea9) Importer(815301076,1909f56bfc062723c751e8b465ee728b)
Start importing Assets/Scenes/Menu.unity using Guid(9394e7c7a968a6c4db1d0a4b5f673ea9) Importer(815301076,1909f56bfc062723c751e8b465ee728b)  -> (artifact id: '68f32926b6f6ce07a57722b226d73106') in 0.002144 seconds 
========================================================================
Received Import Request.
  Time since last request: 42.090869 seconds.
  path: Assets/TextMesh Pro/Examples & Extras/Materials/Crate - Surface Shader Scene.mat
  artifactKey: Guid(e6b9b44320f4448d9d5e0ee634259966) Importer(815301076,1909f56bfc062723c751e8b465ee728b)
Start importing Assets/TextMesh Pro/Examples & Extras/Materials/Crate - Surface Shader Scene.mat using Guid(e6b9b44320f4448d9d5e0ee634259966) Importer(815301076,1909f56bfc062723c751e8b465ee728b)  -> (artifact id: 'e243c979de0abcbbc081bbf51d41d287') in 0.098649 seconds 
========================================================================
Received Import Request.
  Time since last request: 0.000022 seconds.
  path: Assets/TextMesh Pro/Examples & Extras/Materials/Ground - Surface Shader Scene.mat
  artifactKey: Guid(aadd5a709a48466c887296bb5b1b8110) Importer(815301076,1909f56bfc062723c751e8b465ee728b)
Start importing Assets/TextMesh Pro/Examples & Extras/Materials/Ground - Surface Shader Scene.mat using Guid(aadd5a709a48466c887296bb5b1b8110) Importer(815301076,1909f56bfc062723c751e8b465ee728b)  -> (artifact id: 'e00aa3b50490144266303ec23cf03ddc') in 0.039060 seconds 
========================================================================
Received Import Request.
  Time since last request: 69.383769 seconds.
  path: Assets/scripts/GameOver.cs
  artifactKey: Guid(5e9d2d94882f4e04ab4597b650e70392) Importer(815301076,1909f56bfc062723c751e8b465ee728b)
Start importing Assets/scripts/GameOver.cs using Guid(5e9d2d94882f4e04ab4597b650e70392) Importer(815301076,1909f56bfc062723c751e8b465ee728b)  -> (artifact id: 'a7d49267ecf169a7a7e2077f2251b9fa') in 0.007476 seconds 
========================================================================
Received Import Request.
  Time since last request: 38.350212 seconds.
  path: Packages/com.unity.inputsystem/InputSystem/Editor/Icons/Gamepad.png
  artifactKey: Guid(17c8753d0e5e24194b06404851be7f13) Importer(815301076,1909f56bfc062723c751e8b465ee728b)
Start importing Packages/com.unity.inputsystem/InputSystem/Editor/Icons/Gamepad.png using Guid(17c8753d0e5e24194b06404851be7f13) Importer(815301076,1909f56bfc062723c751e8b465ee728b)  -> (artifact id: 'e433ec7a2ab01589f0208c2e9ea4802f') in 0.076392 seconds 
========================================================================
Received Import Request.
  Time since last request: 0.000025 seconds.
  path: Packages/com.unity.inputsystem/InputSystem/Editor/Icons/Gamepad@3x.png
  artifactKey: Guid(4ae0b2f68c2464272b1b10105262b09b) Importer(815301076,1909f56bfc062723c751e8b465ee728b)
Start importing Packages/com.unity.inputsystem/InputSystem/Editor/Icons/Gamepad@3x.png using Guid(4ae0b2f68c2464272b1b10105262b09b) Importer(815301076,1909f56bfc062723c751e8b465ee728b)  -> (artifact id: '5eec372e98e8a29dad0f186ac64da628') in 0.015337 seconds 
========================================================================
Received Import Request.
  Time since last request: 3.720249 seconds.
  path: Assets/TextMesh Pro/Examples & Extras/Textures/Gradient Diagonal (Color).jpg
  artifactKey: Guid(2ce5c55e85304b819a1826ecbc839aa5) Importer(815301076,1909f56bfc062723c751e8b465ee728b)
Start importing Assets/TextMesh Pro/Examples & Extras/Textures/Gradient Diagonal (Color).jpg using Guid(2ce5c55e85304b819a1826ecbc839aa5) Importer(815301076,1909f56bfc062723c751e8b465ee728b)  -> (artifact id: 'a6cc98a99cc7f9a35d82edd675a87fef') in 0.016461 seconds 
========================================================================
Received Import Request.
  Time since last request: 0.000020 seconds.
  path: Packages/com.unity.inputsystem/InputSystem/Editor/AssetEditor/Resources/green.png
  artifactKey: Guid(ffeba93637e654de6a5906b48520dc94) Importer(815301076,1909f56bfc062723c751e8b465ee728b)
Start importing Packages/com.unity.inputsystem/InputSystem/Editor/AssetEditor/Resources/green.png using Guid(ffeba93637e654de6a5906b48520dc94) Importer(815301076,1909f56bfc062723c751e8b465ee728b)  -> (artifact id: '38c4eeb6ab97a48db2fca2aee8b9a502') in 0.014788 seconds 
========================================================================
Received Import Request.
  Time since last request: 2.867751 seconds.
  path: Packages/com.unity.2d.animation/Editor/Assets/SkinningModule/GenerateGeometryPanel.uxml
  artifactKey: Guid(d62df6d8cd1bb504dbae262bb6d6efe6) Importer(815301076,1909f56bfc062723c751e8b465ee728b)
Start importing Packages/com.unity.2d.animation/Editor/Assets/SkinningModule/GenerateGeometryPanel.uxml using Guid(d62df6d8cd1bb504dbae262bb6d6efe6) Importer(815301076,1909f56bfc062723c751e8b465ee728b)  -> (artifact id: '6aff2bebd26c9b81c8a395309ca1299d') in 0.019787 seconds 
========================================================================
Received Import Request.
  Time since last request: 0.000025 seconds.
  path: Packages/com.unity.2d.animation/Editor/Assets/SkinningModule/GenerateWeightsPanel.uxml
  artifactKey: Guid(676867f8653a3ec40a598ba3ccea79c6) Importer(815301076,1909f56bfc062723c751e8b465ee728b)
Start importing Packages/com.unity.2d.animation/Editor/Assets/SkinningModule/GenerateWeightsPanel.uxml using Guid(676867f8653a3ec40a598ba3ccea79c6) Importer(815301076,1909f56bfc062723c751e8b465ee728b)  -> (artifact id: '3d0712d56c5ee9dd09a73bd6ae5db605') in 0.013447 seconds 
========================================================================
Received Import Request.
  Time since last request: 0.013367 seconds.
  path: Assets/TextMesh Pro/Examples & Extras/Textures/Fruit Jelly (B&W).jpg
  artifactKey: Guid(1cdc5b506b1a4a33a53c30669ced1f51) Importer(815301076,1909f56bfc062723c751e8b465ee728b)
Start importing Assets/TextMesh Pro/Examples & Extras/Textures/Fruit Jelly (B&W).jpg using Guid(1cdc5b506b1a4a33a53c30669ced1f51) Importer(815301076,1909f56bfc062723c751e8b465ee728b)  -> (artifact id: '9ef5fa45cdbc75aed495d71d4aa9b336') in 0.020243 seconds 
========================================================================
Received Import Request.
  Time since last request: 0.199110 seconds.
  path: Assets/TextMesh Pro/Examples & Extras/Fonts/Oswald-Bold.ttf
  artifactKey: Guid(c9f6d0e7bc8541498c9a4799ba184ede) Importer(815301076,1909f56bfc062723c751e8b465ee728b)
Start importing Assets/TextMesh Pro/Examples & Extras/Fonts/Oswald-Bold.ttf using Guid(c9f6d0e7bc8541498c9a4799ba184ede) Importer(815301076,1909f56bfc062723c751e8b465ee728b)  -> (artifact id: 'c39f9c91bf5165c219272e3d19e471cd') in 0.040830 seconds 
========================================================================
Received Import Request.
  Time since last request: 0.760549 seconds.
  path: Assets/TextMesh Pro/Examples & Extras/Textures/Floor Cement.jpg
  artifactKey: Guid(283f897e4925411ebbaa758b4cb13fc2) Importer(815301076,1909f56bfc062723c751e8b465ee728b)
Start importing Assets/TextMesh Pro/Examples & Extras/Textures/Floor Cement.jpg using Guid(283f897e4925411ebbaa758b4cb13fc2) Importer(815301076,1909f56bfc062723c751e8b465ee728b)  -> (artifact id: '62ab78c14d6cc6746ee7b9a1f341414b') in 0.018537 seconds 
========================================================================
Received Import Request.
  Time since last request: 0.002840 seconds.
  path: Assets/TextMesh Pro/Examples & Extras/Fonts/Anton.ttf
  artifactKey: Guid(997a43b767814dd0a7642ec9b78cba41) Importer(815301076,1909f56bfc062723c751e8b465ee728b)
Start importing Assets/TextMesh Pro/Examples & Extras/Fonts/Anton.ttf using Guid(997a43b767814dd0a7642ec9b78cba41) Importer(815301076,1909f56bfc062723c751e8b465ee728b)  -> (artifact id: 'af4d2d9d0a8fedf6df347aa7694e6c93') in 0.023080 seconds 
========================================================================
Received Import Request.
  Time since last request: 0.000044 seconds.
  path: Assets/TextMesh Pro/Fonts/LiberationSans.ttf
  artifactKey: Guid(e3265ab4bf004d28a9537516768c1c75) Importer(815301076,1909f56bfc062723c751e8b465ee728b)
Start importing Assets/TextMesh Pro/Fonts/LiberationSans.ttf using Guid(e3265ab4bf004d28a9537516768c1c75) Importer(815301076,1909f56bfc062723c751e8b465ee728b)  -> (artifact id: 'f3bd036785823e2281556a384dd6489b') in 0.021503 seconds 
========================================================================
Received Import Request.
  Time since last request: 0.000036 seconds.
  path: Assets/TextMesh Pro/Examples & Extras/Fonts/Bangers.ttf
  artifactKey: Guid(5dd49b3eacc540408c98eee0de38e0f1) Importer(815301076,1909f56bfc062723c751e8b465ee728b)
Start importing Assets/TextMesh Pro/Examples & Extras/Fonts/Bangers.ttf using Guid(5dd49b3eacc540408c98eee0de38e0f1) Importer(815301076,1909f56bfc062723c751e8b465ee728b)  -> (artifact id: '3f411dc487d862051c8615ed2fedf126') in 0.022839 seconds 
========================================================================
Received Import Request.
  Time since last request: 1.777626 seconds.
  path: Packages/com.unity.2d.animation/Editor/Assets/SkinningModule/InfluenceWindow.uxml
  artifactKey: Guid(5d2935f038257c44998f9aeec57d2ae7) Importer(815301076,1909f56bfc062723c751e8b465ee728b)
Start importing Packages/com.unity.2d.animation/Editor/Assets/SkinningModule/InfluenceWindow.uxml using Guid(5d2935f038257c44998f9aeec57d2ae7) Importer(815301076,1909f56bfc062723c751e8b465ee728b)  -> (artifact id: '39daf809ef767c5d0f95dcdcf08263bd') in 0.019308 seconds 
========================================================================
Received Import Request.
  Time since last request: 0.030678 seconds.
  path: Packages/com.unity.collab-proxy/Editor/PlasticSCM/Assets/Layouts/SSOSignUpPanel.uxml
  artifactKey: Guid(6dac85d7b8e76424ab582326c2cb5531) Importer(815301076,1909f56bfc062723c751e8b465ee728b)
Start importing Packages/com.unity.collab-proxy/Editor/PlasticSCM/Assets/Layouts/SSOSignUpPanel.uxml using Guid(6dac85d7b8e76424ab582326c2cb5531) Importer(815301076,1909f56bfc062723c751e8b465ee728b)  -> (artifact id: '6c56b6f990907170d2ea6827f14cb511') in 7.335990 seconds 
========================================================================
Received Import Request.
  Time since last request: 16.897191 seconds.
  path: Packages/com.unity.collab-proxy/Editor/PlasticSCM/Assets/Layouts/SignInWithEmailPanel.uxml
  artifactKey: Guid(0229db2477529f049aa3683cfba9d23b) Importer(815301076,1909f56bfc062723c751e8b465ee728b)
Start importing Packages/com.unity.collab-proxy/Editor/PlasticSCM/Assets/Layouts/SignInWithEmailPanel.uxml using Guid(0229db2477529f049aa3683cfba9d23b) Importer(815301076,1909f56bfc062723c751e8b465ee728b)  -> (artifact id: 'bd7db67116cd6b9249288445de389eb7') in 0.019287 seconds 
========================================================================
Received Import Request.
  Time since last request: 0.000023 seconds.
  path: Packages/com.unity.2d.animation/Editor/Assets/LayoutOverlay/LayoutOverlay.uxml
  artifactKey: Guid(46c8e0bde8bfa5a4eadb9b33d3543bcd) Importer(815301076,1909f56bfc062723c751e8b465ee728b)
Start importing Packages/com.unity.2d.animation/Editor/Assets/LayoutOverlay/LayoutOverlay.uxml using Guid(46c8e0bde8bfa5a4eadb9b33d3543bcd) Importer(815301076,1909f56bfc062723c751e8b465ee728b)  -> (artifact id: '3dbc3f135f073d6b9f9817f71cdae366') in 0.017721 seconds 
========================================================================
Received Import Request.
  Time since last request: 0.000033 seconds.
  path: Packages/com.unity.collab-proxy/Editor/PlasticSCM/Assets/Layouts/ProgressControlsForDialogs.uxml
  artifactKey: Guid(feccc3dff22272744a267246ae760a73) Importer(815301076,1909f56bfc062723c751e8b465ee728b)
Start importing Packages/com.unity.collab-proxy/Editor/PlasticSCM/Assets/Layouts/ProgressControlsForDialogs.uxml using Guid(feccc3dff22272744a267246ae760a73) Importer(815301076,1909f56bfc062723c751e8b465ee728b)  -> (artifact id: '43ebaad2f02535d5cf7d699beffbc50b') in 0.015448 seconds 
========================================================================
Received Import Request.
  Time since last request: 0.000037 seconds.
  path: Packages/com.unity.inputsystem/InputSystem/Editor/Icons/InputControl@2x.png
  artifactKey: Guid(62ce957ca99fe4fcba573a5b141eb113) Importer(815301076,1909f56bfc062723c751e8b465ee728b)
Start importing Packages/com.unity.inputsystem/InputSystem/Editor/Icons/InputControl@2x.png using Guid(62ce957ca99fe4fcba573a5b141eb113) Importer(815301076,1909f56bfc062723c751e8b465ee728b)  -> (artifact id: 'fa8d49240516d9ab27332592cea54ba4') in 0.015976 seconds 
========================================================================
Received Import Request.
  Time since last request: 0.000022 seconds.
  path: Packages/com.unity.collab-proxy/Editor/PlasticSCM/Assets/Layouts/CreatedOrganizationPanel.uxml
  artifactKey: Guid(0a73ab5bab69746419e8e0ff89c8e816) Importer(815301076,1909f56bfc062723c751e8b465ee728b)
Start importing Packages/com.unity.collab-proxy/Editor/PlasticSCM/Assets/Layouts/CreatedOrganizationPanel.uxml using Guid(0a73ab5bab69746419e8e0ff89c8e816) Importer(815301076,1909f56bfc062723c751e8b465ee728b)  -> (artifact id: '0294465f8da62ed888e1f30b4612060c') in 0.013937 seconds 
========================================================================
Received Import Request.
  Time since last request: 0.000026 seconds.
  path: Packages/com.unity.2d.animation/Editor/Assets/SkinningModule/WeightPainterPanel.uxml
  artifactKey: Guid(6e9568834ba2b2c44af4e3876cee0d2d) Importer(815301076,1909f56bfc062723c751e8b465ee728b)
Start importing Packages/com.unity.2d.animation/Editor/Assets/SkinningModule/WeightPainterPanel.uxml using Guid(6e9568834ba2b2c44af4e3876cee0d2d) Importer(815301076,1909f56bfc062723c751e8b465ee728b)  -> (artifact id: 'f515ee0fd5f7b0f5fd055d6924a8f6db') in 0.015328 seconds 
========================================================================
Received Import Request.
  Time since last request: 1.175323 seconds.
  path: Assets/map/maps/jawbreaker_tiles_19.asset
  artifactKey: Guid(a34f95ae87c290140acfd711f7782a8f) Importer(815301076,1909f56bfc062723c751e8b465ee728b)
Start importing Assets/map/maps/jawbreaker_tiles_19.asset using Guid(a34f95ae87c290140acfd711f7782a8f) Importer(815301076,1909f56bfc062723c751e8b465ee728b)  -> (artifact id: '9a636ba2c4431371f0afea643b97ccda') in 0.026480 seconds 
========================================================================
Received Import Request.
  Time since last request: 0.058052 seconds.
  path: Assets/map/maps/jawbreaker_tiles_42.asset
  artifactKey: Guid(bb50c4a4695e7df4692f8671cc399a0f) Importer(815301076,1909f56bfc062723c751e8b465ee728b)
Start importing Assets/map/maps/jawbreaker_tiles_42.asset using Guid(bb50c4a4695e7df4692f8671cc399a0f) Importer(815301076,1909f56bfc062723c751e8b465ee728b)  -> (artifact id: '17592219178ade9f422e05813d847b19') in 0.024886 seconds 
========================================================================
Received Import Request.
  Time since last request: 0.000022 seconds.
  path: Assets/map/maps/jawbreaker_tiles_45.asset
  artifactKey: Guid(89208ce08f4c2ac45a0bfff5efc11b11) Importer(815301076,1909f56bfc062723c751e8b465ee728b)
Start importing Assets/map/maps/jawbreaker_tiles_45.asset using Guid(89208ce08f4c2ac45a0bfff5efc11b11) Importer(815301076,1909f56bfc062723c751e8b465ee728b)  -> (artifact id: 'f05b8b70df63fc7cc120c6485f4dd13b') in 0.020210 seconds 
========================================================================
Received Import Request.
  Time since last request: 0.000024 seconds.
  path: Assets/map/maps/jawbreaker_tiles_48.asset
  artifactKey: Guid(d40fb6ba933131a44bad09a23f338067) Importer(815301076,1909f56bfc062723c751e8b465ee728b)
Start importing Assets/map/maps/jawbreaker_tiles_48.asset using Guid(d40fb6ba933131a44bad09a23f338067) Importer(815301076,1909f56bfc062723c751e8b465ee728b)  -> (artifact id: '02e754553d12c2df85c6caa2ebc98c08') in 0.021605 seconds 
========================================================================
Received Import Request.
  Time since last request: 0.064229 seconds.
  path: Assets/map/maps/jawbreaker_tiles_63.asset
  artifactKey: Guid(13319b4fed6e50a40af1ce57858070c6) Importer(815301076,1909f56bfc062723c751e8b465ee728b)
Start importing Assets/map/maps/jawbreaker_tiles_63.asset using Guid(13319b4fed6e50a40af1ce57858070c6) Importer(815301076,1909f56bfc062723c751e8b465ee728b)  -> (artifact id: 'd8ed91c80c1b5d1489f9d89258efb8ab') in 0.018331 seconds 
========================================================================
Received Import Request.
  Time since last request: 0.000027 seconds.
  path: Assets/map/maps/jawbreaker_tiles_70.asset
  artifactKey: Guid(75f301e15bcce8e43a3507bcfb17f0d2) Importer(815301076,1909f56bfc062723c751e8b465ee728b)
Start importing Assets/map/maps/jawbreaker_tiles_70.asset using Guid(75f301e15bcce8e43a3507bcfb17f0d2) Importer(815301076,1909f56bfc062723c751e8b465ee728b)  -> (artifact id: '90ea7137b3232e60131b9e2253c94d09') in 0.021176 seconds 
========================================================================
Received Import Request.
  Time since last request: 0.204897 seconds.
  path: Assets/TextMesh Pro/Resources/Fonts & Materials/LiberationSans SDF.asset
  artifactKey: Guid(8f586378b4e144a9851e7b34d9b748ee) Importer(815301076,1909f56bfc062723c751e8b465ee728b)
Start importing Assets/TextMesh Pro/Resources/Fonts & Materials/LiberationSans SDF.asset using Guid(8f586378b4e144a9851e7b34d9b748ee) Importer(815301076,1909f56bfc062723c751e8b465ee728b)  -> (artifact id: 'e1cf059af4b35cf11e419d12d52bab8f') in 0.068803 seconds 
========================================================================
Received Import Request.
  Time since last request: 0.118485 seconds.
  path: Packages/com.unity.inputsystem/InputSystem/Editor/Icons/Mouse@2x.png
  artifactKey: Guid(9721efa02e520488d96c36460fe7e4a6) Importer(815301076,1909f56bfc062723c751e8b465ee728b)
Start importing Packages/com.unity.inputsystem/InputSystem/Editor/Icons/Mouse@2x.png using Guid(9721efa02e520488d96c36460fe7e4a6) Importer(815301076,1909f56bfc062723c751e8b465ee728b)  -> (artifact id: '3a998500d2acb9ae272e65de3a407c58') in 0.014911 seconds 
========================================================================
Received Import Request.
  Time since last request: 0.000055 seconds.
  path: Packages/com.unity.inputsystem/InputSystem/Editor/Icons/MultiplayerEventSystem@64.png
  artifactKey: Guid(6a237171e2346e3458db37eb0f90d42b) Importer(815301076,1909f56bfc062723c751e8b465ee728b)
Start importing Packages/com.unity.inputsystem/InputSystem/Editor/Icons/MultiplayerEventSystem@64.png using Guid(6a237171e2346e3458db37eb0f90d42b) Importer(815301076,1909f56bfc062723c751e8b465ee728b)  -> (artifact id: '50b41b79b91337572d71b3607d5707c5') in 0.012072 seconds 
========================================================================
Received Import Request.
  Time since last request: 0.238471 seconds.
  path: Packages/com.unity.inputsystem/InputSystem/Editor/Icons/Orientation.png
  artifactKey: Guid(7fb7b46a8c63948d2b28dc394281bf5a) Importer(815301076,1909f56bfc062723c751e8b465ee728b)
Start importing Packages/com.unity.inputsystem/InputSystem/Editor/Icons/Orientation.png using Guid(7fb7b46a8c63948d2b28dc394281bf5a) Importer(815301076,1909f56bfc062723c751e8b465ee728b)  -> (artifact id: 'ccefc4786454732d352e338cbda746f8') in 0.012150 seconds 
========================================================================
Received Import Request.
  Time since last request: 0.000021 seconds.
  path: Packages/com.unity.test-framework/package.json
  artifactKey: Guid(d6a2e6e4803de7b43baacdc355fc144d) Importer(815301076,1909f56bfc062723c751e8b465ee728b)
Start importing Packages/com.unity.test-framework/package.json using Guid(d6a2e6e4803de7b43baacdc355fc144d) Importer(815301076,1909f56bfc062723c751e8b465ee728b)  -> (artifact id: 'e18898ccc8b096ee8f2e6704cc6568de') in 0.048840 seconds 
========================================================================
Received Import Request.
  Time since last request: 0.000055 seconds.
  path: Packages/com.unity.sysroot/package.json
  artifactKey: Guid(0445a7983a983d97f848d19d5eeebf7b) Importer(815301076,1909f56bfc062723c751e8b465ee728b)
Start importing Packages/com.unity.sysroot/package.json using Guid(0445a7983a983d97f848d19d5eeebf7b) Importer(815301076,1909f56bfc062723c751e8b465ee728b)  -> (artifact id: 'fb14332418b93de526d3299a7788f38a') in 0.008645 seconds 
========================================================================
Received Import Request.
  Time since last request: 0.048941 seconds.
  path: Packages/com.unity.textmeshpro/package.json
  artifactKey: Guid(220e9325710f4235a43492dd1ee4980d) Importer(815301076,1909f56bfc062723c751e8b465ee728b)
Start importing Packages/com.unity.textmeshpro/package.json using Guid(220e9325710f4235a43492dd1ee4980d) Importer(815301076,1909f56bfc062723c751e8b465ee728b)  -> (artifact id: '7f445814511be1caffb984507b3a4793') in 0.009520 seconds 
========================================================================
Received Import Request.
  Time since last request: 0.000037 seconds.
  path: Packages/com.unity.sysroot.linux-x86_64/package.json
  artifactKey: Guid(82b3e10190ae04847a3432984fd63265) Importer(815301076,1909f56bfc062723c751e8b465ee728b)
Start importing Packages/com.unity.sysroot.linux-x86_64/package.json using Guid(82b3e10190ae04847a3432984fd63265) Importer(815301076,1909f56bfc062723c751e8b465ee728b)  -> (artifact id: 'e8e660161033f65d4f8ef09e4fdb40a7') in 0.009539 seconds 
========================================================================
Received Import Request.
  Time since last request: 0.000026 seconds.
  path: Packages/com.unity.2d.animation/package.json
  artifactKey: Guid(9e83c20a8293f44ec8a375d3805f477d) Importer(815301076,1909f56bfc062723c751e8b465ee728b)
Start importing Packages/com.unity.2d.animation/package.json using Guid(9e83c20a8293f44ec8a375d3805f477d) Importer(815301076,1909f56bfc062723c751e8b465ee728b)  -> (artifact id: 'a2c465428aaf89145daf7ec747b5e860') in 0.008668 seconds 
========================================================================
Received Import Request.
  Time since last request: 0.016490 seconds.
  path: Assets/SpritesPacmanIndividual/Sprites/Tile_Pacman_Palette.prefab
  artifactKey: Guid(927e1dddfa06618469cdb3294117bbc2) Importer(815301076,1909f56bfc062723c751e8b465ee728b)
Start importing Assets/SpritesPacmanIndividual/Sprites/Tile_Pacman_Palette.prefab using Guid(927e1dddfa06618469cdb3294117bbc2) Importer(815301076,1909f56bfc062723c751e8b465ee728b)  -> (artifact id: '61846e5601d5e5ed94b9c73b55ed733f') in 0.081154 seconds 
========================================================================
Received Import Request.
  Time since last request: 0.117188 seconds.
  path: Packages/com.unity.inputsystem/InputSystem/Editor/Icons/Pen.png
  artifactKey: Guid(ea8b7319643924985a9ee4ca18b8db59) Importer(815301076,1909f56bfc062723c751e8b465ee728b)
Start importing Packages/com.unity.inputsystem/InputSystem/Editor/Icons/Pen.png using Guid(ea8b7319643924985a9ee4ca18b8db59) Importer(815301076,1909f56bfc062723c751e8b465ee728b)  -> (artifact id: 'e3545bf4b808b981263d7d3677590121') in 0.012214 seconds 
========================================================================
Received Import Request.
  Time since last request: 0.000020 seconds.
  path: Packages/com.unity.inputsystem/InputSystem/Editor/Icons/Pen@4x.png
  artifactKey: Guid(acf10446fff184bb98db6350c2c43148) Importer(815301076,1909f56bfc062723c751e8b465ee728b)
Start importing Packages/com.unity.inputsystem/InputSystem/Editor/Icons/Pen@4x.png using Guid(acf10446fff184bb98db6350c2c43148) Importer(815301076,1909f56bfc062723c751e8b465ee728b)  -> (artifact id: '09629af620824eb4fe67ea906cb445c7') in 0.011331 seconds 
========================================================================
Received Import Request.
  Time since last request: 11.667040 seconds.
  path: Packages/com.unity.inputsystem/InputSystem/Editor/Icons/InputControl.png
  artifactKey: Guid(ec85de66fa5b64dd984fdcc82f8f92b3) Importer(815301076,1909f56bfc062723c751e8b465ee728b)
Start importing Packages/com.unity.inputsystem/InputSystem/Editor/Icons/InputControl.png using Guid(ec85de66fa5b64dd984fdcc82f8f92b3) Importer(815301076,1909f56bfc062723c751e8b465ee728b)  -> (artifact id: 'eccdbb2e0f6a4a11b9e95b18498f4945') in 0.012557 seconds 
========================================================================
Received Import Request.
  Time since last request: 0.054962 seconds.
  path: Packages/com.unity.2d.common/Editor/InternalBridge/InternalBridgeDef.asmdef
  artifactKey: Guid(ce6baade223984afda3f24c7fca12584) Importer(815301076,1909f56bfc062723c751e8b465ee728b)
Start importing Packages/com.unity.2d.common/Editor/InternalBridge/InternalBridgeDef.asmdef using Guid(ce6baade223984afda3f24c7fca12584) Importer(815301076,1909f56bfc062723c751e8b465ee728b)  -> (artifact id: '5d74321bc0dd9384b3b36bae5b887800') in 0.004035 seconds 
========================================================================
Received Import Request.
  Time since last request: 0.277697 seconds.
  path: Assets/map/maps/jawbreaker_tiles_55.asset
  artifactKey: Guid(aba0b6571583b0b41aa79d4e9cc8843e) Importer(815301076,1909f56bfc062723c751e8b465ee728b)
Start importing Assets/map/maps/jawbreaker_tiles_55.asset using Guid(aba0b6571583b0b41aa79d4e9cc8843e) Importer(815301076,1909f56bfc062723c751e8b465ee728b)  -> (artifact id: '85c484d62cbe8beb1a5eaa605a544a4b') in 0.021648 seconds 
========================================================================
Received Import Request.
  Time since last request: 0.000019 seconds.
  path: Packages/com.unity.inputsystem/InputSystem/Editor/Icons/Keyboard@4x.png
  artifactKey: Guid(7fc0926499f7a4500b152d45397c44a4) Importer(815301076,1909f56bfc062723c751e8b465ee728b)
Start importing Packages/com.unity.inputsystem/InputSystem/Editor/Icons/Keyboard@4x.png using Guid(7fc0926499f7a4500b152d45397c44a4) Importer(815301076,1909f56bfc062723c751e8b465ee728b)  -> (artifact id: '62539b565f2d5d3e008359e1d9ba31c8') in 0.013388 seconds 
========================================================================
Received Import Request.
  Time since last request: 0.000026 seconds.
  path: Assets/map/maps/jawbreaker_tiles_61.asset
  artifactKey: Guid(e0ebbe1d857eb0245a747fdb1f6540e2) Importer(815301076,1909f56bfc062723c751e8b465ee728b)
Start importing Assets/map/maps/jawbreaker_tiles_61.asset using Guid(e0ebbe1d857eb0245a747fdb1f6540e2) Importer(815301076,1909f56bfc062723c751e8b465ee728b)  -> (artifact id: 'b6b066b8cb7bbd9575023f7a6f5bcae9') in 0.026221 seconds 
========================================================================
Received Import Request.
  Time since last request: 0.000030 seconds.
  path: Packages/com.unity.inputsystem/InputSystem/Editor/Icons/Joystick.png
  artifactKey: Guid(c28849deb3e3b45c98965e7efd26f7be) Importer(815301076,1909f56bfc062723c751e8b465ee728b)
Start importing Packages/com.unity.inputsystem/InputSystem/Editor/Icons/Joystick.png using Guid(c28849deb3e3b45c98965e7efd26f7be) Importer(815301076,1909f56bfc062723c751e8b465ee728b)  -> (artifact id: '7f8898936450b184590a251809d6cade') in 0.017497 seconds 
========================================================================
Received Import Request.
  Time since last request: 0.000029 seconds.
  path: Packages/com.unity.inputsystem/InputSystem/Editor/Icons/Joystick@4x.png
  artifactKey: Guid(f58c918f135bd4b8abe5fdb06bda7f4d) Importer(815301076,1909f56bfc062723c751e8b465ee728b)
Start importing Packages/com.unity.inputsystem/InputSystem/Editor/Icons/Joystick@4x.png using Guid(f58c918f135bd4b8abe5fdb06bda7f4d) Importer(815301076,1909f56bfc062723c751e8b465ee728b)  -> (artifact id: '5fa435f43e475137da65c47fc13bed5a') in 0.012567 seconds 
========================================================================
Received Import Request.
  Time since last request: 0.000036 seconds.
  path: Packages/com.unity.inputsystem/InputSystem/Editor/Icons/Joystick@2x.png
  artifactKey: Guid(18e45e1f11fae429c80c200cca8e0b4c) Importer(815301076,1909f56bfc062723c751e8b465ee728b)
Start importing Packages/com.unity.inputsystem/InputSystem/Editor/Icons/Joystick@2x.png using Guid(18e45e1f11fae429c80c200cca8e0b4c) Importer(815301076,1909f56bfc062723c751e8b465ee728b)  -> (artifact id: 'c717d21e43e64bc9c37e932a51e2d938') in 0.015231 seconds 
========================================================================
Received Import Request.
  Time since last request: 0.000021 seconds.
  path: Assets/map/maps/jawbreaker_tiles_58.asset
  artifactKey: Guid(8786acf551645614ebab4e466cef5b05) Importer(815301076,1909f56bfc062723c751e8b465ee728b)
Start importing Assets/map/maps/jawbreaker_tiles_58.asset using Guid(8786acf551645614ebab4e466cef5b05) Importer(815301076,1909f56bfc062723c751e8b465ee728b)  -> (artifact id: '5a7b456b7d6ec401087362c229e119b4') in 0.017533 seconds 
========================================================================
Received Import Request.
  Time since last request: 0.051182 seconds.
  path: Packages/com.unity.timeline/Editor/StyleSheets/Extensions/light.uss
  artifactKey: Guid(e98085123be873947970c4f10099a39a) Importer(815301076,1909f56bfc062723c751e8b465ee728b)
Start importing Packages/com.unity.timeline/Editor/StyleSheets/Extensions/light.uss using Guid(e98085123be873947970c4f10099a39a) Importer(815301076,1909f56bfc062723c751e8b465ee728b)  -> (artifact id: 'f375db644d83972094e23c7a50114780') in 0.021902 seconds 
========================================================================
Received Import Request.
  Time since last request: 0.045412 seconds.
  path: Assets/TextMesh Pro/Examples & Extras/Textures/Mask Zig-n-Zag.psd
  artifactKey: Guid(bb8dfcd263ad4eb383a33d74a720be6f) Importer(815301076,1909f56bfc062723c751e8b465ee728b)
Start importing Assets/TextMesh Pro/Examples & Extras/Textures/Mask Zig-n-Zag.psd using Guid(bb8dfcd263ad4eb383a33d74a720be6f) Importer(815301076,1909f56bfc062723c751e8b465ee728b)  -> (artifact id: '22b19150bf78558a94fb9fd8615991fc') in 0.041614 seconds 
========================================================================
Received Import Request.
  Time since last request: 0.642045 seconds.
  path: Packages/com.unity.collab-proxy/Editor/PlasticSCM/Assets/Styles/PlasticWindow/PlasticWindow.uss
  artifactKey: Guid(8d1a06afc3c8d984da03d49bb949ef54) Importer(815301076,1909f56bfc062723c751e8b465ee728b)
Start importing Packages/com.unity.collab-proxy/Editor/PlasticSCM/Assets/Styles/PlasticWindow/PlasticWindow.uss using Guid(8d1a06afc3c8d984da03d49bb949ef54) Importer(815301076,1909f56bfc062723c751e8b465ee728b)  -> (artifact id: '02eb79212f03900784b68eed2ce1431b') in 0.016128 seconds 
========================================================================
Received Import Request.
  Time since last request: 0.000021 seconds.
  path: Packages/com.unity.collab-proxy/Editor/PlasticSCM/Assets/Styles/PlasticWindow/PlasticWindow.light.uss
  artifactKey: Guid(a2f1c1d1d67a2ff4e9db53ae0475bab1) Importer(815301076,1909f56bfc062723c751e8b465ee728b)
Start importing Packages/com.unity.collab-proxy/Editor/PlasticSCM/Assets/Styles/PlasticWindow/PlasticWindow.light.uss using Guid(a2f1c1d1d67a2ff4e9db53ae0475bab1) Importer(815301076,1909f56bfc062723c751e8b465ee728b)  -> (artifact id: 'ac982a995d9dbeac28089b6a1be36bf1') in 0.013166 seconds 
========================================================================
Received Import Request.
  Time since last request: 0.184626 seconds.
  path: Packages/com.unity.inputsystem/InputSystem/Plugins/PlayerInput/DefaultInputActions.inputactions
  artifactKey: Guid(ca9f5fa95ffab41fb9a615ab714db018) Importer(815301076,1909f56bfc062723c751e8b465ee728b)
Start importing Packages/com.unity.inputsystem/InputSystem/Plugins/PlayerInput/DefaultInputActions.inputactions using Guid(ca9f5fa95ffab41fb9a615ab714db018) Importer(815301076,1909f56bfc062723c751e8b465ee728b)  -> (artifact id: 'ff6a7f63a595fb961564cb440e4ed114') in 0.015412 seconds 
========================================================================
Received Import Request.
  Time since last request: 5.572814 seconds.
  path: Packages/com.unity.2d.path/Editor/Handles/Path/pointHovered.png
  artifactKey: Guid(eaa90b7bb801a1144b58c4926d95ad6a) Importer(815301076,1909f56bfc062723c751e8b465ee728b)
Start importing Packages/com.unity.2d.path/Editor/Handles/Path/pointHovered.png using Guid(eaa90b7bb801a1144b58c4926d95ad6a) Importer(815301076,1909f56bfc062723c751e8b465ee728b)  -> (artifact id: 'ddce740568c151c9e535bfb9650c2b79') in 0.021520 seconds 
========================================================================
Received Import Request.
  Time since last request: 0.000039 seconds.
  path: Packages/com.unity.2d.path/Editor/Handles/Path/pointPreview.png
  artifactKey: Guid(1d3a30b709ec7b94ab8997b21eae5849) Importer(815301076,1909f56bfc062723c751e8b465ee728b)
Start importing Packages/com.unity.2d.path/Editor/Handles/Path/pointPreview.png using Guid(1d3a30b709ec7b94ab8997b21eae5849) Importer(815301076,1909f56bfc062723c751e8b465ee728b)  -> (artifact id: 'af7ea4b11e55961eba91e6a72f0d9cc3') in 0.017414 seconds 
========================================================================
Received Import Request.
  Time since last request: 0.761472 seconds.
  path: Packages/com.unity.2d.animation/Editor/Assets/SkinningModule/PoseToolbarStyle.uss
  artifactKey: Guid(a39e33a7bab4436585a7d4bdeaa84efc) Importer(815301076,1909f56bfc062723c751e8b465ee728b)
Start importing Packages/com.unity.2d.animation/Editor/Assets/SkinningModule/PoseToolbarStyle.uss using Guid(a39e33a7bab4436585a7d4bdeaa84efc) Importer(815301076,1909f56bfc062723c751e8b465ee728b)  -> (artifact id: 'e0c887250ae7a39e7e073931953c7643') in 0.079398 seconds 
========================================================================
Received Import Request.
  Time since last request: 0.344779 seconds.
  path: Packages/com.unity.inputsystem/InputSystem/Editor/Icons/Position@2x.png
  artifactKey: Guid(a3fa73829479e4b41965e749fcca7c12) Importer(815301076,1909f56bfc062723c751e8b465ee728b)
Start importing Packages/com.unity.inputsystem/InputSystem/Editor/Icons/Position@2x.png using Guid(a3fa73829479e4b41965e749fcca7c12) Importer(815301076,1909f56bfc062723c751e8b465ee728b)  -> (artifact id: '4c1edf62fc90bc8ca49ee79d73834302') in 0.015789 seconds 
========================================================================
Received Import Request.
  Time since last request: 0.000021 seconds.
  path: Packages/com.unity.inputsystem/InputSystem/Editor/Icons/Position@4x.png
  artifactKey: Guid(c998b283038914e699477f514ecb31ac) Importer(815301076,1909f56bfc062723c751e8b465ee728b)
Start importing Packages/com.unity.inputsystem/InputSystem/Editor/Icons/Position@4x.png using Guid(c998b283038914e699477f514ecb31ac) Importer(815301076,1909f56bfc062723c751e8b465ee728b)  -> (artifact id: '53f77a2676cc0eacbabd08b78bd5f3fa') in 0.012214 seconds 
========================================================================
Received Import Request.
  Time since last request: 1.560748 seconds.
  path: Packages/com.unity.collab-proxy/Editor/PlasticSCM/Assets/Styles/ProgressControlsForDialogs.uss
  artifactKey: Guid(e05b9be8556f5ae41aa78140b83146d5) Importer(815301076,1909f56bfc062723c751e8b465ee728b)
Start importing Packages/com.unity.collab-proxy/Editor/PlasticSCM/Assets/Styles/ProgressControlsForDialogs.uss using Guid(e05b9be8556f5ae41aa78140b83146d5) Importer(815301076,1909f56bfc062723c751e8b465ee728b)  -> (artifact id: 'feaff359719a32bdef6c0a0ff97fa6f1') in 0.009106 seconds 
========================================================================
Received Import Request.
  Time since last request: 1.166087 seconds.
  path: Packages/com.unity.inputsystem/InputSystem/Editor/AssetEditor/Resources/pro/propertiesBackground.png
  artifactKey: Guid(b02e3f0c0798a4f1789a89a7697660be) Importer(815301076,1909f56bfc062723c751e8b465ee728b)
Start importing Packages/com.unity.inputsystem/InputSystem/Editor/AssetEditor/Resources/pro/propertiesBackground.png using Guid(b02e3f0c0798a4f1789a89a7697660be) Importer(815301076,1909f56bfc062723c751e8b465ee728b)  -> (artifact id: 'e0fa45313b5f57243b8bd5bccfe9fd72') in 0.012304 seconds 
========================================================================
Received Import Request.
  Time since last request: 0.393440 seconds.
  path: Packages/com.unity.inputsystem/InputSystem/Editor/AssetEditor/Resources/personal/propertiesBackground.png
  artifactKey: Guid(aa4c2360f910d46f497f75b4b6677358) Importer(815301076,1909f56bfc062723c751e8b465ee728b)
Start importing Packages/com.unity.inputsystem/InputSystem/Editor/AssetEditor/Resources/personal/propertiesBackground.png using Guid(aa4c2360f910d46f497f75b4b6677358) Importer(815301076,1909f56bfc062723c751e8b465ee728b)  -> (artifact id: 'b719b06ba0f3dee644e3c956ec7a4e8f') in 0.010125 seconds 
========================================================================
Received Import Request.
  Time since last request: 1.143312 seconds.
  path: Packages/com.unity.2d.psdimporter/Editor/PSDPlugin/PsdPlugin.asmdef
  artifactKey: Guid(73a61a380edacb34795f31a3ec21c2ef) Importer(815301076,1909f56bfc062723c751e8b465ee728b)
Start importing Packages/com.unity.2d.psdimporter/Editor/PSDPlugin/PsdPlugin.asmdef using Guid(73a61a380edacb34795f31a3ec21c2ef) Importer(815301076,1909f56bfc062723c751e8b465ee728b)  -> (artifact id: '1ad52f2475b08eddfdaea4ccea723b47') in 0.007202 seconds 
========================================================================
Received Import Request.
  Time since last request: 1.980157 seconds.
  path: Assets/Buttons Pixel Animation Pack/restart/343px/restart05.png
  artifactKey: Guid(cd3810526b6b22b41b437b56c57c6fff) Importer(815301076,1909f56bfc062723c751e8b465ee728b)
Start importing Assets/Buttons Pixel Animation Pack/restart/343px/restart05.png using Guid(cd3810526b6b22b41b437b56c57c6fff) Importer(815301076,1909f56bfc062723c751e8b465ee728b)  -> (artifact id: 'eb7d3a994ef6bb0407de20bc105457c6') in 0.048778 seconds 
========================================================================
Received Import Request.
  Time since last request: 0.133020 seconds.
  path: Assets/TextMesh Pro/Examples & Extras/Resources/Fonts & Materials/Roboto-Bold SDF.asset
  artifactKey: Guid(5302535af1044152a457ed104f1f4b91) Importer(815301076,1909f56bfc062723c751e8b465ee728b)
Start importing Assets/TextMesh Pro/Examples & Extras/Resources/Fonts & Materials/Roboto-Bold SDF.asset using Guid(5302535af1044152a457ed104f1f4b91) Importer(815301076,1909f56bfc062723c751e8b465ee728b)  -> (artifact id: '593eebfa69942ac97ec9ecdbe1ac6ff6') in 0.044048 seconds 
========================================================================
Received Import Request.
  Time since last request: 0.000022 seconds.
  path: Assets/sprites/objects/rock_in_water_02.png
  artifactKey: Guid(ec43e1b7ca137494cbf4c4c908f179db) Importer(815301076,1909f56bfc062723c751e8b465ee728b)
Start importing Assets/sprites/objects/rock_in_water_02.png using Guid(ec43e1b7ca137494cbf4c4c908f179db) Importer(815301076,1909f56bfc062723c751e8b465ee728b)  -> (artifact id: 'f1efb8cfbf86712ae739fb3ea0456081') in 0.025529 seconds 
========================================================================
Received Import Request.
  Time since last request: 0.000025 seconds.
  path: Assets/sprites/objects/rock_in_water_05.png
  artifactKey: Guid(ad46112a3e171e748a33f805af48eb93) Importer(815301076,1909f56bfc062723c751e8b465ee728b)
Start importing Assets/sprites/objects/rock_in_water_05.png using Guid(ad46112a3e171e748a33f805af48eb93) Importer(815301076,1909f56bfc062723c751e8b465ee728b)  -> (artifact id: '3c7f2616ae73fe162d3a210f9c7d1b2a') in 0.030042 seconds 
========================================================================
Received Import Request.
  Time since last request: 0.000027 seconds.
  path: Assets/sprites/objects/rock_in_water_01-sheet.png
  artifactKey: Guid(a9238839b8583894087f95936ccb42e5) Importer(815301076,1909f56bfc062723c751e8b465ee728b)
Start importing Assets/sprites/objects/rock_in_water_01-sheet.png using Guid(a9238839b8583894087f95936ccb42e5) Importer(815301076,1909f56bfc062723c751e8b465ee728b)  -> (artifact id: '58b50e8063db74aca4e80a06a36675b6') in 0.027596 seconds 
========================================================================
Received Import Request.
  Time since last request: 0.000028 seconds.
  path: Assets/sprites/objects/rock_in_water_04.png
  artifactKey: Guid(6e334f0f265d8c14db33d4ac55a42b54) Importer(815301076,1909f56bfc062723c751e8b465ee728b)
Start importing Assets/sprites/objects/rock_in_water_04.png using Guid(6e334f0f265d8c14db33d4ac55a42b54) Importer(815301076,1909f56bfc062723c751e8b465ee728b)  -> (artifact id: '0ce3bb9ea343d2c94dcf75ceaea52549') in 0.026532 seconds 
========================================================================
Received Import Request.
  Time since last request: 0.000034 seconds.
  path: Assets/TextMesh Pro/Examples & Extras/Resources/Fonts & Materials/Roboto-Bold SDF - Surface.mat
  artifactKey: Guid(e6b276ec991f467aa14ef1f3cc665993) Importer(815301076,1909f56bfc062723c751e8b465ee728b)
Start importing Assets/TextMesh Pro/Examples & Extras/Resources/Fonts & Materials/Roboto-Bold SDF - Surface.mat using Guid(e6b276ec991f467aa14ef1f3cc665993) Importer(815301076,1909f56bfc062723c751e8b465ee728b)  -> (artifact id: '8f07bf19f146c2250eb03ae33187eeb1') in 0.050649 seconds 
========================================================================
Received Import Request.
  Time since last request: 1.754065 seconds.
  path: Assets/sprites/objects/rock_in_water_06.png
  artifactKey: Guid(3568f29bc4ee2054380c7e3069af9365) Importer(815301076,1909f56bfc062723c751e8b465ee728b)
Start importing Assets/sprites/objects/rock_in_water_06.png using Guid(3568f29bc4ee2054380c7e3069af9365) Importer(815301076,1909f56bfc062723c751e8b465ee728b)  -> (artifact id: '8d7f3cf9cc90762ae8b43154a8e3ca1e') in 0.022334 seconds 
========================================================================
Received Import Request.
  Time since last request: 2.744775 seconds.
  path: Assets/Buttons Pixel Animation Pack/screenshot/343px/screenshot01.png
  artifactKey: Guid(568e5dccab425dd46ae3d5df7870fe17) Importer(815301076,1909f56bfc062723c751e8b465ee728b)
Start importing Assets/Buttons Pixel Animation Pack/screenshot/343px/screenshot01.png using Guid(568e5dccab425dd46ae3d5df7870fe17) Importer(815301076,1909f56bfc062723c751e8b465ee728b)  -> (artifact id: '8719d2bc871bcb01501f6d1c09ed1cff') in 0.037715 seconds 
========================================================================
Received Import Request.
  Time since last request: 0.000021 seconds.
  path: Assets/Buttons Pixel Animation Pack/screenshot/343px/screenshot02.png
  artifactKey: Guid(a2b5b069b47a29a42a17213e390d4043) Importer(815301076,1909f56bfc062723c751e8b465ee728b)
Start importing Assets/Buttons Pixel Animation Pack/screenshot/343px/screenshot02.png using Guid(a2b5b069b47a29a42a17213e390d4043) Importer(815301076,1909f56bfc062723c751e8b465ee728b)  -> (artifact id: 'ea53f282898cd25122e40b68237ee88e') in 0.041305 seconds 
========================================================================
Received Import Request.
  Time since last request: 14.191881 seconds.
  path: Assets/Buttons Pixel Animation Pack/screenshot/72px/screenshot03.png
  artifactKey: Guid(46b88878a40b411408a10263bcfcc906) Importer(815301076,1909f56bfc062723c751e8b465ee728b)
Start importing Assets/Buttons Pixel Animation Pack/screenshot/72px/screenshot03.png using Guid(46b88878a40b411408a10263bcfcc906) Importer(815301076,1909f56bfc062723c751e8b465ee728b)  -> (artifact id: '69d1b207cdbf17d00b3a35222b6af48d') in 0.029228 seconds 
Editor requested this worker to shutdown with reason: Scaling down because of idle timeout
AssetImportWorker is now disconnected from the server
Process exiting
Exiting without the bug reporter. Application will terminate with return code 0