Using pre-set license
Built from '2021.3/staging' branch; Version is '2021.3.21f1 (1b156197d683) revision 1774945'; Using compiler version '192829333'; Build Type 'Release'
OS: 'Windows 11  (10.0.22621) 64bit Core' Language: 'es' Physical Memory: 32528 MB
BatchMode: 1, IsHumanControllingUs: 0, StartBugReporterOnCrash: 0, Is64bit: 1, IsPro: 1

COMMAND LINE ARGUMENTS:
C:\Program Files\Unity\Hub\Editor\2021.3.21f1\Editor\Unity.exe
-adb2
-batchMode
-noUpm
-name
AssetImportWorker7
-projectPath
C:/Users/joelm/OneDrive/Documentos/GitHub/inverted_pacman/Client_Unity
-logFile
Logs/AssetImportWorker7.log
-srvPort
50074
Successfully changed project path to: C:/Users/joelm/OneDrive/Documentos/GitHub/inverted_pacman/Client_Unity
C:/Users/joelm/OneDrive/Documentos/GitHub/inverted_pacman/Client_Unity
[UnityMemory] Configuration Parameters - Can be set up in boot.config
    "memorysetup-bucket-allocator-granularity=16"
    "memorysetup-bucket-allocator-bucket-count=8"
    "memorysetup-bucket-allocator-block-size=33554432"
    "memorysetup-bucket-allocator-block-count=8"
    "memorysetup-main-allocator-block-size=16777216"
    "memorysetup-thread-allocator-block-size=16777216"
    "memorysetup-gfx-main-allocator-block-size=16777216"
    "memorysetup-gfx-thread-allocator-block-size=16777216"
    "memorysetup-cache-allocator-block-size=4194304"
    "memorysetup-typetree-allocator-block-size=2097152"
    "memorysetup-profiler-bucket-allocator-granularity=16"
    "memorysetup-profiler-bucket-allocator-bucket-count=8"
    "memorysetup-profiler-bucket-allocator-block-size=33554432"
    "memorysetup-profiler-bucket-allocator-block-count=8"
    "memorysetup-profiler-allocator-block-size=16777216"
    "memorysetup-profiler-editor-allocator-block-size=1048576"
    "memorysetup-temp-allocator-size-main=16777216"
    "memorysetup-job-temp-allocator-block-size=2097152"
    "memorysetup-job-temp-allocator-block-size-background=1048576"
    "memorysetup-job-temp-allocator-reduction-small-platforms=262144"
    "memorysetup-temp-allocator-size-background-worker=32768"
    "memorysetup-temp-allocator-size-job-worker=262144"
    "memorysetup-temp-allocator-size-preload-manager=33554432"
    "memorysetup-temp-allocator-size-nav-mesh-worker=65536"
    "memorysetup-temp-allocator-size-audio-worker=65536"
    "memorysetup-temp-allocator-size-cloud-worker=32768"
    "memorysetup-temp-allocator-size-gi-baking-worker=262144"
    "memorysetup-temp-allocator-size-gfx=262144"
Player connection [3132] Host "[IP] 192.168.56.1 [Port] 0 [Flags] 2 [Guid] 3686315302 [EditorId] 3686315302 [Version] 1048832 [Id] WindowsEditor(7,MSI) [Debug] 1 [PackageName] WindowsEditor [ProjectName] Editor" joined multi-casting on [225.0.0.222:54997]...

Player connection [3132] Host "[IP] 192.168.56.1 [Port] 0 [Flags] 2 [Guid] 3686315302 [EditorId] 3686315302 [Version] 1048832 [Id] WindowsEditor(7,MSI) [Debug] 1 [PackageName] WindowsEditor [ProjectName] Editor" joined alternative multi-casting on [225.0.0.222:34997]...

Refreshing native plugins compatible for Editor in 135.91 ms, found 4 plugins.
Preloading 0 native plugins for Editor in 0.00 ms.
Initialize engine version: 2021.3.21f1 (1b156197d683)
[Subsystems] Discovering subsystems at path C:/Program Files/Unity/Hub/Editor/2021.3.21f1/Editor/Data/Resources/UnitySubsystems
[Subsystems] Discovering subsystems at path C:/Users/joelm/OneDrive/Documentos/GitHub/inverted_pacman/Client_Unity/Assets
GfxDevice: creating device client; threaded=0; jobified=0
Direct3D:
    Version:  Direct3D 11.0 [level 11.1]
    Renderer: NVIDIA GeForce RTX 3070 Laptop GPU (ID=0x249d)
    Vendor:   NVIDIA
    VRAM:     8044 MB
    Driver:   30.0.14.9717
Initialize mono
Mono path[0] = 'C:/Program Files/Unity/Hub/Editor/2021.3.21f1/Editor/Data/Managed'
Mono path[1] = 'C:/Program Files/Unity/Hub/Editor/2021.3.21f1/Editor/Data/MonoBleedingEdge/lib/mono/unityjit-win32'
Mono config path = 'C:/Program Files/Unity/Hub/Editor/2021.3.21f1/Editor/Data/MonoBleedingEdge/etc'
Using monoOptions --debugger-agent=transport=dt_socket,embedding=1,server=y,suspend=n,address=127.0.0.1:56156
Begin MonoManager ReloadAssembly
Registering precompiled unity dll's ...
Register platform support module: C:/Program Files/Unity/Hub/Editor/2021.3.21f1/Editor/Data/PlaybackEngines/WindowsStandaloneSupport/UnityEditor.WindowsStandalone.Extensions.dll
Register platform support module: C:/Program Files/Unity/Hub/Editor/2021.3.21f1/Editor/Data/PlaybackEngines/LinuxStandaloneSupport/UnityEditor.LinuxStandalone.Extensions.dll
Registered in 0.007336 seconds.
Native extension for LinuxStandalone target not found
Native extension for WindowsStandalone target not found
Refreshing native plugins compatible for Editor in 145.01 ms, found 4 plugins.
Preloading 0 native plugins for Editor in 0.00 ms.
Mono: successfully reloaded assembly
- Completed reload, in  0.865 seconds
Domain Reload Profiling:
	ReloadAssembly (866ms)
		BeginReloadAssembly (98ms)
			ExecutionOrderSort (0ms)
			DisableScriptedObjects (0ms)
			BackupInstance (0ms)
			ReleaseScriptingObjects (0ms)
			CreateAndSetChildDomain (1ms)
		EndReloadAssembly (643ms)
			LoadAssemblies (95ms)
			RebuildTransferFunctionScriptingTraits (0ms)
			SetupTypeCache (132ms)
			ReleaseScriptCaches (0ms)
			RebuildScriptCaches (33ms)
			SetupLoadedEditorAssemblies (417ms)
				LogAssemblyErrors (0ms)
				InitializePlatformSupportModulesInManaged (13ms)
				SetLoadedEditorAssemblies (0ms)
				RefreshPlugins (145ms)
				BeforeProcessingInitializeOnLoad (2ms)
				ProcessInitializeOnLoadAttributes (192ms)
				ProcessInitializeOnLoadMethodAttributes (65ms)
				AfterProcessingInitializeOnLoad (0ms)
				EditorAssembliesLoaded (0ms)
			ExecutionOrderSort2 (0ms)
			AwakeInstancesAfterBackupRestoration (0ms)
Platform modules already initialized, skipping
Registering precompiled user dll's ...
Registered in 0.010030 seconds.
Begin MonoManager ReloadAssembly
Symbol file LoadedFromMemory doesn't match image C:\Users\joelm\OneDrive\Documentos\GitHub\inverted_pacman\Client_Unity\Library\PackageCache\com.unity.visualscripting@1.8.0\Editor\VisualScripting.Core\Dependencies\YamlDotNet\Unity.VisualScripting.YamlDotNet.dll
Symbol file LoadedFromMemory doesn't match image C:\Users\joelm\OneDrive\Documentos\GitHub\inverted_pacman\Client_Unity\Library\PackageCache\com.unity.visualscripting@1.8.0\Editor\VisualScripting.Core\Dependencies\DotNetZip\Unity.VisualScripting.IonicZip.dll
Native extension for LinuxStandalone target not found
Native extension for WindowsStandalone target not found
Refreshing native plugins compatible for Editor in 125.49 ms, found 4 plugins.
Preloading 0 native plugins for Editor in 0.00 ms.
Mono: successfully reloaded assembly
- Completed reload, in  2.897 seconds
Domain Reload Profiling:
	ReloadAssembly (2898ms)
		BeginReloadAssembly (140ms)
			ExecutionOrderSort (0ms)
			DisableScriptedObjects (8ms)
			BackupInstance (0ms)
			ReleaseScriptingObjects (0ms)
			CreateAndSetChildDomain (21ms)
		EndReloadAssembly (2616ms)
			LoadAssemblies (999ms)
			RebuildTransferFunctionScriptingTraits (0ms)
			SetupTypeCache (755ms)
			ReleaseScriptCaches (1ms)
			RebuildScriptCaches (69ms)
			SetupLoadedEditorAssemblies (741ms)
				LogAssemblyErrors (0ms)
				InitializePlatformSupportModulesInManaged (8ms)
				SetLoadedEditorAssemblies (0ms)
				RefreshPlugins (126ms)
				BeforeProcessingInitializeOnLoad (119ms)
				ProcessInitializeOnLoadAttributes (440ms)
				ProcessInitializeOnLoadMethodAttributes (40ms)
				AfterProcessingInitializeOnLoad (8ms)
				EditorAssembliesLoaded (0ms)
			ExecutionOrderSort2 (0ms)
			AwakeInstancesAfterBackupRestoration (8ms)
Platform modules already initialized, skipping
========================================================================
Worker process is ready to serve import requests
Launched and connected shader compiler UnityShaderCompiler.exe after 0.05 seconds
Refreshing native plugins compatible for Editor in 1.33 ms, found 4 plugins.
Preloading 0 native plugins for Editor in 0.00 ms.
Unloading 4143 Unused Serialized files (Serialized files now loaded: 0)
Unloading 44 unused Assets / (228.9 KB). Loaded Objects now: 4600.
Memory consumption went from 160.4 MB to 160.1 MB.
Total: 4.185000 ms (FindLiveObjects: 0.385700 ms CreateObjectMapping: 0.376600 ms MarkObjects: 3.224800 ms  DeleteObjects: 0.197100 ms)

AssetImportParameters requested are different than current active one (requested -> active):
  custom:video-decoder-ogg-theora: a1e56fd34408186e4bbccfd4996cb3dc -> 
  custom:container-muxer-webm: aa71ff27fc2769a1b78a27578f13a17b -> 
  custom:container-demuxer-webm: 4f35f7cbe854078d1ac9338744f61a02 -> 
  custom:video-encoder-webm-vp8: eb34c28f22e8b96e1ab97ce403110664 -> 
  custom:audio-encoder-webm-vorbis: bf7c407c2cedff20999df2af8eb42d56 -> 
  custom:framework-win-MediaFoundation: 216162199b28c13a410421893ffa2e32 -> 
  custom:container-demuxer-ogg: 62fdf1f143b41e24485cea50d1cbac27 -> 
  custom:video-decoder-webm-vp8: 9c59270c3fd7afecdb556c50c9e8de78 -> 
  custom:audio-decoder-ogg-vorbis: bf7c407c2cedff20999df2af8eb42d56 -> 
========================================================================
Received Import Request.
  Time since last request: 691.807356 seconds.
  path: Assets/SpritesPacmanIndividual/Sprites/Wall_18.png
  artifactKey: Guid(53978c6de61208b4f9d41556ed2089f6) Importer(815301076,1909f56bfc062723c751e8b465ee728b)
Start importing Assets/SpritesPacmanIndividual/Sprites/Wall_18.png using Guid(53978c6de61208b4f9d41556ed2089f6) Importer(815301076,1909f56bfc062723c751e8b465ee728b)  -> (artifact id: '826a4ae2ff82cd5e0087cc3e1d4e0d78') in 0.180051 seconds 
========================================================================
Received Import Request.
  Time since last request: 0.000023 seconds.
  path: Assets/SpritesPacmanIndividual/Sprites/Wall_24.png
  artifactKey: Guid(3ba0ad1f842285948b092fe1a77f1370) Importer(815301076,1909f56bfc062723c751e8b465ee728b)
Start importing Assets/SpritesPacmanIndividual/Sprites/Wall_24.png using Guid(3ba0ad1f842285948b092fe1a77f1370) Importer(815301076,1909f56bfc062723c751e8b465ee728b)  -> (artifact id: '3bd43568a4dbe49f2332cc21adf9e3cb') in 0.023739 seconds 
========================================================================
Received Import Request.
  Time since last request: 0.000036 seconds.
  path: Assets/SpritesPacmanIndividual/Sprites/Wall_06.png
  artifactKey: Guid(2cf5def0f3636524eac3f7ccdbe38837) Importer(815301076,1909f56bfc062723c751e8b465ee728b)
Start importing Assets/SpritesPacmanIndividual/Sprites/Wall_06.png using Guid(2cf5def0f3636524eac3f7ccdbe38837) Importer(815301076,1909f56bfc062723c751e8b465ee728b)  -> (artifact id: 'dd6dd28e92bc4b45ac7dd7078630625a') in 0.055856 seconds 
========================================================================
Received Import Request.
  Time since last request: 0.000040 seconds.
  path: Assets/SpritesPacmanIndividual/Sprites/Fruit_Bell.png
  artifactKey: Guid(9db59b1f7c3f18a488bb7006c8f7d63a) Importer(815301076,1909f56bfc062723c751e8b465ee728b)
Start importing Assets/SpritesPacmanIndividual/Sprites/Fruit_Bell.png using Guid(9db59b1f7c3f18a488bb7006c8f7d63a) Importer(815301076,1909f56bfc062723c751e8b465ee728b)  -> (artifact id: '462ac7f34e405fb33f623426f95b9930') in 0.020179 seconds 
========================================================================
Received Import Request.
  Time since last request: 0.000031 seconds.
  path: Assets/SpritesPacmanIndividual/Sprites/Wall_00.png
  artifactKey: Guid(e52ee8a5840dcaf4499f536c1580873c) Importer(815301076,1909f56bfc062723c751e8b465ee728b)
Start importing Assets/SpritesPacmanIndividual/Sprites/Wall_00.png using Guid(e52ee8a5840dcaf4499f536c1580873c) Importer(815301076,1909f56bfc062723c751e8b465ee728b)  -> (artifact id: '94e7ee36e8e8df0b242254db3dfc45af') in 0.018837 seconds 
========================================================================
Received Import Request.
  Time since last request: 0.000038 seconds.
  path: Assets/SpritesPacmanIndividual/Sprites/Pacman_Death_09.png
  artifactKey: Guid(d4f6bec92b04f35459999a9696d2a1da) Importer(815301076,1909f56bfc062723c751e8b465ee728b)
Start importing Assets/SpritesPacmanIndividual/Sprites/Pacman_Death_09.png using Guid(d4f6bec92b04f35459999a9696d2a1da) Importer(815301076,1909f56bfc062723c751e8b465ee728b)  -> (artifact id: 'ea99418a0b182f3dfbbb2e1aa59b43b5') in 0.018940 seconds 
========================================================================
Received Import Request.
  Time since last request: 0.000022 seconds.
  path: Assets/SpritesPacmanIndividual/Sprites/Pacman_01.png
  artifactKey: Guid(e3b83262a412c74408dba5cbe89f43f5) Importer(815301076,1909f56bfc062723c751e8b465ee728b)
Start importing Assets/SpritesPacmanIndividual/Sprites/Pacman_01.png using Guid(e3b83262a412c74408dba5cbe89f43f5) Importer(815301076,1909f56bfc062723c751e8b465ee728b)  -> (artifact id: 'b62a2a075c53ad9ff06d8ae5df62462c') in 0.020517 seconds 
========================================================================
Received Import Request.
  Time since last request: 0.000021 seconds.
  path: Assets/SpritesPacmanIndividual/Sprites/Wall_09.png
  artifactKey: Guid(ea70de09204aca148be4cc456714f7ef) Importer(815301076,1909f56bfc062723c751e8b465ee728b)
Start importing Assets/SpritesPacmanIndividual/Sprites/Wall_09.png using Guid(ea70de09204aca148be4cc456714f7ef) Importer(815301076,1909f56bfc062723c751e8b465ee728b)  -> (artifact id: '32533fc6829b9fda030528af2498f040') in 0.019203 seconds 
========================================================================
Received Import Request.
  Time since last request: 0.000042 seconds.
  path: Assets/SpritesPacmanIndividual/Sprites/Wall_25.png
  artifactKey: Guid(390315a1a73bd8842aa4f2e05efe647a) Importer(815301076,1909f56bfc062723c751e8b465ee728b)
Start importing Assets/SpritesPacmanIndividual/Sprites/Wall_25.png using Guid(390315a1a73bd8842aa4f2e05efe647a) Importer(815301076,1909f56bfc062723c751e8b465ee728b)  -> (artifact id: '5ab2e550ae5f0ed98b8ae36530b45391') in 0.020280 seconds 
========================================================================
Received Import Request.
  Time since last request: 0.000030 seconds.
  path: Assets/SpritesPacmanIndividual/Sprites/Node.png
  artifactKey: Guid(73ec44e4741057941bfbfd484bd0ff60) Importer(815301076,1909f56bfc062723c751e8b465ee728b)
Start importing Assets/SpritesPacmanIndividual/Sprites/Node.png using Guid(73ec44e4741057941bfbfd484bd0ff60) Importer(815301076,1909f56bfc062723c751e8b465ee728b)  -> (artifact id: '292a5028028d923643cfc25f6c7d98d5') in 0.022703 seconds 
========================================================================
Received Import Request.
  Time since last request: 0.000032 seconds.
  path: Assets/SpritesPacmanIndividual/Sprites/Wall_34.png
  artifactKey: Guid(336cb5f821d09e94ca211f1a42e47428) Importer(815301076,1909f56bfc062723c751e8b465ee728b)
Start importing Assets/SpritesPacmanIndividual/Sprites/Wall_34.png using Guid(336cb5f821d09e94ca211f1a42e47428) Importer(815301076,1909f56bfc062723c751e8b465ee728b)  -> (artifact id: '2f908ee2721eecda5b3b3b3aef4a0d86') in 0.019678 seconds 
========================================================================
Received Import Request.
  Time since last request: 0.000037 seconds.
  path: Assets/SpritesPacmanIndividual/Sprites/Wall_16.png
  artifactKey: Guid(369fed99b29f81d4d926569de4472465) Importer(815301076,1909f56bfc062723c751e8b465ee728b)
Start importing Assets/SpritesPacmanIndividual/Sprites/Wall_16.png using Guid(369fed99b29f81d4d926569de4472465) Importer(815301076,1909f56bfc062723c751e8b465ee728b)  -> (artifact id: 'e01f8045bed4a4babaee8e0c111d282c') in 0.018583 seconds 
========================================================================
Received Import Request.
  Time since last request: 0.000021 seconds.
  path: Assets/SpritesPacmanIndividual/Sprites/Wall_05.png
  artifactKey: Guid(c5111370543b9c74bacb41934c46f6c7) Importer(815301076,1909f56bfc062723c751e8b465ee728b)
Start importing Assets/SpritesPacmanIndividual/Sprites/Wall_05.png using Guid(c5111370543b9c74bacb41934c46f6c7) Importer(815301076,1909f56bfc062723c751e8b465ee728b)  -> (artifact id: '98afb4f09229516dae4036fb2f0c3f89') in 0.019377 seconds 
========================================================================
Received Import Request.
  Time since last request: 0.000025 seconds.
  path: Assets/SpritesPacmanIndividual/Sprites/Wall_15.png
  artifactKey: Guid(b3fc314fd1a7e2c4f9bff97a1f89a607) Importer(815301076,1909f56bfc062723c751e8b465ee728b)
Start importing Assets/SpritesPacmanIndividual/Sprites/Wall_15.png using Guid(b3fc314fd1a7e2c4f9bff97a1f89a607) Importer(815301076,1909f56bfc062723c751e8b465ee728b)  -> (artifact id: '513f316e27cbe6332006228131bf8ff1') in 0.017912 seconds 
========================================================================
Received Import Request.
  Time since last request: 0.000059 seconds.
  path: Assets/SpritesPacmanIndividual/Sprites/Wall_07.png
  artifactKey: Guid(22b85c5a1b35f6344bea572b841882b1) Importer(815301076,1909f56bfc062723c751e8b465ee728b)
Start importing Assets/SpritesPacmanIndividual/Sprites/Wall_07.png using Guid(22b85c5a1b35f6344bea572b841882b1) Importer(815301076,1909f56bfc062723c751e8b465ee728b)  -> (artifact id: '28ffbd3fc6c641a109ee9be5310534b3') in 0.019551 seconds 
========================================================================
Received Import Request.
  Time since last request: 0.000030 seconds.
  path: Assets/SpritesPacmanIndividual/Sprites/Wall_01.png
  artifactKey: Guid(10fbf9dc56da36c45a97cdf11ee1ff64) Importer(815301076,1909f56bfc062723c751e8b465ee728b)
Start importing Assets/SpritesPacmanIndividual/Sprites/Wall_01.png using Guid(10fbf9dc56da36c45a97cdf11ee1ff64) Importer(815301076,1909f56bfc062723c751e8b465ee728b)  -> (artifact id: 'c46e48c6ee7c0730da81802f92a5a7b1') in 0.019829 seconds 
========================================================================
Received Import Request.
  Time since last request: 0.000028 seconds.
  path: Assets/SpritesPacmanIndividual/Sprites/Ghost_Eyes_Up.png
  artifactKey: Guid(7391304e6dcdc594484288107bfd217f) Importer(815301076,1909f56bfc062723c751e8b465ee728b)
Start importing Assets/SpritesPacmanIndividual/Sprites/Ghost_Eyes_Up.png using Guid(7391304e6dcdc594484288107bfd217f) Importer(815301076,1909f56bfc062723c751e8b465ee728b)  -> (artifact id: 'c94fa7502c360c342c468fc21986b429') in 0.018902 seconds 
========================================================================
Received Import Request.
  Time since last request: 0.000022 seconds.
  path: Assets/SpritesPacmanIndividual/Sprites/Pacman_03.png
  artifactKey: Guid(f8f2ab5881c3e9949bf4ffe9525a0fb7) Importer(815301076,1909f56bfc062723c751e8b465ee728b)
Start importing Assets/SpritesPacmanIndividual/Sprites/Pacman_03.png using Guid(f8f2ab5881c3e9949bf4ffe9525a0fb7) Importer(815301076,1909f56bfc062723c751e8b465ee728b)  -> (artifact id: '3d865c83caabf5a9ed2657807c9da948') in 0.019294 seconds 
========================================================================
Received Import Request.
  Time since last request: 0.000031 seconds.
  path: Assets/SpritesPacmanIndividual/Sprites/Pellet_Medium.png
  artifactKey: Guid(f3ad6a179f966804cad0514a2acbf0b0) Importer(815301076,1909f56bfc062723c751e8b465ee728b)
Start importing Assets/SpritesPacmanIndividual/Sprites/Pellet_Medium.png using Guid(f3ad6a179f966804cad0514a2acbf0b0) Importer(815301076,1909f56bfc062723c751e8b465ee728b)  -> (artifact id: 'f58383a4aa2ce01f0938009b951b1ac2') in 0.017299 seconds 
Editor requested this worker to shutdown with reason: Scaling down because of idle timeout
AssetImportWorker is now disconnected from the server
Process exiting
Exiting without the bug reporter. Application will terminate with return code 0